<?xml version="1.0" encoding="UTF-8"?>
<testsuites name="Manage Slider" time="1009.15" tests="11" failures="7" errors="0">
   <testsuite name="Manage Slider" tests="11" failures="7" errors="0" time="1009.15" timestamp="2020-06-04 11:17:01" hostname="ASUS - LAPTOP-D0TPACJ1" id="Test Suites/Christi/Manage Slider">
      <properties>
[...]
</properties>
      <testcase name="Test Cases/Christi/Admin/Manage Slider - Edit" time="98.912" classname="Test Cases/Christi/Admin/Manage Slider - Edit" status="FAILED">
         <failure type="FAILED" message="Test Cases/Christi/Admin/Manage Slider - Edit FAILED.
Reason:
com.kms.katalon.core.exception.StepFailedException: Unable to verify if object 'Object Repository/Christi/Page_Manage Sliders/input_Slider name (edit)' has attribute 'text' with value 'Brand New Slider'
	at com.kms.katalon.core.webui.keyword.internal.WebUIKeywordMain.stepFailed(WebUIKeywordMain.groovy:64)
	at com.kms.katalon.core.webui.keyword.internal.WebUIKeywordMain.runKeyword(WebUIKeywordMain.groovy:26)
	at com.kms.katalon.core.webui.keyword.builtin.VerifyElementAttributeValueKeyword.verifyElementAttributeValue(VerifyElementAttributeValueKeyword.groovy:109)
	at com.kms.katalon.core.webui.keyword.builtin.VerifyElementAttributeValueKeyword.execute(VerifyElementAttributeValueKeyword.groovy:70)
	at com.kms.katalon.core.keyword.internal.KeywordExecutor.executeKeywordForPlatform(KeywordExecutor.groovy:60)
	at com.kms.katalon.core.webui.keyword.WebUiBuiltInKeywords.verifyElementAttributeValue(WebUiBuiltInKeywords.groovy:3252)
	at com.kms.katalon.core.webui.keyword.WebUiBuiltInKeywords$verifyElementAttributeValue$5.call(Unknown Source)
	at Manage Slider - Edit.run(Manage Slider - Edit:169)
	at com.kms.katalon.core.main.ScriptEngine.run(ScriptEngine.java:194)
	at com.kms.katalon.core.main.ScriptEngine.runScriptAsRawText(ScriptEngine.java:119)
	at com.kms.katalon.core.main.TestCaseExecutor.runScript(TestCaseExecutor.java:337)
	at com.kms.katalon.core.main.TestCaseExecutor.doExecute(TestCaseExecutor.java:328)
	at com.kms.katalon.core.main.TestCaseExecutor.processExecutionPhase(TestCaseExecutor.java:307)
	at com.kms.katalon.core.main.TestCaseExecutor.accessMainPhase(TestCaseExecutor.java:299)
	at com.kms.katalon.core.main.TestCaseExecutor.execute(TestCaseExecutor.java:233)
	at com.kms.katalon.core.main.TestSuiteExecutor.accessTestCaseMainPhase(TestSuiteExecutor.java:169)
	at com.kms.katalon.core.main.TestSuiteExecutor.accessTestSuiteMainPhase(TestSuiteExecutor.java:142)
	at com.kms.katalon.core.main.TestSuiteExecutor.execute(TestSuiteExecutor.java:91)
	at com.kms.katalon.core.main.TestCaseMain.startTestSuite(TestCaseMain.java:157)
	at com.kms.katalon.core.main.TestCaseMain$startTestSuite$0.call(Unknown Source)
	at TempTestSuite1591244210331.run(TempTestSuite1591244210331.groovy:36)
Caused by: com.kms.katalon.core.exception.StepFailedException: Object 'Object Repository/Christi/Page_Manage Sliders/input_Slider name (edit)' does not have attribute 'text'
	at com.kms.katalon.core.webui.keyword.internal.WebUIKeywordMain.stepFailed(WebUIKeywordMain.groovy:64)
	at com.kms.katalon.core.webui.keyword.builtin.VerifyElementAttributeValueKeyword$_verifyElementAttributeValue_closure1.doCall(VerifyElementAttributeValueKeyword.groovy:98)
	at com.kms.katalon.core.webui.keyword.builtin.VerifyElementAttributeValueKeyword$_verifyElementAttributeValue_closure1.call(VerifyElementAttributeValueKeyword.groovy)
	at com.kms.katalon.core.webui.keyword.internal.WebUIKeywordMain.runKeyword(WebUIKeywordMain.groovy:20)
	... 19 more
"/>
         <system-out><![CDATA[2020-06-04 11:17:02 - [TEST_CASE][FAILED] - Test Cases/Christi/Admin/Manage Slider - Edit: Test Cases/Christi/Admin/Manage Slider - Edit FAILED.
Reason:
com.kms.katalon.core.exception.StepFailedException: Unable to verify if object 'Object Repository/Christi/Page_Manage Sliders/input_Slider name (edit)' has attribute 'text' with value 'Brand New Slider'
	at com.kms.katalon.core.webui.keyword.internal.WebUIKeywordMain.stepFailed(WebUIKeywordMain.groovy:64)
	at com.kms.katalon.core.webui.keyword.internal.WebUIKeywordMain.runKeyword(WebUIKeywordMain.groovy:26)
	at com.kms.katalon.core.webui.keyword.builtin.VerifyElementAttributeValueKeyword.verifyElementAttributeValue(VerifyElementAttributeValueKeyword.groovy:109)
	at com.kms.katalon.core.webui.keyword.builtin.VerifyElementAttributeValueKeyword.execute(VerifyElementAttributeValueKeyword.groovy:70)
	at com.kms.katalon.core.keyword.internal.KeywordExecutor.executeKeywordForPlatform(KeywordExecutor.groovy:60)
	at com.kms.katalon.core.webui.keyword.WebUiBuiltInKeywords.verifyElementAttributeValue(WebUiBuiltInKeywords.groovy:3252)
	at com.kms.katalon.core.webui.keyword.WebUiBuiltInKeywords$verifyElementAttributeValue$5.call(Unknown Source)
	at Manage Slider - Edit.run(Manage Slider - Edit:169)
	at com.kms.katalon.core.main.ScriptEngine.run(ScriptEngine.java:194)
	at com.kms.katalon.core.main.ScriptEngine.runScriptAsRawText(ScriptEngine.java:119)
	at com.kms.katalon.core.main.TestCaseExecutor.runScript(TestCaseExecutor.java:337)
	at com.kms.katalon.core.main.TestCaseExecutor.doExecute(TestCaseExecutor.java:328)
	at com.kms.katalon.core.main.TestCaseExecutor.processExecutionPhase(TestCaseExecutor.java:307)
	at com.kms.katalon.core.main.TestCaseExecutor.accessMainPhase(TestCaseExecutor.java:299)
	at com.kms.katalon.core.main.TestCaseExecutor.execute(TestCaseExecutor.java:233)
	at com.kms.katalon.core.main.TestSuiteExecutor.accessTestCaseMainPhase(TestSuiteExecutor.java:169)
	at com.kms.katalon.core.main.TestSuiteExecutor.accessTestSuiteMainPhase(TestSuiteExecutor.java:142)
	at com.kms.katalon.core.main.TestSuiteExecutor.execute(TestSuiteExecutor.java:91)
	at com.kms.katalon.core.main.TestCaseMain.startTestSuite(TestCaseMain.java:157)
	at com.kms.katalon.core.main.TestCaseMain$startTestSuite$0.call(Unknown Source)
	at TempTestSuite1591244210331.run(TempTestSuite1591244210331.groovy:36)
Caused by: com.kms.katalon.core.exception.StepFailedException: Object 'Object Repository/Christi/Page_Manage Sliders/input_Slider name (edit)' does not have attribute 'text'
	at com.kms.katalon.core.webui.keyword.internal.WebUIKeywordMain.stepFailed(WebUIKeywordMain.groovy:64)
	at com.kms.katalon.core.webui.keyword.builtin.VerifyElementAttributeValueKeyword$_verifyElementAttributeValue_closure1.doCall(VerifyElementAttributeValueKeyword.groovy:98)
	at com.kms.katalon.core.webui.keyword.builtin.VerifyElementAttributeValueKeyword$_verifyElementAttributeValue_closure1.call(VerifyElementAttributeValueKeyword.groovy)
	at com.kms.katalon.core.webui.keyword.internal.WebUIKeywordMain.runKeyword(WebUIKeywordMain.groovy:20)
	... 19 more


2020-06-04 11:17:03 - [TEST_STEP][PASSED] - callTestCase(findTestCase("Christi/Admin/admin login"), ["username":"11666", "password":"Password3"], STOP_ON_FAILURE): Call Test Case 'Test Cases/Christi/Admin/admin login' successfully

2020-06-04 11:17:03 - [TEST_CASE][PASSED] - Test Cases/Christi/Admin/admin login: Test Cases/Christi/Admin/admin login

2020-06-04 11:17:04 - [TEST_STEP][PASSED] - openBrowser(""): Browser is opened with url: ''

2020-06-04 11:17:04 - [MESSAGE][INFO] - Starting 'Chrome' driver

2020-06-04 11:17:05 - [MESSAGE][INFO] - Action delay is set to 0 seconds

2020-06-04 11:17:10 - [MESSAGE][PASSED] - Browser is opened with url: ''

2020-06-04 11:17:10 - [TEST_STEP][PASSED] - navigateToUrl("https://appsrv1.deltadatamandiri.com/ACC_LMS_WEB/#/admNLmn"): Navigate to 'https://appsrv1.deltadatamandiri.com/ACC_LMS_WEB/#/admNLmn' successfully

2020-06-04 11:17:31 - [MESSAGE][PASSED] - Navigate to 'https://appsrv1.deltadatamandiri.com/ACC_LMS_WEB/#/admNLmn' successfully

2020-06-04 11:17:31 - [TEST_STEP][PASSED] - click(findTestObject("Christi/Page_Main/button_login")): Object: 'Object Repository/Christi/Page_Main/button_login' is clicked on

2020-06-04 11:17:38 - [MESSAGE][ERROR] - javascript error: Failed to execute 'elementsFromPoint' on 'Document': The provided double value is non-finite.
  (Session info: chrome=83.0.4103.61)
Build info: version: '3.141.59', revision: 'e82be7d358', time: '2018-11-14T08:25:53'
System info: host: 'LAPTOP-D0TPACJ1', ip: '192.168.100.227', os.name: 'Windows 10', os.arch: 'amd64', os.version: '10.0', java.version: '1.8.0_181'
Driver info: com.kms.katalon.selenium.driver.CChromeDriver
Capabilities {acceptInsecureCerts: false, browserName: chrome, browserVersion: 83.0.4103.61, chrome: {chromedriverVersion: 83.0.4103.39 (ccbf011cb2d2b..., userDataDir: C:\Users\ASUS\AppData\Local...}, goog:chromeOptions: {debuggerAddress: localhost:53692}, javascriptEnabled: true, networkConnectionEnabled: false, pageLoadStrategy: normal, platform: WINDOWS, platformName: WINDOWS, proxy: Proxy(), setWindowRect: true, strictFileInteractability: false, timeouts: {implicit: 0, pageLoad: 300000, script: 30000}, unhandledPromptBehavior: dismiss and notify, webauthn:virtualAuthenticators: true}
Session ID: 9a67db9de6de0009375e347f80aea799

2020-06-04 11:17:39 - [MESSAGE][PASSED] - Object: 'Object Repository/Christi/Page_Main/button_login' is clicked on

2020-06-04 11:17:39 - [TEST_STEP][PASSED] - delay(3): Delayed 3 second(s)

2020-06-04 11:17:42 - [MESSAGE][PASSED] - Delayed 3 second(s)

2020-06-04 11:17:42 - [TEST_STEP][PASSED] - setText(findTestObject("Object Repository/Christi/Page_Main/input_NPK_username"), username): Text '11666' is set on object 'Object Repository/Christi/Page_Main/input_NPK_username'

2020-06-04 11:17:43 - [MESSAGE][PASSED] - Text '11666' is set on object 'Object Repository/Christi/Page_Main/input_NPK_username'

2020-06-04 11:17:43 - [TEST_STEP][PASSED] - setText(findTestObject("Object Repository/Christi/Page_Main/input_Password_password"), password): Text 'Password3' is set on object 'Object Repository/Christi/Page_Main/input_Password_password'

2020-06-04 11:17:43 - [MESSAGE][PASSED] - Text 'Password3' is set on object 'Object Repository/Christi/Page_Main/input_Password_password'

2020-06-04 11:17:43 - [TEST_STEP][PASSED] - delay(5): Delayed 5 second(s)

2020-06-04 11:17:48 - [MESSAGE][PASSED] - Delayed 5 second(s)

2020-06-04 11:17:48 - [TEST_STEP][PASSED] - click(findTestObject("Rizka/Admin/Admin - Login/btnLogin2")): Object: 'Object Repository/Rizka/Admin/Admin - Login/btnLogin2' is clicked on

2020-06-04 11:17:49 - [MESSAGE][PASSED] - Object: 'Object Repository/Rizka/Admin/Admin - Login/btnLogin2' is clicked on

2020-06-04 11:17:49 - [TEST_STEP][PASSED] - delay(5): Delayed 5 second(s)

2020-06-04 11:17:54 - [MESSAGE][PASSED] - Delayed 5 second(s)

2020-06-04 11:17:54 - [MESSAGE][PASSED] - Call Test Case 'Test Cases/Christi/Admin/admin login' successfully

2020-06-04 11:17:54 - [TEST_STEP][PASSED] - delay(3): Delayed 3 second(s)

2020-06-04 11:17:57 - [MESSAGE][PASSED] - Delayed 3 second(s)

2020-06-04 11:17:57 - [TEST_STEP][PASSED] - click(findTestObject("Object Repository/Christi/Page_Dashboard Admin/span_Manage Slider")): Object: 'Object Repository/Christi/Page_Dashboard Admin/span_Manage Slider' is clicked on

2020-06-04 11:17:59 - [MESSAGE][PASSED] - Object: 'Object Repository/Christi/Page_Dashboard Admin/span_Manage Slider' is clicked on

2020-06-04 11:17:59 - [TEST_STEP][PASSED] - delay(3): Delayed 3 second(s)

2020-06-04 11:18:02 - [MESSAGE][PASSED] - Delayed 3 second(s)

2020-06-04 11:18:02 - [TEST_STEP][FAILED] - if (find_slider == "found"): Unable to verify if object 'Object Repository/Christi/Page_Manage Sliders/input_Slider name (edit)' has attribute 'text' with value 'Brand New Slider' (Root cause: com.kms.katalon.core.exception.StepFailedException: Unable to verify if object 'Object Repository/Christi/Page_Manage Sliders/input_Slider name (edit)' has attribute 'text' with value 'Brand New Slider'
	at com.kms.katalon.core.webui.keyword.internal.WebUIKeywordMain.stepFailed(WebUIKeywordMain.groovy:64)
	at com.kms.katalon.core.webui.keyword.internal.WebUIKeywordMain.runKeyword(WebUIKeywordMain.groovy:26)
	at com.kms.katalon.core.webui.keyword.builtin.VerifyElementAttributeValueKeyword.verifyElementAttributeValue(VerifyElementAttributeValueKeyword.groovy:109)
	at com.kms.katalon.core.webui.keyword.builtin.VerifyElementAttributeValueKeyword.execute(VerifyElementAttributeValueKeyword.groovy:70)
	at com.kms.katalon.core.keyword.internal.KeywordExecutor.executeKeywordForPlatform(KeywordExecutor.groovy:60)
	at com.kms.katalon.core.webui.keyword.WebUiBuiltInKeywords.verifyElementAttributeValue(WebUiBuiltInKeywords.groovy:3252)
	at com.kms.katalon.core.webui.keyword.WebUiBuiltInKeywords$verifyElementAttributeValue$5.call(Unknown Source)
	at Manage Slider - Edit.run(Manage Slider - Edit:169)
	at com.kms.katalon.core.main.ScriptEngine.run(ScriptEngine.java:194)
	at com.kms.katalon.core.main.ScriptEngine.runScriptAsRawText(ScriptEngine.java:119)
	at com.kms.katalon.core.main.TestCaseExecutor.runScript(TestCaseExecutor.java:337)
	at com.kms.katalon.core.main.TestCaseExecutor.doExecute(TestCaseExecutor.java:328)
	at com.kms.katalon.core.main.TestCaseExecutor.processExecutionPhase(TestCaseExecutor.java:307)
	at com.kms.katalon.core.main.TestCaseExecutor.accessMainPhase(TestCaseExecutor.java:299)
	at com.kms.katalon.core.main.TestCaseExecutor.execute(TestCaseExecutor.java:233)
	at com.kms.katalon.core.main.TestSuiteExecutor.accessTestCaseMainPhase(TestSuiteExecutor.java:169)
	at com.kms.katalon.core.main.TestSuiteExecutor.accessTestSuiteMainPhase(TestSuiteExecutor.java:142)
	at com.kms.katalon.core.main.TestSuiteExecutor.execute(TestSuiteExecutor.java:91)
	at com.kms.katalon.core.main.TestCaseMain.startTestSuite(TestCaseMain.java:157)
	at com.kms.katalon.core.main.TestCaseMain$startTestSuite$0.call(Unknown Source)
	at TempTestSuite1591244210331.run(TempTestSuite1591244210331.groovy:36)
Caused by: com.kms.katalon.core.exception.StepFailedException: Object 'Object Repository/Christi/Page_Manage Sliders/input_Slider name (edit)' does not have attribute 'text'
	at com.kms.katalon.core.webui.keyword.internal.WebUIKeywordMain.stepFailed(WebUIKeywordMain.groovy:64)
	at com.kms.katalon.core.webui.keyword.builtin.VerifyElementAttributeValueKeyword$_verifyElementAttributeValue_closure1.doCall(VerifyElementAttributeValueKeyword.groovy:98)
	at com.kms.katalon.core.webui.keyword.builtin.VerifyElementAttributeValueKeyword$_verifyElementAttributeValue_closure1.call(VerifyElementAttributeValueKeyword.groovy)
	at com.kms.katalon.core.webui.keyword.internal.WebUIKeywordMain.runKeyword(WebUIKeywordMain.groovy:20)
	... 19 more
)

2020-06-04 11:18:02 - [TEST_STEP][PASSED] - verifyElementPresent(findTestObject("Christi/Page_Manage Sliders/label_Slider", ["text":nama_slider]), 3): Object 'Object Repository/Christi/Page_Manage Sliders/label_Slider' is present

2020-06-04 11:18:02 - [MESSAGE][PASSED] - Object 'Object Repository/Christi/Page_Manage Sliders/label_Slider' is present

2020-06-04 11:18:02 - [TEST_STEP][PASSED] - delay(3): Delayed 3 second(s)

2020-06-04 11:18:05 - [MESSAGE][PASSED] - Delayed 3 second(s)

2020-06-04 11:18:05 - [TEST_STEP][PASSED] - click(findTestObject("Object Repository/Christi/Page_Manage Sliders/span_Edit NEOP SERVICE")): Object: 'Object Repository/Christi/Page_Manage Sliders/span_Edit NEOP SERVICE' is clicked on

2020-06-04 11:18:10 - [MESSAGE][PASSED] - Object: 'Object Repository/Christi/Page_Manage Sliders/span_Edit NEOP SERVICE' is clicked on

2020-06-04 11:18:10 - [TEST_STEP][PASSED] - delay(3): Delayed 3 second(s)

2020-06-04 11:18:13 - [MESSAGE][PASSED] - Delayed 3 second(s)

2020-06-04 11:18:13 - [TEST_STEP][FAILED] - switch (edit.toString()): Unable to verify if object 'Object Repository/Christi/Page_Manage Sliders/input_Slider name (edit)' has attribute 'text' with value 'Brand New Slider' (Root cause: com.kms.katalon.core.exception.StepFailedException: Unable to verify if object 'Object Repository/Christi/Page_Manage Sliders/input_Slider name (edit)' has attribute 'text' with value 'Brand New Slider'
	at com.kms.katalon.core.webui.keyword.internal.WebUIKeywordMain.stepFailed(WebUIKeywordMain.groovy:64)
	at com.kms.katalon.core.webui.keyword.internal.WebUIKeywordMain.runKeyword(WebUIKeywordMain.groovy:26)
	at com.kms.katalon.core.webui.keyword.builtin.VerifyElementAttributeValueKeyword.verifyElementAttributeValue(VerifyElementAttributeValueKeyword.groovy:109)
	at com.kms.katalon.core.webui.keyword.builtin.VerifyElementAttributeValueKeyword.execute(VerifyElementAttributeValueKeyword.groovy:70)
	at com.kms.katalon.core.keyword.internal.KeywordExecutor.executeKeywordForPlatform(KeywordExecutor.groovy:60)
	at com.kms.katalon.core.webui.keyword.WebUiBuiltInKeywords.verifyElementAttributeValue(WebUiBuiltInKeywords.groovy:3252)
	at com.kms.katalon.core.webui.keyword.WebUiBuiltInKeywords$verifyElementAttributeValue$5.call(Unknown Source)
	at Manage Slider - Edit.run(Manage Slider - Edit:169)
	at com.kms.katalon.core.main.ScriptEngine.run(ScriptEngine.java:194)
	at com.kms.katalon.core.main.ScriptEngine.runScriptAsRawText(ScriptEngine.java:119)
	at com.kms.katalon.core.main.TestCaseExecutor.runScript(TestCaseExecutor.java:337)
	at com.kms.katalon.core.main.TestCaseExecutor.doExecute(TestCaseExecutor.java:328)
	at com.kms.katalon.core.main.TestCaseExecutor.processExecutionPhase(TestCaseExecutor.java:307)
	at com.kms.katalon.core.main.TestCaseExecutor.accessMainPhase(TestCaseExecutor.java:299)
	at com.kms.katalon.core.main.TestCaseExecutor.execute(TestCaseExecutor.java:233)
	at com.kms.katalon.core.main.TestSuiteExecutor.accessTestCaseMainPhase(TestSuiteExecutor.java:169)
	at com.kms.katalon.core.main.TestSuiteExecutor.accessTestSuiteMainPhase(TestSuiteExecutor.java:142)
	at com.kms.katalon.core.main.TestSuiteExecutor.execute(TestSuiteExecutor.java:91)
	at com.kms.katalon.core.main.TestCaseMain.startTestSuite(TestCaseMain.java:157)
	at com.kms.katalon.core.main.TestCaseMain$startTestSuite$0.call(Unknown Source)
	at TempTestSuite1591244210331.run(TempTestSuite1591244210331.groovy:36)
Caused by: com.kms.katalon.core.exception.StepFailedException: Object 'Object Repository/Christi/Page_Manage Sliders/input_Slider name (edit)' does not have attribute 'text'
	at com.kms.katalon.core.webui.keyword.internal.WebUIKeywordMain.stepFailed(WebUIKeywordMain.groovy:64)
	at com.kms.katalon.core.webui.keyword.builtin.VerifyElementAttributeValueKeyword$_verifyElementAttributeValue_closure1.doCall(VerifyElementAttributeValueKeyword.groovy:98)
	at com.kms.katalon.core.webui.keyword.builtin.VerifyElementAttributeValueKeyword$_verifyElementAttributeValue_closure1.call(VerifyElementAttributeValueKeyword.groovy)
	at com.kms.katalon.core.webui.keyword.internal.WebUIKeywordMain.runKeyword(WebUIKeywordMain.groovy:20)
	... 19 more
)

2020-06-04 11:18:13 - [TEST_STEP][FAILED] - case "change all":: Unable to verify if object 'Object Repository/Christi/Page_Manage Sliders/input_Slider name (edit)' has attribute 'text' with value 'Brand New Slider' (Root cause: com.kms.katalon.core.exception.StepFailedException: Unable to verify if object 'Object Repository/Christi/Page_Manage Sliders/input_Slider name (edit)' has attribute 'text' with value 'Brand New Slider'
	at com.kms.katalon.core.webui.keyword.internal.WebUIKeywordMain.stepFailed(WebUIKeywordMain.groovy:64)
	at com.kms.katalon.core.webui.keyword.internal.WebUIKeywordMain.runKeyword(WebUIKeywordMain.groovy:26)
	at com.kms.katalon.core.webui.keyword.builtin.VerifyElementAttributeValueKeyword.verifyElementAttributeValue(VerifyElementAttributeValueKeyword.groovy:109)
	at com.kms.katalon.core.webui.keyword.builtin.VerifyElementAttributeValueKeyword.execute(VerifyElementAttributeValueKeyword.groovy:70)
	at com.kms.katalon.core.keyword.internal.KeywordExecutor.executeKeywordForPlatform(KeywordExecutor.groovy:60)
	at com.kms.katalon.core.webui.keyword.WebUiBuiltInKeywords.verifyElementAttributeValue(WebUiBuiltInKeywords.groovy:3252)
	at com.kms.katalon.core.webui.keyword.WebUiBuiltInKeywords$verifyElementAttributeValue$5.call(Unknown Source)
	at Manage Slider - Edit.run(Manage Slider - Edit:169)
	at com.kms.katalon.core.main.ScriptEngine.run(ScriptEngine.java:194)
	at com.kms.katalon.core.main.ScriptEngine.runScriptAsRawText(ScriptEngine.java:119)
	at com.kms.katalon.core.main.TestCaseExecutor.runScript(TestCaseExecutor.java:337)
	at com.kms.katalon.core.main.TestCaseExecutor.doExecute(TestCaseExecutor.java:328)
	at com.kms.katalon.core.main.TestCaseExecutor.processExecutionPhase(TestCaseExecutor.java:307)
	at com.kms.katalon.core.main.TestCaseExecutor.accessMainPhase(TestCaseExecutor.java:299)
	at com.kms.katalon.core.main.TestCaseExecutor.execute(TestCaseExecutor.java:233)
	at com.kms.katalon.core.main.TestSuiteExecutor.accessTestCaseMainPhase(TestSuiteExecutor.java:169)
	at com.kms.katalon.core.main.TestSuiteExecutor.accessTestSuiteMainPhase(TestSuiteExecutor.java:142)
	at com.kms.katalon.core.main.TestSuiteExecutor.execute(TestSuiteExecutor.java:91)
	at com.kms.katalon.core.main.TestCaseMain.startTestSuite(TestCaseMain.java:157)
	at com.kms.katalon.core.main.TestCaseMain$startTestSuite$0.call(Unknown Source)
	at TempTestSuite1591244210331.run(TempTestSuite1591244210331.groovy:36)
Caused by: com.kms.katalon.core.exception.StepFailedException: Object 'Object Repository/Christi/Page_Manage Sliders/input_Slider name (edit)' does not have attribute 'text'
	at com.kms.katalon.core.webui.keyword.internal.WebUIKeywordMain.stepFailed(WebUIKeywordMain.groovy:64)
	at com.kms.katalon.core.webui.keyword.builtin.VerifyElementAttributeValueKeyword$_verifyElementAttributeValue_closure1.doCall(VerifyElementAttributeValueKeyword.groovy:98)
	at com.kms.katalon.core.webui.keyword.builtin.VerifyElementAttributeValueKeyword$_verifyElementAttributeValue_closure1.call(VerifyElementAttributeValueKeyword.groovy)
	at com.kms.katalon.core.webui.keyword.internal.WebUIKeywordMain.runKeyword(WebUIKeywordMain.groovy:20)
	... 19 more
)

2020-06-04 11:18:13 - [TEST_STEP][PASSED] - setText(findTestObject("Object Repository/Christi/Page_Manage Sliders/input_Slider name (edit)"), nama_slider_baru): Text 'Brand New Slider' is set on object 'Object Repository/Christi/Page_Manage Sliders/input_Slider name (edit)'

2020-06-04 11:18:14 - [MESSAGE][PASSED] - Text 'Brand New Slider' is set on object 'Object Repository/Christi/Page_Manage Sliders/input_Slider name (edit)'

2020-06-04 11:18:14 - [TEST_STEP][PASSED] - if (max_character == "yes"): null

2020-06-04 11:18:14 - [TEST_STEP][PASSED] - delay(3): Delayed 3 second(s)

2020-06-04 11:18:17 - [MESSAGE][PASSED] - Delayed 3 second(s)

2020-06-04 11:18:17 - [TEST_STEP][PASSED] - setText(findTestObject("Object Repository/Christi/Page_Manage Sliders/input_Section Link_txtEditSliderLink"), url_slider_baru): Text 'https://appsrv1.deltadatamandiri.com/ACC_LMS_WEB/#/onlineLearningDetail?modulID=6' is set on object 'Object Repository/Christi/Page_Manage Sliders/input_Section Link_txtEditSliderLink'

2020-06-04 11:18:18 - [MESSAGE][PASSED] - Text 'https://appsrv1.deltadatamandiri.com/ACC_LMS_WEB/#/onlineLearningDetail?modulID=6' is set on object 'Object Repository/Christi/Page_Manage Sliders/input_Section Link_txtEditSliderLink'

2020-06-04 11:18:18 - [TEST_STEP][PASSED] - delay(3): Delayed 3 second(s)

2020-06-04 11:18:21 - [MESSAGE][PASSED] - Delayed 3 second(s)

2020-06-04 11:18:21 - [TEST_STEP][PASSED] - uploadFile(findTestObject("Object Repository/Christi/Page_Manage Sliders/input_Icon_files"), img_slider_baru): File 'C:\Users\ASUS\git\LearningManagementWeb\konten lms\Cover Modul - Welcoming Kit.png' sent to object: 'Object Repository/Christi/Page_Manage Sliders/input_Icon_files'

2020-06-04 11:18:21 - [MESSAGE][PASSED] - File 'C:\Users\ASUS\git\LearningManagementWeb\konten lms\Cover Modul - Welcoming Kit.png' sent to object: 'Object Repository/Christi/Page_Manage Sliders/input_Icon_files'

2020-06-04 11:18:21 - [TEST_STEP][PASSED] - if (max_image_size == "yes"): null

2020-06-04 11:18:21 - [TEST_STEP][PASSED] - else if (img_file_invalid == "yes"): null

2020-06-04 11:18:21 - [TEST_STEP][PASSED] - else: Object 'Object Repository/Christi/Page_Manage Sliders/div_File uploaded successfully' is present

2020-06-04 11:18:21 - [TEST_STEP][PASSED] - verifyElementPresent(findTestObject("Christi/Page_Manage Sliders/div_File uploaded successfully"), 0): Object 'Object Repository/Christi/Page_Manage Sliders/div_File uploaded successfully' is present

2020-06-04 11:18:21 - [MESSAGE][WARNING] - Timeout '0' is invalid. Using default page load timeout: '30'

2020-06-04 11:18:25 - [MESSAGE][PASSED] - Object 'Object Repository/Christi/Page_Manage Sliders/div_File uploaded successfully' is present

2020-06-04 11:18:25 - [TEST_STEP][PASSED] - click(findTestObject("Object Repository/Christi/Page_Manage Sliders_Edit/button_Update Slider")): Object: 'Object Repository/Christi/Page_Manage Sliders_Edit/button_Update Slider' is clicked on

2020-06-04 11:18:25 - [MESSAGE][PASSED] - Object: 'Object Repository/Christi/Page_Manage Sliders_Edit/button_Update Slider' is clicked on

2020-06-04 11:18:25 - [TEST_STEP][FAILED] - if (expected == "pass"): Unable to verify if object 'Object Repository/Christi/Page_Manage Sliders/input_Slider name (edit)' has attribute 'text' with value 'Brand New Slider' (Root cause: com.kms.katalon.core.exception.StepFailedException: Unable to verify if object 'Object Repository/Christi/Page_Manage Sliders/input_Slider name (edit)' has attribute 'text' with value 'Brand New Slider'
	at com.kms.katalon.core.webui.keyword.internal.WebUIKeywordMain.stepFailed(WebUIKeywordMain.groovy:64)
	at com.kms.katalon.core.webui.keyword.internal.WebUIKeywordMain.runKeyword(WebUIKeywordMain.groovy:26)
	at com.kms.katalon.core.webui.keyword.builtin.VerifyElementAttributeValueKeyword.verifyElementAttributeValue(VerifyElementAttributeValueKeyword.groovy:109)
	at com.kms.katalon.core.webui.keyword.builtin.VerifyElementAttributeValueKeyword.execute(VerifyElementAttributeValueKeyword.groovy:70)
	at com.kms.katalon.core.keyword.internal.KeywordExecutor.executeKeywordForPlatform(KeywordExecutor.groovy:60)
	at com.kms.katalon.core.webui.keyword.WebUiBuiltInKeywords.verifyElementAttributeValue(WebUiBuiltInKeywords.groovy:3252)
	at com.kms.katalon.core.webui.keyword.WebUiBuiltInKeywords$verifyElementAttributeValue$5.call(Unknown Source)
	at Manage Slider - Edit.run(Manage Slider - Edit:169)
	at com.kms.katalon.core.main.ScriptEngine.run(ScriptEngine.java:194)
	at com.kms.katalon.core.main.ScriptEngine.runScriptAsRawText(ScriptEngine.java:119)
	at com.kms.katalon.core.main.TestCaseExecutor.runScript(TestCaseExecutor.java:337)
	at com.kms.katalon.core.main.TestCaseExecutor.doExecute(TestCaseExecutor.java:328)
	at com.kms.katalon.core.main.TestCaseExecutor.processExecutionPhase(TestCaseExecutor.java:307)
	at com.kms.katalon.core.main.TestCaseExecutor.accessMainPhase(TestCaseExecutor.java:299)
	at com.kms.katalon.core.main.TestCaseExecutor.execute(TestCaseExecutor.java:233)
	at com.kms.katalon.core.main.TestSuiteExecutor.accessTestCaseMainPhase(TestSuiteExecutor.java:169)
	at com.kms.katalon.core.main.TestSuiteExecutor.accessTestSuiteMainPhase(TestSuiteExecutor.java:142)
	at com.kms.katalon.core.main.TestSuiteExecutor.execute(TestSuiteExecutor.java:91)
	at com.kms.katalon.core.main.TestCaseMain.startTestSuite(TestCaseMain.java:157)
	at com.kms.katalon.core.main.TestCaseMain$startTestSuite$0.call(Unknown Source)
	at TempTestSuite1591244210331.run(TempTestSuite1591244210331.groovy:36)
Caused by: com.kms.katalon.core.exception.StepFailedException: Object 'Object Repository/Christi/Page_Manage Sliders/input_Slider name (edit)' does not have attribute 'text'
	at com.kms.katalon.core.webui.keyword.internal.WebUIKeywordMain.stepFailed(WebUIKeywordMain.groovy:64)
	at com.kms.katalon.core.webui.keyword.builtin.VerifyElementAttributeValueKeyword$_verifyElementAttributeValue_closure1.doCall(VerifyElementAttributeValueKeyword.groovy:98)
	at com.kms.katalon.core.webui.keyword.builtin.VerifyElementAttributeValueKeyword$_verifyElementAttributeValue_closure1.call(VerifyElementAttributeValueKeyword.groovy)
	at com.kms.katalon.core.webui.keyword.internal.WebUIKeywordMain.runKeyword(WebUIKeywordMain.groovy:20)
	... 19 more
)

2020-06-04 11:18:25 - [TEST_STEP][PASSED] - delay(3): Delayed 3 second(s)

2020-06-04 11:18:28 - [MESSAGE][PASSED] - Delayed 3 second(s)

2020-06-04 11:18:28 - [TEST_STEP][PASSED] - click(findTestObject("Object Repository/Christi/Page_Manage Sliders/span_Edit NEOP SERVICE")): Object: 'Object Repository/Christi/Page_Manage Sliders/span_Edit NEOP SERVICE' is clicked on

2020-06-04 11:18:37 - [MESSAGE][PASSED] - Object: 'Object Repository/Christi/Page_Manage Sliders/span_Edit NEOP SERVICE' is clicked on

2020-06-04 11:18:37 - [TEST_STEP][PASSED] - delay(3): Delayed 3 second(s)

2020-06-04 11:18:40 - [MESSAGE][PASSED] - Delayed 3 second(s)

2020-06-04 11:18:40 - [TEST_STEP][FAILED] - verifyElementAttributeValue(findTestObject("Object Repository/Christi/Page_Manage Sliders/input_Slider name (edit)"), "text", nama_slider_baru, 0): Unable to verify if object 'Object Repository/Christi/Page_Manage Sliders/input_Slider name (edit)' has attribute 'text' with value 'Brand New Slider' (Root cause: com.kms.katalon.core.exception.StepFailedException: Unable to verify if object 'Object Repository/Christi/Page_Manage Sliders/input_Slider name (edit)' has attribute 'text' with value 'Brand New Slider'
	at com.kms.katalon.core.webui.keyword.internal.WebUIKeywordMain.stepFailed(WebUIKeywordMain.groovy:64)
	at com.kms.katalon.core.webui.keyword.internal.WebUIKeywordMain.runKeyword(WebUIKeywordMain.groovy:26)
	at com.kms.katalon.core.webui.keyword.builtin.VerifyElementAttributeValueKeyword.verifyElementAttributeValue(VerifyElementAttributeValueKeyword.groovy:109)
	at com.kms.katalon.core.webui.keyword.builtin.VerifyElementAttributeValueKeyword.execute(VerifyElementAttributeValueKeyword.groovy:70)
	at com.kms.katalon.core.keyword.internal.KeywordExecutor.executeKeywordForPlatform(KeywordExecutor.groovy:60)
	at com.kms.katalon.core.webui.keyword.WebUiBuiltInKeywords.verifyElementAttributeValue(WebUiBuiltInKeywords.groovy:3252)
	at com.kms.katalon.core.webui.keyword.WebUiBuiltInKeywords$verifyElementAttributeValue$5.call(Unknown Source)
	at Manage Slider - Edit.run(Manage Slider - Edit:169)
	at com.kms.katalon.core.main.ScriptEngine.run(ScriptEngine.java:194)
	at com.kms.katalon.core.main.ScriptEngine.runScriptAsRawText(ScriptEngine.java:119)
	at com.kms.katalon.core.main.TestCaseExecutor.runScript(TestCaseExecutor.java:337)
	at com.kms.katalon.core.main.TestCaseExecutor.doExecute(TestCaseExecutor.java:328)
	at com.kms.katalon.core.main.TestCaseExecutor.processExecutionPhase(TestCaseExecutor.java:307)
	at com.kms.katalon.core.main.TestCaseExecutor.accessMainPhase(TestCaseExecutor.java:299)
	at com.kms.katalon.core.main.TestCaseExecutor.execute(TestCaseExecutor.java:233)
	at com.kms.katalon.core.main.TestSuiteExecutor.accessTestCaseMainPhase(TestSuiteExecutor.java:169)
	at com.kms.katalon.core.main.TestSuiteExecutor.accessTestSuiteMainPhase(TestSuiteExecutor.java:142)
	at com.kms.katalon.core.main.TestSuiteExecutor.execute(TestSuiteExecutor.java:91)
	at com.kms.katalon.core.main.TestCaseMain.startTestSuite(TestCaseMain.java:157)
	at com.kms.katalon.core.main.TestCaseMain$startTestSuite$0.call(Unknown Source)
	at TempTestSuite1591244210331.run(TempTestSuite1591244210331.groovy:36)
Caused by: com.kms.katalon.core.exception.StepFailedException: Object 'Object Repository/Christi/Page_Manage Sliders/input_Slider name (edit)' does not have attribute 'text'
	at com.kms.katalon.core.webui.keyword.internal.WebUIKeywordMain.stepFailed(WebUIKeywordMain.groovy:64)
	at com.kms.katalon.core.webui.keyword.builtin.VerifyElementAttributeValueKeyword$_verifyElementAttributeValue_closure1.doCall(VerifyElementAttributeValueKeyword.groovy:98)
	at com.kms.katalon.core.webui.keyword.builtin.VerifyElementAttributeValueKeyword$_verifyElementAttributeValue_closure1.call(VerifyElementAttributeValueKeyword.groovy)
	at com.kms.katalon.core.webui.keyword.internal.WebUIKeywordMain.runKeyword(WebUIKeywordMain.groovy:20)
	... 19 more
)

2020-06-04 11:18:40 - [MESSAGE][WARNING] - Timeout '0' is invalid. Using default page load timeout: '30'

2020-06-04 11:18:40 - [MESSAGE][FAILED] - Object 'Object Repository/Christi/Page_Manage Sliders/input_Slider name (edit)' does not have attribute 'text' (Root cause: com.kms.katalon.core.exception.StepFailedException: Object 'Object Repository/Christi/Page_Manage Sliders/input_Slider name (edit)' does not have attribute 'text'
	at com.kms.katalon.core.webui.keyword.internal.WebUIKeywordMain.stepFailed(WebUIKeywordMain.groovy:64)
	at com.kms.katalon.core.webui.keyword.builtin.VerifyElementAttributeValueKeyword$_verifyElementAttributeValue_closure1.doCall(VerifyElementAttributeValueKeyword.groovy:98)
	at com.kms.katalon.core.webui.keyword.builtin.VerifyElementAttributeValueKeyword$_verifyElementAttributeValue_closure1.call(VerifyElementAttributeValueKeyword.groovy)
	at com.kms.katalon.core.webui.keyword.internal.WebUIKeywordMain.runKeyword(WebUIKeywordMain.groovy:20)
	at com.kms.katalon.core.webui.keyword.builtin.VerifyElementAttributeValueKeyword.verifyElementAttributeValue(VerifyElementAttributeValueKeyword.groovy:109)
	at com.kms.katalon.core.webui.keyword.builtin.VerifyElementAttributeValueKeyword.execute(VerifyElementAttributeValueKeyword.groovy:70)
	at com.kms.katalon.core.keyword.internal.KeywordExecutor.executeKeywordForPlatform(KeywordExecutor.groovy:60)
	at com.kms.katalon.core.webui.keyword.WebUiBuiltInKeywords.verifyElementAttributeValue(WebUiBuiltInKeywords.groovy:3252)
	at com.kms.katalon.core.webui.keyword.WebUiBuiltInKeywords$verifyElementAttributeValue$5.call(Unknown Source)
	at Manage Slider - Edit.run(Manage Slider - Edit:169)
	at com.kms.katalon.core.main.ScriptEngine.run(ScriptEngine.java:194)
	at com.kms.katalon.core.main.ScriptEngine.runScriptAsRawText(ScriptEngine.java:119)
	at com.kms.katalon.core.main.TestCaseExecutor.runScript(TestCaseExecutor.java:337)
	at com.kms.katalon.core.main.TestCaseExecutor.doExecute(TestCaseExecutor.java:328)
	at com.kms.katalon.core.main.TestCaseExecutor.processExecutionPhase(TestCaseExecutor.java:307)
	at com.kms.katalon.core.main.TestCaseExecutor.accessMainPhase(TestCaseExecutor.java:299)
	at com.kms.katalon.core.main.TestCaseExecutor.execute(TestCaseExecutor.java:233)
	at com.kms.katalon.core.main.TestSuiteExecutor.accessTestCaseMainPhase(TestSuiteExecutor.java:169)
	at com.kms.katalon.core.main.TestSuiteExecutor.accessTestSuiteMainPhase(TestSuiteExecutor.java:142)
	at com.kms.katalon.core.main.TestSuiteExecutor.execute(TestSuiteExecutor.java:91)
	at com.kms.katalon.core.main.TestCaseMain.startTestSuite(TestCaseMain.java:157)
	at com.kms.katalon.core.main.TestCaseMain$startTestSuite$0.call(Unknown Source)
	at TempTestSuite1591244210331.run(TempTestSuite1591244210331.groovy:36)
)
[[ATTACHMENT|C:\\Users\\ASUS\\git\\LearningManagementWeb\\Reports\\20200604_111650\\Christi\\Manage Slider\\20200604_111650\\1591244320468.png]]

2020-06-04 11:18:41 - [MESSAGE][FAILED] - Unable to verify if object 'Object Repository/Christi/Page_Manage Sliders/input_Slider name (edit)' has attribute 'text' with value 'Brand New Slider' (Root cause: com.kms.katalon.core.exception.StepFailedException: Unable to verify if object 'Object Repository/Christi/Page_Manage Sliders/input_Slider name (edit)' has attribute 'text' with value 'Brand New Slider'
	at com.kms.katalon.core.webui.keyword.internal.WebUIKeywordMain.stepFailed(WebUIKeywordMain.groovy:64)
	at com.kms.katalon.core.webui.keyword.internal.WebUIKeywordMain.runKeyword(WebUIKeywordMain.groovy:26)
	at com.kms.katalon.core.webui.keyword.builtin.VerifyElementAttributeValueKeyword.verifyElementAttributeValue(VerifyElementAttributeValueKeyword.groovy:109)
	at com.kms.katalon.core.webui.keyword.builtin.VerifyElementAttributeValueKeyword.execute(VerifyElementAttributeValueKeyword.groovy:70)
	at com.kms.katalon.core.keyword.internal.KeywordExecutor.executeKeywordForPlatform(KeywordExecutor.groovy:60)
	at com.kms.katalon.core.webui.keyword.WebUiBuiltInKeywords.verifyElementAttributeValue(WebUiBuiltInKeywords.groovy:3252)
	at com.kms.katalon.core.webui.keyword.WebUiBuiltInKeywords$verifyElementAttributeValue$5.call(Unknown Source)
	at Manage Slider - Edit.run(Manage Slider - Edit:169)
	at com.kms.katalon.core.main.ScriptEngine.run(ScriptEngine.java:194)
	at com.kms.katalon.core.main.ScriptEngine.runScriptAsRawText(ScriptEngine.java:119)
	at com.kms.katalon.core.main.TestCaseExecutor.runScript(TestCaseExecutor.java:337)
	at com.kms.katalon.core.main.TestCaseExecutor.doExecute(TestCaseExecutor.java:328)
	at com.kms.katalon.core.main.TestCaseExecutor.processExecutionPhase(TestCaseExecutor.java:307)
	at com.kms.katalon.core.main.TestCaseExecutor.accessMainPhase(TestCaseExecutor.java:299)
	at com.kms.katalon.core.main.TestCaseExecutor.execute(TestCaseExecutor.java:233)
	at com.kms.katalon.core.main.TestSuiteExecutor.accessTestCaseMainPhase(TestSuiteExecutor.java:169)
	at com.kms.katalon.core.main.TestSuiteExecutor.accessTestSuiteMainPhase(TestSuiteExecutor.java:142)
	at com.kms.katalon.core.main.TestSuiteExecutor.execute(TestSuiteExecutor.java:91)
	at com.kms.katalon.core.main.TestCaseMain.startTestSuite(TestCaseMain.java:157)
	at com.kms.katalon.core.main.TestCaseMain$startTestSuite$0.call(Unknown Source)
	at TempTestSuite1591244210331.run(TempTestSuite1591244210331.groovy:36)
Caused by: com.kms.katalon.core.exception.StepFailedException: Object 'Object Repository/Christi/Page_Manage Sliders/input_Slider name (edit)' does not have attribute 'text'
	at com.kms.katalon.core.webui.keyword.internal.WebUIKeywordMain.stepFailed(WebUIKeywordMain.groovy:64)
	at com.kms.katalon.core.webui.keyword.builtin.VerifyElementAttributeValueKeyword$_verifyElementAttributeValue_closure1.doCall(VerifyElementAttributeValueKeyword.groovy:98)
	at com.kms.katalon.core.webui.keyword.builtin.VerifyElementAttributeValueKeyword$_verifyElementAttributeValue_closure1.call(VerifyElementAttributeValueKeyword.groovy)
	at com.kms.katalon.core.webui.keyword.internal.WebUIKeywordMain.runKeyword(WebUIKeywordMain.groovy:20)
	... 19 more
)
[[ATTACHMENT|C:\\Users\\ASUS\\git\\LearningManagementWeb\\Reports\\20200604_111650\\Christi\\Manage Slider\\20200604_111650\\1591244320841.png]]]]></system-out>
         <system-err><![CDATA[2020-06-04 11:17:02 - [TEST_CASE][FAILED] - Test Cases/Christi/Admin/Manage Slider - Edit: Test Cases/Christi/Admin/Manage Slider - Edit FAILED.
Reason:
com.kms.katalon.core.exception.StepFailedException: Unable to verify if object 'Object Repository/Christi/Page_Manage Sliders/input_Slider name (edit)' has attribute 'text' with value 'Brand New Slider'
	at com.kms.katalon.core.webui.keyword.internal.WebUIKeywordMain.stepFailed(WebUIKeywordMain.groovy:64)
	at com.kms.katalon.core.webui.keyword.internal.WebUIKeywordMain.runKeyword(WebUIKeywordMain.groovy:26)
	at com.kms.katalon.core.webui.keyword.builtin.VerifyElementAttributeValueKeyword.verifyElementAttributeValue(VerifyElementAttributeValueKeyword.groovy:109)
	at com.kms.katalon.core.webui.keyword.builtin.VerifyElementAttributeValueKeyword.execute(VerifyElementAttributeValueKeyword.groovy:70)
	at com.kms.katalon.core.keyword.internal.KeywordExecutor.executeKeywordForPlatform(KeywordExecutor.groovy:60)
	at com.kms.katalon.core.webui.keyword.WebUiBuiltInKeywords.verifyElementAttributeValue(WebUiBuiltInKeywords.groovy:3252)
	at com.kms.katalon.core.webui.keyword.WebUiBuiltInKeywords$verifyElementAttributeValue$5.call(Unknown Source)
	at Manage Slider - Edit.run(Manage Slider - Edit:169)
	at com.kms.katalon.core.main.ScriptEngine.run(ScriptEngine.java:194)
	at com.kms.katalon.core.main.ScriptEngine.runScriptAsRawText(ScriptEngine.java:119)
	at com.kms.katalon.core.main.TestCaseExecutor.runScript(TestCaseExecutor.java:337)
	at com.kms.katalon.core.main.TestCaseExecutor.doExecute(TestCaseExecutor.java:328)
	at com.kms.katalon.core.main.TestCaseExecutor.processExecutionPhase(TestCaseExecutor.java:307)
	at com.kms.katalon.core.main.TestCaseExecutor.accessMainPhase(TestCaseExecutor.java:299)
	at com.kms.katalon.core.main.TestCaseExecutor.execute(TestCaseExecutor.java:233)
	at com.kms.katalon.core.main.TestSuiteExecutor.accessTestCaseMainPhase(TestSuiteExecutor.java:169)
	at com.kms.katalon.core.main.TestSuiteExecutor.accessTestSuiteMainPhase(TestSuiteExecutor.java:142)
	at com.kms.katalon.core.main.TestSuiteExecutor.execute(TestSuiteExecutor.java:91)
	at com.kms.katalon.core.main.TestCaseMain.startTestSuite(TestCaseMain.java:157)
	at com.kms.katalon.core.main.TestCaseMain$startTestSuite$0.call(Unknown Source)
	at TempTestSuite1591244210331.run(TempTestSuite1591244210331.groovy:36)
Caused by: com.kms.katalon.core.exception.StepFailedException: Object 'Object Repository/Christi/Page_Manage Sliders/input_Slider name (edit)' does not have attribute 'text'
	at com.kms.katalon.core.webui.keyword.internal.WebUIKeywordMain.stepFailed(WebUIKeywordMain.groovy:64)
	at com.kms.katalon.core.webui.keyword.builtin.VerifyElementAttributeValueKeyword$_verifyElementAttributeValue_closure1.doCall(VerifyElementAttributeValueKeyword.groovy:98)
	at com.kms.katalon.core.webui.keyword.builtin.VerifyElementAttributeValueKeyword$_verifyElementAttributeValue_closure1.call(VerifyElementAttributeValueKeyword.groovy)
	at com.kms.katalon.core.webui.keyword.internal.WebUIKeywordMain.runKeyword(WebUIKeywordMain.groovy:20)
	... 19 more]]></system-err>
      </testcase>
      <testcase name="Test Cases/Christi/Admin/Manage Slider - Edit" time="94.529" classname="Test Cases/Christi/Admin/Manage Slider - Edit" status="FAILED">
         <failure type="FAILED" message="Test Cases/Christi/Admin/Manage Slider - Edit FAILED.
Reason:
com.kms.katalon.core.exception.StepFailedException: Unable to verify if object 'Object Repository/Christi/Page_Manage Sliders/input_Slider name (edit)' has attribute 'text' with value 'WELCOMING KNOWLEDGE'
	at com.kms.katalon.core.webui.keyword.internal.WebUIKeywordMain.stepFailed(WebUIKeywordMain.groovy:64)
	at com.kms.katalon.core.webui.keyword.internal.WebUIKeywordMain.runKeyword(WebUIKeywordMain.groovy:26)
	at com.kms.katalon.core.webui.keyword.builtin.VerifyElementAttributeValueKeyword.verifyElementAttributeValue(VerifyElementAttributeValueKeyword.groovy:109)
	at com.kms.katalon.core.webui.keyword.builtin.VerifyElementAttributeValueKeyword.execute(VerifyElementAttributeValueKeyword.groovy:70)
	at com.kms.katalon.core.keyword.internal.KeywordExecutor.executeKeywordForPlatform(KeywordExecutor.groovy:60)
	at com.kms.katalon.core.webui.keyword.WebUiBuiltInKeywords.verifyElementAttributeValue(WebUiBuiltInKeywords.groovy:3252)
	at com.kms.katalon.core.webui.keyword.WebUiBuiltInKeywords$verifyElementAttributeValue$5.call(Unknown Source)
	at Manage Slider - Edit.run(Manage Slider - Edit:49)
	at com.kms.katalon.core.main.ScriptEngine.run(ScriptEngine.java:194)
	at com.kms.katalon.core.main.ScriptEngine.runScriptAsRawText(ScriptEngine.java:119)
	at com.kms.katalon.core.main.TestCaseExecutor.runScript(TestCaseExecutor.java:337)
	at com.kms.katalon.core.main.TestCaseExecutor.doExecute(TestCaseExecutor.java:328)
	at com.kms.katalon.core.main.TestCaseExecutor.processExecutionPhase(TestCaseExecutor.java:307)
	at com.kms.katalon.core.main.TestCaseExecutor.accessMainPhase(TestCaseExecutor.java:299)
	at com.kms.katalon.core.main.TestCaseExecutor.execute(TestCaseExecutor.java:233)
	at com.kms.katalon.core.main.TestSuiteExecutor.accessTestCaseMainPhase(TestSuiteExecutor.java:169)
	at com.kms.katalon.core.main.TestSuiteExecutor.accessTestSuiteMainPhase(TestSuiteExecutor.java:142)
	at com.kms.katalon.core.main.TestSuiteExecutor.execute(TestSuiteExecutor.java:91)
	at com.kms.katalon.core.main.TestCaseMain.startTestSuite(TestCaseMain.java:157)
	at com.kms.katalon.core.main.TestCaseMain$startTestSuite$0.call(Unknown Source)
	at TempTestSuite1591244210331.run(TempTestSuite1591244210331.groovy:36)
Caused by: com.kms.katalon.core.exception.StepFailedException: Object 'Object Repository/Christi/Page_Manage Sliders/input_Slider name (edit)' does not have attribute 'text'
	at com.kms.katalon.core.webui.keyword.internal.WebUIKeywordMain.stepFailed(WebUIKeywordMain.groovy:64)
	at com.kms.katalon.core.webui.keyword.builtin.VerifyElementAttributeValueKeyword$_verifyElementAttributeValue_closure1.doCall(VerifyElementAttributeValueKeyword.groovy:98)
	at com.kms.katalon.core.webui.keyword.builtin.VerifyElementAttributeValueKeyword$_verifyElementAttributeValue_closure1.call(VerifyElementAttributeValueKeyword.groovy)
	at com.kms.katalon.core.webui.keyword.internal.WebUIKeywordMain.runKeyword(WebUIKeywordMain.groovy:20)
	... 19 more
"/>
         <system-out><![CDATA[2020-06-04 11:18:41 - [TEST_CASE][FAILED] - Test Cases/Christi/Admin/Manage Slider - Edit: Test Cases/Christi/Admin/Manage Slider - Edit FAILED.
Reason:
com.kms.katalon.core.exception.StepFailedException: Unable to verify if object 'Object Repository/Christi/Page_Manage Sliders/input_Slider name (edit)' has attribute 'text' with value 'WELCOMING KNOWLEDGE'
	at com.kms.katalon.core.webui.keyword.internal.WebUIKeywordMain.stepFailed(WebUIKeywordMain.groovy:64)
	at com.kms.katalon.core.webui.keyword.internal.WebUIKeywordMain.runKeyword(WebUIKeywordMain.groovy:26)
	at com.kms.katalon.core.webui.keyword.builtin.VerifyElementAttributeValueKeyword.verifyElementAttributeValue(VerifyElementAttributeValueKeyword.groovy:109)
	at com.kms.katalon.core.webui.keyword.builtin.VerifyElementAttributeValueKeyword.execute(VerifyElementAttributeValueKeyword.groovy:70)
	at com.kms.katalon.core.keyword.internal.KeywordExecutor.executeKeywordForPlatform(KeywordExecutor.groovy:60)
	at com.kms.katalon.core.webui.keyword.WebUiBuiltInKeywords.verifyElementAttributeValue(WebUiBuiltInKeywords.groovy:3252)
	at com.kms.katalon.core.webui.keyword.WebUiBuiltInKeywords$verifyElementAttributeValue$5.call(Unknown Source)
	at Manage Slider - Edit.run(Manage Slider - Edit:49)
	at com.kms.katalon.core.main.ScriptEngine.run(ScriptEngine.java:194)
	at com.kms.katalon.core.main.ScriptEngine.runScriptAsRawText(ScriptEngine.java:119)
	at com.kms.katalon.core.main.TestCaseExecutor.runScript(TestCaseExecutor.java:337)
	at com.kms.katalon.core.main.TestCaseExecutor.doExecute(TestCaseExecutor.java:328)
	at com.kms.katalon.core.main.TestCaseExecutor.processExecutionPhase(TestCaseExecutor.java:307)
	at com.kms.katalon.core.main.TestCaseExecutor.accessMainPhase(TestCaseExecutor.java:299)
	at com.kms.katalon.core.main.TestCaseExecutor.execute(TestCaseExecutor.java:233)
	at com.kms.katalon.core.main.TestSuiteExecutor.accessTestCaseMainPhase(TestSuiteExecutor.java:169)
	at com.kms.katalon.core.main.TestSuiteExecutor.accessTestSuiteMainPhase(TestSuiteExecutor.java:142)
	at com.kms.katalon.core.main.TestSuiteExecutor.execute(TestSuiteExecutor.java:91)
	at com.kms.katalon.core.main.TestCaseMain.startTestSuite(TestCaseMain.java:157)
	at com.kms.katalon.core.main.TestCaseMain$startTestSuite$0.call(Unknown Source)
	at TempTestSuite1591244210331.run(TempTestSuite1591244210331.groovy:36)
Caused by: com.kms.katalon.core.exception.StepFailedException: Object 'Object Repository/Christi/Page_Manage Sliders/input_Slider name (edit)' does not have attribute 'text'
	at com.kms.katalon.core.webui.keyword.internal.WebUIKeywordMain.stepFailed(WebUIKeywordMain.groovy:64)
	at com.kms.katalon.core.webui.keyword.builtin.VerifyElementAttributeValueKeyword$_verifyElementAttributeValue_closure1.doCall(VerifyElementAttributeValueKeyword.groovy:98)
	at com.kms.katalon.core.webui.keyword.builtin.VerifyElementAttributeValueKeyword$_verifyElementAttributeValue_closure1.call(VerifyElementAttributeValueKeyword.groovy)
	at com.kms.katalon.core.webui.keyword.internal.WebUIKeywordMain.runKeyword(WebUIKeywordMain.groovy:20)
	... 19 more


2020-06-04 11:18:41 - [TEST_STEP][PASSED] - callTestCase(findTestCase("Christi/Admin/admin login"), ["username":"11666", "password":"Password3"], STOP_ON_FAILURE): Call Test Case 'Test Cases/Christi/Admin/admin login' successfully

2020-06-04 11:18:41 - [TEST_CASE][PASSED] - Test Cases/Christi/Admin/admin login: Test Cases/Christi/Admin/admin login

2020-06-04 11:18:41 - [TEST_STEP][PASSED] - openBrowser(""): Browser is opened with url: ''

2020-06-04 11:18:41 - [MESSAGE][WARNING] - A browser is already opened. Closing browser and opening a new one

2020-06-04 11:18:42 - [MESSAGE][INFO] - Starting 'Chrome' driver

2020-06-04 11:18:45 - [MESSAGE][PASSED] - Browser is opened with url: ''

2020-06-04 11:18:45 - [TEST_STEP][PASSED] - navigateToUrl("https://appsrv1.deltadatamandiri.com/ACC_LMS_WEB/#/admNLmn"): Navigate to 'https://appsrv1.deltadatamandiri.com/ACC_LMS_WEB/#/admNLmn' successfully

2020-06-04 11:19:23 - [MESSAGE][PASSED] - Navigate to 'https://appsrv1.deltadatamandiri.com/ACC_LMS_WEB/#/admNLmn' successfully

2020-06-04 11:19:23 - [TEST_STEP][PASSED] - click(findTestObject("Christi/Page_Main/button_login")): Object: 'Object Repository/Christi/Page_Main/button_login' is clicked on

2020-06-04 11:19:29 - [MESSAGE][ERROR] - javascript error: Failed to execute 'elementsFromPoint' on 'Document': The provided double value is non-finite.
  (Session info: chrome=83.0.4103.61)
Build info: version: '3.141.59', revision: 'e82be7d358', time: '2018-11-14T08:25:53'
System info: host: 'LAPTOP-D0TPACJ1', ip: '192.168.100.227', os.name: 'Windows 10', os.arch: 'amd64', os.version: '10.0', java.version: '1.8.0_181'
Driver info: com.kms.katalon.selenium.driver.CChromeDriver
Capabilities {acceptInsecureCerts: false, browserName: chrome, browserVersion: 83.0.4103.61, chrome: {chromedriverVersion: 83.0.4103.39 (ccbf011cb2d2b..., userDataDir: C:\Users\ASUS\AppData\Local...}, goog:chromeOptions: {debuggerAddress: localhost:53757}, javascriptEnabled: true, networkConnectionEnabled: false, pageLoadStrategy: normal, platform: WINDOWS, platformName: WINDOWS, proxy: Proxy(), setWindowRect: true, strictFileInteractability: false, timeouts: {implicit: 0, pageLoad: 300000, script: 30000}, unhandledPromptBehavior: dismiss and notify, webauthn:virtualAuthenticators: true}
Session ID: 6585604076bce7047567f90d11e85a96

2020-06-04 11:19:30 - [MESSAGE][PASSED] - Object: 'Object Repository/Christi/Page_Main/button_login' is clicked on

2020-06-04 11:19:30 - [TEST_STEP][PASSED] - delay(3): Delayed 3 second(s)

2020-06-04 11:19:33 - [MESSAGE][PASSED] - Delayed 3 second(s)

2020-06-04 11:19:33 - [TEST_STEP][PASSED] - setText(findTestObject("Object Repository/Christi/Page_Main/input_NPK_username"), username): Text '11666' is set on object 'Object Repository/Christi/Page_Main/input_NPK_username'

2020-06-04 11:19:34 - [MESSAGE][PASSED] - Text '11666' is set on object 'Object Repository/Christi/Page_Main/input_NPK_username'

2020-06-04 11:19:34 - [TEST_STEP][PASSED] - setText(findTestObject("Object Repository/Christi/Page_Main/input_Password_password"), password): Text 'Password3' is set on object 'Object Repository/Christi/Page_Main/input_Password_password'

2020-06-04 11:19:34 - [MESSAGE][PASSED] - Text 'Password3' is set on object 'Object Repository/Christi/Page_Main/input_Password_password'

2020-06-04 11:19:34 - [TEST_STEP][PASSED] - delay(5): Delayed 5 second(s)

2020-06-04 11:19:39 - [MESSAGE][PASSED] - Delayed 5 second(s)

2020-06-04 11:19:39 - [TEST_STEP][PASSED] - click(findTestObject("Rizka/Admin/Admin - Login/btnLogin2")): Object: 'Object Repository/Rizka/Admin/Admin - Login/btnLogin2' is clicked on

2020-06-04 11:19:40 - [MESSAGE][PASSED] - Object: 'Object Repository/Rizka/Admin/Admin - Login/btnLogin2' is clicked on

2020-06-04 11:19:40 - [TEST_STEP][PASSED] - delay(5): Delayed 5 second(s)

2020-06-04 11:19:45 - [MESSAGE][PASSED] - Delayed 5 second(s)

2020-06-04 11:19:45 - [MESSAGE][PASSED] - Call Test Case 'Test Cases/Christi/Admin/admin login' successfully

2020-06-04 11:19:45 - [TEST_STEP][PASSED] - delay(3): Delayed 3 second(s)

2020-06-04 11:19:48 - [MESSAGE][PASSED] - Delayed 3 second(s)

2020-06-04 11:19:48 - [TEST_STEP][PASSED] - click(findTestObject("Object Repository/Christi/Page_Dashboard Admin/span_Manage Slider")): Object: 'Object Repository/Christi/Page_Dashboard Admin/span_Manage Slider' is clicked on

2020-06-04 11:19:48 - [MESSAGE][PASSED] - Object: 'Object Repository/Christi/Page_Dashboard Admin/span_Manage Slider' is clicked on

2020-06-04 11:19:48 - [TEST_STEP][PASSED] - delay(3): Delayed 3 second(s)

2020-06-04 11:19:51 - [MESSAGE][PASSED] - Delayed 3 second(s)

2020-06-04 11:19:51 - [TEST_STEP][FAILED] - if (find_slider == "found"): Unable to verify if object 'Object Repository/Christi/Page_Manage Sliders/input_Slider name (edit)' has attribute 'text' with value 'WELCOMING KNOWLEDGE' (Root cause: com.kms.katalon.core.exception.StepFailedException: Unable to verify if object 'Object Repository/Christi/Page_Manage Sliders/input_Slider name (edit)' has attribute 'text' with value 'WELCOMING KNOWLEDGE'
	at com.kms.katalon.core.webui.keyword.internal.WebUIKeywordMain.stepFailed(WebUIKeywordMain.groovy:64)
	at com.kms.katalon.core.webui.keyword.internal.WebUIKeywordMain.runKeyword(WebUIKeywordMain.groovy:26)
	at com.kms.katalon.core.webui.keyword.builtin.VerifyElementAttributeValueKeyword.verifyElementAttributeValue(VerifyElementAttributeValueKeyword.groovy:109)
	at com.kms.katalon.core.webui.keyword.builtin.VerifyElementAttributeValueKeyword.execute(VerifyElementAttributeValueKeyword.groovy:70)
	at com.kms.katalon.core.keyword.internal.KeywordExecutor.executeKeywordForPlatform(KeywordExecutor.groovy:60)
	at com.kms.katalon.core.webui.keyword.WebUiBuiltInKeywords.verifyElementAttributeValue(WebUiBuiltInKeywords.groovy:3252)
	at com.kms.katalon.core.webui.keyword.WebUiBuiltInKeywords$verifyElementAttributeValue$5.call(Unknown Source)
	at Manage Slider - Edit.run(Manage Slider - Edit:49)
	at com.kms.katalon.core.main.ScriptEngine.run(ScriptEngine.java:194)
	at com.kms.katalon.core.main.ScriptEngine.runScriptAsRawText(ScriptEngine.java:119)
	at com.kms.katalon.core.main.TestCaseExecutor.runScript(TestCaseExecutor.java:337)
	at com.kms.katalon.core.main.TestCaseExecutor.doExecute(TestCaseExecutor.java:328)
	at com.kms.katalon.core.main.TestCaseExecutor.processExecutionPhase(TestCaseExecutor.java:307)
	at com.kms.katalon.core.main.TestCaseExecutor.accessMainPhase(TestCaseExecutor.java:299)
	at com.kms.katalon.core.main.TestCaseExecutor.execute(TestCaseExecutor.java:233)
	at com.kms.katalon.core.main.TestSuiteExecutor.accessTestCaseMainPhase(TestSuiteExecutor.java:169)
	at com.kms.katalon.core.main.TestSuiteExecutor.accessTestSuiteMainPhase(TestSuiteExecutor.java:142)
	at com.kms.katalon.core.main.TestSuiteExecutor.execute(TestSuiteExecutor.java:91)
	at com.kms.katalon.core.main.TestCaseMain.startTestSuite(TestCaseMain.java:157)
	at com.kms.katalon.core.main.TestCaseMain$startTestSuite$0.call(Unknown Source)
	at TempTestSuite1591244210331.run(TempTestSuite1591244210331.groovy:36)
Caused by: com.kms.katalon.core.exception.StepFailedException: Object 'Object Repository/Christi/Page_Manage Sliders/input_Slider name (edit)' does not have attribute 'text'
	at com.kms.katalon.core.webui.keyword.internal.WebUIKeywordMain.stepFailed(WebUIKeywordMain.groovy:64)
	at com.kms.katalon.core.webui.keyword.builtin.VerifyElementAttributeValueKeyword$_verifyElementAttributeValue_closure1.doCall(VerifyElementAttributeValueKeyword.groovy:98)
	at com.kms.katalon.core.webui.keyword.builtin.VerifyElementAttributeValueKeyword$_verifyElementAttributeValue_closure1.call(VerifyElementAttributeValueKeyword.groovy)
	at com.kms.katalon.core.webui.keyword.internal.WebUIKeywordMain.runKeyword(WebUIKeywordMain.groovy:20)
	... 19 more
)

2020-06-04 11:19:51 - [TEST_STEP][PASSED] - verifyElementPresent(findTestObject("Christi/Page_Manage Sliders/label_Slider", ["text":nama_slider]), 3): Object 'Object Repository/Christi/Page_Manage Sliders/label_Slider' is present

2020-06-04 11:19:53 - [MESSAGE][PASSED] - Object 'Object Repository/Christi/Page_Manage Sliders/label_Slider' is present

2020-06-04 11:19:53 - [TEST_STEP][PASSED] - delay(3): Delayed 3 second(s)

2020-06-04 11:19:56 - [MESSAGE][PASSED] - Delayed 3 second(s)

2020-06-04 11:19:56 - [TEST_STEP][PASSED] - click(findTestObject("Object Repository/Christi/Page_Manage Sliders/span_Edit NEOP SERVICE")): Object: 'Object Repository/Christi/Page_Manage Sliders/span_Edit NEOP SERVICE' is clicked on

2020-06-04 11:19:57 - [MESSAGE][PASSED] - Object: 'Object Repository/Christi/Page_Manage Sliders/span_Edit NEOP SERVICE' is clicked on

2020-06-04 11:19:57 - [TEST_STEP][PASSED] - delay(3): Delayed 3 second(s)

2020-06-04 11:20:00 - [MESSAGE][PASSED] - Delayed 3 second(s)

2020-06-04 11:20:00 - [TEST_STEP][FAILED] - switch (edit.toString()): Unable to verify if object 'Object Repository/Christi/Page_Manage Sliders/input_Slider name (edit)' has attribute 'text' with value 'WELCOMING KNOWLEDGE' (Root cause: com.kms.katalon.core.exception.StepFailedException: Unable to verify if object 'Object Repository/Christi/Page_Manage Sliders/input_Slider name (edit)' has attribute 'text' with value 'WELCOMING KNOWLEDGE'
	at com.kms.katalon.core.webui.keyword.internal.WebUIKeywordMain.stepFailed(WebUIKeywordMain.groovy:64)
	at com.kms.katalon.core.webui.keyword.internal.WebUIKeywordMain.runKeyword(WebUIKeywordMain.groovy:26)
	at com.kms.katalon.core.webui.keyword.builtin.VerifyElementAttributeValueKeyword.verifyElementAttributeValue(VerifyElementAttributeValueKeyword.groovy:109)
	at com.kms.katalon.core.webui.keyword.builtin.VerifyElementAttributeValueKeyword.execute(VerifyElementAttributeValueKeyword.groovy:70)
	at com.kms.katalon.core.keyword.internal.KeywordExecutor.executeKeywordForPlatform(KeywordExecutor.groovy:60)
	at com.kms.katalon.core.webui.keyword.WebUiBuiltInKeywords.verifyElementAttributeValue(WebUiBuiltInKeywords.groovy:3252)
	at com.kms.katalon.core.webui.keyword.WebUiBuiltInKeywords$verifyElementAttributeValue$5.call(Unknown Source)
	at Manage Slider - Edit.run(Manage Slider - Edit:49)
	at com.kms.katalon.core.main.ScriptEngine.run(ScriptEngine.java:194)
	at com.kms.katalon.core.main.ScriptEngine.runScriptAsRawText(ScriptEngine.java:119)
	at com.kms.katalon.core.main.TestCaseExecutor.runScript(TestCaseExecutor.java:337)
	at com.kms.katalon.core.main.TestCaseExecutor.doExecute(TestCaseExecutor.java:328)
	at com.kms.katalon.core.main.TestCaseExecutor.processExecutionPhase(TestCaseExecutor.java:307)
	at com.kms.katalon.core.main.TestCaseExecutor.accessMainPhase(TestCaseExecutor.java:299)
	at com.kms.katalon.core.main.TestCaseExecutor.execute(TestCaseExecutor.java:233)
	at com.kms.katalon.core.main.TestSuiteExecutor.accessTestCaseMainPhase(TestSuiteExecutor.java:169)
	at com.kms.katalon.core.main.TestSuiteExecutor.accessTestSuiteMainPhase(TestSuiteExecutor.java:142)
	at com.kms.katalon.core.main.TestSuiteExecutor.execute(TestSuiteExecutor.java:91)
	at com.kms.katalon.core.main.TestCaseMain.startTestSuite(TestCaseMain.java:157)
	at com.kms.katalon.core.main.TestCaseMain$startTestSuite$0.call(Unknown Source)
	at TempTestSuite1591244210331.run(TempTestSuite1591244210331.groovy:36)
Caused by: com.kms.katalon.core.exception.StepFailedException: Object 'Object Repository/Christi/Page_Manage Sliders/input_Slider name (edit)' does not have attribute 'text'
	at com.kms.katalon.core.webui.keyword.internal.WebUIKeywordMain.stepFailed(WebUIKeywordMain.groovy:64)
	at com.kms.katalon.core.webui.keyword.builtin.VerifyElementAttributeValueKeyword$_verifyElementAttributeValue_closure1.doCall(VerifyElementAttributeValueKeyword.groovy:98)
	at com.kms.katalon.core.webui.keyword.builtin.VerifyElementAttributeValueKeyword$_verifyElementAttributeValue_closure1.call(VerifyElementAttributeValueKeyword.groovy)
	at com.kms.katalon.core.webui.keyword.internal.WebUIKeywordMain.runKeyword(WebUIKeywordMain.groovy:20)
	... 19 more
)

2020-06-04 11:20:00 - [TEST_STEP][FAILED] - case "nama slider":: Unable to verify if object 'Object Repository/Christi/Page_Manage Sliders/input_Slider name (edit)' has attribute 'text' with value 'WELCOMING KNOWLEDGE' (Root cause: com.kms.katalon.core.exception.StepFailedException: Unable to verify if object 'Object Repository/Christi/Page_Manage Sliders/input_Slider name (edit)' has attribute 'text' with value 'WELCOMING KNOWLEDGE'
	at com.kms.katalon.core.webui.keyword.internal.WebUIKeywordMain.stepFailed(WebUIKeywordMain.groovy:64)
	at com.kms.katalon.core.webui.keyword.internal.WebUIKeywordMain.runKeyword(WebUIKeywordMain.groovy:26)
	at com.kms.katalon.core.webui.keyword.builtin.VerifyElementAttributeValueKeyword.verifyElementAttributeValue(VerifyElementAttributeValueKeyword.groovy:109)
	at com.kms.katalon.core.webui.keyword.builtin.VerifyElementAttributeValueKeyword.execute(VerifyElementAttributeValueKeyword.groovy:70)
	at com.kms.katalon.core.keyword.internal.KeywordExecutor.executeKeywordForPlatform(KeywordExecutor.groovy:60)
	at com.kms.katalon.core.webui.keyword.WebUiBuiltInKeywords.verifyElementAttributeValue(WebUiBuiltInKeywords.groovy:3252)
	at com.kms.katalon.core.webui.keyword.WebUiBuiltInKeywords$verifyElementAttributeValue$5.call(Unknown Source)
	at Manage Slider - Edit.run(Manage Slider - Edit:49)
	at com.kms.katalon.core.main.ScriptEngine.run(ScriptEngine.java:194)
	at com.kms.katalon.core.main.ScriptEngine.runScriptAsRawText(ScriptEngine.java:119)
	at com.kms.katalon.core.main.TestCaseExecutor.runScript(TestCaseExecutor.java:337)
	at com.kms.katalon.core.main.TestCaseExecutor.doExecute(TestCaseExecutor.java:328)
	at com.kms.katalon.core.main.TestCaseExecutor.processExecutionPhase(TestCaseExecutor.java:307)
	at com.kms.katalon.core.main.TestCaseExecutor.accessMainPhase(TestCaseExecutor.java:299)
	at com.kms.katalon.core.main.TestCaseExecutor.execute(TestCaseExecutor.java:233)
	at com.kms.katalon.core.main.TestSuiteExecutor.accessTestCaseMainPhase(TestSuiteExecutor.java:169)
	at com.kms.katalon.core.main.TestSuiteExecutor.accessTestSuiteMainPhase(TestSuiteExecutor.java:142)
	at com.kms.katalon.core.main.TestSuiteExecutor.execute(TestSuiteExecutor.java:91)
	at com.kms.katalon.core.main.TestCaseMain.startTestSuite(TestCaseMain.java:157)
	at com.kms.katalon.core.main.TestCaseMain$startTestSuite$0.call(Unknown Source)
	at TempTestSuite1591244210331.run(TempTestSuite1591244210331.groovy:36)
Caused by: com.kms.katalon.core.exception.StepFailedException: Object 'Object Repository/Christi/Page_Manage Sliders/input_Slider name (edit)' does not have attribute 'text'
	at com.kms.katalon.core.webui.keyword.internal.WebUIKeywordMain.stepFailed(WebUIKeywordMain.groovy:64)
	at com.kms.katalon.core.webui.keyword.builtin.VerifyElementAttributeValueKeyword$_verifyElementAttributeValue_closure1.doCall(VerifyElementAttributeValueKeyword.groovy:98)
	at com.kms.katalon.core.webui.keyword.builtin.VerifyElementAttributeValueKeyword$_verifyElementAttributeValue_closure1.call(VerifyElementAttributeValueKeyword.groovy)
	at com.kms.katalon.core.webui.keyword.internal.WebUIKeywordMain.runKeyword(WebUIKeywordMain.groovy:20)
	... 19 more
)

2020-06-04 11:20:00 - [TEST_STEP][PASSED] - setText(findTestObject("Object Repository/Christi/Page_Manage Sliders/input_Slider name (edit)"), nama_slider_baru): Text 'WELCOMING KNOWLEDGE' is set on object 'Object Repository/Christi/Page_Manage Sliders/input_Slider name (edit)'

2020-06-04 11:20:00 - [MESSAGE][PASSED] - Text 'WELCOMING KNOWLEDGE' is set on object 'Object Repository/Christi/Page_Manage Sliders/input_Slider name (edit)'

2020-06-04 11:20:00 - [TEST_STEP][PASSED] - click(findTestObject("Object Repository/Christi/Page_Manage Sliders_Edit/button_Update Slider")): Object: 'Object Repository/Christi/Page_Manage Sliders_Edit/button_Update Slider' is clicked on

2020-06-04 11:20:01 - [MESSAGE][PASSED] - Object: 'Object Repository/Christi/Page_Manage Sliders_Edit/button_Update Slider' is clicked on

2020-06-04 11:20:01 - [TEST_STEP][FAILED] - if (expected == "pass"): Unable to verify if object 'Object Repository/Christi/Page_Manage Sliders/input_Slider name (edit)' has attribute 'text' with value 'WELCOMING KNOWLEDGE' (Root cause: com.kms.katalon.core.exception.StepFailedException: Unable to verify if object 'Object Repository/Christi/Page_Manage Sliders/input_Slider name (edit)' has attribute 'text' with value 'WELCOMING KNOWLEDGE'
	at com.kms.katalon.core.webui.keyword.internal.WebUIKeywordMain.stepFailed(WebUIKeywordMain.groovy:64)
	at com.kms.katalon.core.webui.keyword.internal.WebUIKeywordMain.runKeyword(WebUIKeywordMain.groovy:26)
	at com.kms.katalon.core.webui.keyword.builtin.VerifyElementAttributeValueKeyword.verifyElementAttributeValue(VerifyElementAttributeValueKeyword.groovy:109)
	at com.kms.katalon.core.webui.keyword.builtin.VerifyElementAttributeValueKeyword.execute(VerifyElementAttributeValueKeyword.groovy:70)
	at com.kms.katalon.core.keyword.internal.KeywordExecutor.executeKeywordForPlatform(KeywordExecutor.groovy:60)
	at com.kms.katalon.core.webui.keyword.WebUiBuiltInKeywords.verifyElementAttributeValue(WebUiBuiltInKeywords.groovy:3252)
	at com.kms.katalon.core.webui.keyword.WebUiBuiltInKeywords$verifyElementAttributeValue$5.call(Unknown Source)
	at Manage Slider - Edit.run(Manage Slider - Edit:49)
	at com.kms.katalon.core.main.ScriptEngine.run(ScriptEngine.java:194)
	at com.kms.katalon.core.main.ScriptEngine.runScriptAsRawText(ScriptEngine.java:119)
	at com.kms.katalon.core.main.TestCaseExecutor.runScript(TestCaseExecutor.java:337)
	at com.kms.katalon.core.main.TestCaseExecutor.doExecute(TestCaseExecutor.java:328)
	at com.kms.katalon.core.main.TestCaseExecutor.processExecutionPhase(TestCaseExecutor.java:307)
	at com.kms.katalon.core.main.TestCaseExecutor.accessMainPhase(TestCaseExecutor.java:299)
	at com.kms.katalon.core.main.TestCaseExecutor.execute(TestCaseExecutor.java:233)
	at com.kms.katalon.core.main.TestSuiteExecutor.accessTestCaseMainPhase(TestSuiteExecutor.java:169)
	at com.kms.katalon.core.main.TestSuiteExecutor.accessTestSuiteMainPhase(TestSuiteExecutor.java:142)
	at com.kms.katalon.core.main.TestSuiteExecutor.execute(TestSuiteExecutor.java:91)
	at com.kms.katalon.core.main.TestCaseMain.startTestSuite(TestCaseMain.java:157)
	at com.kms.katalon.core.main.TestCaseMain$startTestSuite$0.call(Unknown Source)
	at TempTestSuite1591244210331.run(TempTestSuite1591244210331.groovy:36)
Caused by: com.kms.katalon.core.exception.StepFailedException: Object 'Object Repository/Christi/Page_Manage Sliders/input_Slider name (edit)' does not have attribute 'text'
	at com.kms.katalon.core.webui.keyword.internal.WebUIKeywordMain.stepFailed(WebUIKeywordMain.groovy:64)
	at com.kms.katalon.core.webui.keyword.builtin.VerifyElementAttributeValueKeyword$_verifyElementAttributeValue_closure1.doCall(VerifyElementAttributeValueKeyword.groovy:98)
	at com.kms.katalon.core.webui.keyword.builtin.VerifyElementAttributeValueKeyword$_verifyElementAttributeValue_closure1.call(VerifyElementAttributeValueKeyword.groovy)
	at com.kms.katalon.core.webui.keyword.internal.WebUIKeywordMain.runKeyword(WebUIKeywordMain.groovy:20)
	... 19 more
)

2020-06-04 11:20:01 - [TEST_STEP][PASSED] - delay(3): Delayed 3 second(s)

2020-06-04 11:20:04 - [MESSAGE][PASSED] - Delayed 3 second(s)

2020-06-04 11:20:04 - [TEST_STEP][PASSED] - click(findTestObject("Object Repository/Christi/Page_Manage Sliders/span_Edit NEOP SERVICE")): Object: 'Object Repository/Christi/Page_Manage Sliders/span_Edit NEOP SERVICE' is clicked on

2020-06-04 11:20:11 - [MESSAGE][PASSED] - Object: 'Object Repository/Christi/Page_Manage Sliders/span_Edit NEOP SERVICE' is clicked on

2020-06-04 11:20:11 - [TEST_STEP][PASSED] - delay(3): Delayed 3 second(s)

2020-06-04 11:20:14 - [MESSAGE][PASSED] - Delayed 3 second(s)

2020-06-04 11:20:14 - [TEST_STEP][FAILED] - verifyElementAttributeValue(findTestObject("Object Repository/Christi/Page_Manage Sliders/input_Slider name (edit)"), "text", nama_slider_baru, 0): Unable to verify if object 'Object Repository/Christi/Page_Manage Sliders/input_Slider name (edit)' has attribute 'text' with value 'WELCOMING KNOWLEDGE' (Root cause: com.kms.katalon.core.exception.StepFailedException: Unable to verify if object 'Object Repository/Christi/Page_Manage Sliders/input_Slider name (edit)' has attribute 'text' with value 'WELCOMING KNOWLEDGE'
	at com.kms.katalon.core.webui.keyword.internal.WebUIKeywordMain.stepFailed(WebUIKeywordMain.groovy:64)
	at com.kms.katalon.core.webui.keyword.internal.WebUIKeywordMain.runKeyword(WebUIKeywordMain.groovy:26)
	at com.kms.katalon.core.webui.keyword.builtin.VerifyElementAttributeValueKeyword.verifyElementAttributeValue(VerifyElementAttributeValueKeyword.groovy:109)
	at com.kms.katalon.core.webui.keyword.builtin.VerifyElementAttributeValueKeyword.execute(VerifyElementAttributeValueKeyword.groovy:70)
	at com.kms.katalon.core.keyword.internal.KeywordExecutor.executeKeywordForPlatform(KeywordExecutor.groovy:60)
	at com.kms.katalon.core.webui.keyword.WebUiBuiltInKeywords.verifyElementAttributeValue(WebUiBuiltInKeywords.groovy:3252)
	at com.kms.katalon.core.webui.keyword.WebUiBuiltInKeywords$verifyElementAttributeValue$5.call(Unknown Source)
	at Manage Slider - Edit.run(Manage Slider - Edit:49)
	at com.kms.katalon.core.main.ScriptEngine.run(ScriptEngine.java:194)
	at com.kms.katalon.core.main.ScriptEngine.runScriptAsRawText(ScriptEngine.java:119)
	at com.kms.katalon.core.main.TestCaseExecutor.runScript(TestCaseExecutor.java:337)
	at com.kms.katalon.core.main.TestCaseExecutor.doExecute(TestCaseExecutor.java:328)
	at com.kms.katalon.core.main.TestCaseExecutor.processExecutionPhase(TestCaseExecutor.java:307)
	at com.kms.katalon.core.main.TestCaseExecutor.accessMainPhase(TestCaseExecutor.java:299)
	at com.kms.katalon.core.main.TestCaseExecutor.execute(TestCaseExecutor.java:233)
	at com.kms.katalon.core.main.TestSuiteExecutor.accessTestCaseMainPhase(TestSuiteExecutor.java:169)
	at com.kms.katalon.core.main.TestSuiteExecutor.accessTestSuiteMainPhase(TestSuiteExecutor.java:142)
	at com.kms.katalon.core.main.TestSuiteExecutor.execute(TestSuiteExecutor.java:91)
	at com.kms.katalon.core.main.TestCaseMain.startTestSuite(TestCaseMain.java:157)
	at com.kms.katalon.core.main.TestCaseMain$startTestSuite$0.call(Unknown Source)
	at TempTestSuite1591244210331.run(TempTestSuite1591244210331.groovy:36)
Caused by: com.kms.katalon.core.exception.StepFailedException: Object 'Object Repository/Christi/Page_Manage Sliders/input_Slider name (edit)' does not have attribute 'text'
	at com.kms.katalon.core.webui.keyword.internal.WebUIKeywordMain.stepFailed(WebUIKeywordMain.groovy:64)
	at com.kms.katalon.core.webui.keyword.builtin.VerifyElementAttributeValueKeyword$_verifyElementAttributeValue_closure1.doCall(VerifyElementAttributeValueKeyword.groovy:98)
	at com.kms.katalon.core.webui.keyword.builtin.VerifyElementAttributeValueKeyword$_verifyElementAttributeValue_closure1.call(VerifyElementAttributeValueKeyword.groovy)
	at com.kms.katalon.core.webui.keyword.internal.WebUIKeywordMain.runKeyword(WebUIKeywordMain.groovy:20)
	... 19 more
)

2020-06-04 11:20:14 - [MESSAGE][WARNING] - Timeout '0' is invalid. Using default page load timeout: '30'

2020-06-04 11:20:15 - [MESSAGE][FAILED] - Object 'Object Repository/Christi/Page_Manage Sliders/input_Slider name (edit)' does not have attribute 'text' (Root cause: com.kms.katalon.core.exception.StepFailedException: Object 'Object Repository/Christi/Page_Manage Sliders/input_Slider name (edit)' does not have attribute 'text'
	at com.kms.katalon.core.webui.keyword.internal.WebUIKeywordMain.stepFailed(WebUIKeywordMain.groovy:64)
	at com.kms.katalon.core.webui.keyword.builtin.VerifyElementAttributeValueKeyword$_verifyElementAttributeValue_closure1.doCall(VerifyElementAttributeValueKeyword.groovy:98)
	at com.kms.katalon.core.webui.keyword.builtin.VerifyElementAttributeValueKeyword$_verifyElementAttributeValue_closure1.call(VerifyElementAttributeValueKeyword.groovy)
	at com.kms.katalon.core.webui.keyword.internal.WebUIKeywordMain.runKeyword(WebUIKeywordMain.groovy:20)
	at com.kms.katalon.core.webui.keyword.builtin.VerifyElementAttributeValueKeyword.verifyElementAttributeValue(VerifyElementAttributeValueKeyword.groovy:109)
	at com.kms.katalon.core.webui.keyword.builtin.VerifyElementAttributeValueKeyword.execute(VerifyElementAttributeValueKeyword.groovy:70)
	at com.kms.katalon.core.keyword.internal.KeywordExecutor.executeKeywordForPlatform(KeywordExecutor.groovy:60)
	at com.kms.katalon.core.webui.keyword.WebUiBuiltInKeywords.verifyElementAttributeValue(WebUiBuiltInKeywords.groovy:3252)
	at com.kms.katalon.core.webui.keyword.WebUiBuiltInKeywords$verifyElementAttributeValue$5.call(Unknown Source)
	at Manage Slider - Edit.run(Manage Slider - Edit:49)
	at com.kms.katalon.core.main.ScriptEngine.run(ScriptEngine.java:194)
	at com.kms.katalon.core.main.ScriptEngine.runScriptAsRawText(ScriptEngine.java:119)
	at com.kms.katalon.core.main.TestCaseExecutor.runScript(TestCaseExecutor.java:337)
	at com.kms.katalon.core.main.TestCaseExecutor.doExecute(TestCaseExecutor.java:328)
	at com.kms.katalon.core.main.TestCaseExecutor.processExecutionPhase(TestCaseExecutor.java:307)
	at com.kms.katalon.core.main.TestCaseExecutor.accessMainPhase(TestCaseExecutor.java:299)
	at com.kms.katalon.core.main.TestCaseExecutor.execute(TestCaseExecutor.java:233)
	at com.kms.katalon.core.main.TestSuiteExecutor.accessTestCaseMainPhase(TestSuiteExecutor.java:169)
	at com.kms.katalon.core.main.TestSuiteExecutor.accessTestSuiteMainPhase(TestSuiteExecutor.java:142)
	at com.kms.katalon.core.main.TestSuiteExecutor.execute(TestSuiteExecutor.java:91)
	at com.kms.katalon.core.main.TestCaseMain.startTestSuite(TestCaseMain.java:157)
	at com.kms.katalon.core.main.TestCaseMain$startTestSuite$0.call(Unknown Source)
	at TempTestSuite1591244210331.run(TempTestSuite1591244210331.groovy:36)
)
[[ATTACHMENT|C:\\Users\\ASUS\\git\\LearningManagementWeb\\Reports\\20200604_111650\\Christi\\Manage Slider\\20200604_111650\\1591244415109.png]]

2020-06-04 11:20:15 - [MESSAGE][FAILED] - Unable to verify if object 'Object Repository/Christi/Page_Manage Sliders/input_Slider name (edit)' has attribute 'text' with value 'WELCOMING KNOWLEDGE' (Root cause: com.kms.katalon.core.exception.StepFailedException: Unable to verify if object 'Object Repository/Christi/Page_Manage Sliders/input_Slider name (edit)' has attribute 'text' with value 'WELCOMING KNOWLEDGE'
	at com.kms.katalon.core.webui.keyword.internal.WebUIKeywordMain.stepFailed(WebUIKeywordMain.groovy:64)
	at com.kms.katalon.core.webui.keyword.internal.WebUIKeywordMain.runKeyword(WebUIKeywordMain.groovy:26)
	at com.kms.katalon.core.webui.keyword.builtin.VerifyElementAttributeValueKeyword.verifyElementAttributeValue(VerifyElementAttributeValueKeyword.groovy:109)
	at com.kms.katalon.core.webui.keyword.builtin.VerifyElementAttributeValueKeyword.execute(VerifyElementAttributeValueKeyword.groovy:70)
	at com.kms.katalon.core.keyword.internal.KeywordExecutor.executeKeywordForPlatform(KeywordExecutor.groovy:60)
	at com.kms.katalon.core.webui.keyword.WebUiBuiltInKeywords.verifyElementAttributeValue(WebUiBuiltInKeywords.groovy:3252)
	at com.kms.katalon.core.webui.keyword.WebUiBuiltInKeywords$verifyElementAttributeValue$5.call(Unknown Source)
	at Manage Slider - Edit.run(Manage Slider - Edit:49)
	at com.kms.katalon.core.main.ScriptEngine.run(ScriptEngine.java:194)
	at com.kms.katalon.core.main.ScriptEngine.runScriptAsRawText(ScriptEngine.java:119)
	at com.kms.katalon.core.main.TestCaseExecutor.runScript(TestCaseExecutor.java:337)
	at com.kms.katalon.core.main.TestCaseExecutor.doExecute(TestCaseExecutor.java:328)
	at com.kms.katalon.core.main.TestCaseExecutor.processExecutionPhase(TestCaseExecutor.java:307)
	at com.kms.katalon.core.main.TestCaseExecutor.accessMainPhase(TestCaseExecutor.java:299)
	at com.kms.katalon.core.main.TestCaseExecutor.execute(TestCaseExecutor.java:233)
	at com.kms.katalon.core.main.TestSuiteExecutor.accessTestCaseMainPhase(TestSuiteExecutor.java:169)
	at com.kms.katalon.core.main.TestSuiteExecutor.accessTestSuiteMainPhase(TestSuiteExecutor.java:142)
	at com.kms.katalon.core.main.TestSuiteExecutor.execute(TestSuiteExecutor.java:91)
	at com.kms.katalon.core.main.TestCaseMain.startTestSuite(TestCaseMain.java:157)
	at com.kms.katalon.core.main.TestCaseMain$startTestSuite$0.call(Unknown Source)
	at TempTestSuite1591244210331.run(TempTestSuite1591244210331.groovy:36)
Caused by: com.kms.katalon.core.exception.StepFailedException: Object 'Object Repository/Christi/Page_Manage Sliders/input_Slider name (edit)' does not have attribute 'text'
	at com.kms.katalon.core.webui.keyword.internal.WebUIKeywordMain.stepFailed(WebUIKeywordMain.groovy:64)
	at com.kms.katalon.core.webui.keyword.builtin.VerifyElementAttributeValueKeyword$_verifyElementAttributeValue_closure1.doCall(VerifyElementAttributeValueKeyword.groovy:98)
	at com.kms.katalon.core.webui.keyword.builtin.VerifyElementAttributeValueKeyword$_verifyElementAttributeValue_closure1.call(VerifyElementAttributeValueKeyword.groovy)
	at com.kms.katalon.core.webui.keyword.internal.WebUIKeywordMain.runKeyword(WebUIKeywordMain.groovy:20)
	... 19 more
)
[[ATTACHMENT|C:\\Users\\ASUS\\git\\LearningManagementWeb\\Reports\\20200604_111650\\Christi\\Manage Slider\\20200604_111650\\1591244415559.png]]]]></system-out>
         <system-err><![CDATA[2020-06-04 11:18:41 - [TEST_CASE][FAILED] - Test Cases/Christi/Admin/Manage Slider - Edit: Test Cases/Christi/Admin/Manage Slider - Edit FAILED.
Reason:
com.kms.katalon.core.exception.StepFailedException: Unable to verify if object 'Object Repository/Christi/Page_Manage Sliders/input_Slider name (edit)' has attribute 'text' with value 'WELCOMING KNOWLEDGE'
	at com.kms.katalon.core.webui.keyword.internal.WebUIKeywordMain.stepFailed(WebUIKeywordMain.groovy:64)
	at com.kms.katalon.core.webui.keyword.internal.WebUIKeywordMain.runKeyword(WebUIKeywordMain.groovy:26)
	at com.kms.katalon.core.webui.keyword.builtin.VerifyElementAttributeValueKeyword.verifyElementAttributeValue(VerifyElementAttributeValueKeyword.groovy:109)
	at com.kms.katalon.core.webui.keyword.builtin.VerifyElementAttributeValueKeyword.execute(VerifyElementAttributeValueKeyword.groovy:70)
	at com.kms.katalon.core.keyword.internal.KeywordExecutor.executeKeywordForPlatform(KeywordExecutor.groovy:60)
	at com.kms.katalon.core.webui.keyword.WebUiBuiltInKeywords.verifyElementAttributeValue(WebUiBuiltInKeywords.groovy:3252)
	at com.kms.katalon.core.webui.keyword.WebUiBuiltInKeywords$verifyElementAttributeValue$5.call(Unknown Source)
	at Manage Slider - Edit.run(Manage Slider - Edit:49)
	at com.kms.katalon.core.main.ScriptEngine.run(ScriptEngine.java:194)
	at com.kms.katalon.core.main.ScriptEngine.runScriptAsRawText(ScriptEngine.java:119)
	at com.kms.katalon.core.main.TestCaseExecutor.runScript(TestCaseExecutor.java:337)
	at com.kms.katalon.core.main.TestCaseExecutor.doExecute(TestCaseExecutor.java:328)
	at com.kms.katalon.core.main.TestCaseExecutor.processExecutionPhase(TestCaseExecutor.java:307)
	at com.kms.katalon.core.main.TestCaseExecutor.accessMainPhase(TestCaseExecutor.java:299)
[...]
	at Script1589346166086.run(Script1589346166086.groovy:23)
	... 13 more
)

2020-06-04 11:32:36 - [MESSAGE][INFO] - Unable to find the element located by 'By.xpath: //*[(text() = 'Manage Slider' or . = 'Manage Slider')]'. Please recheck the objects properties to make sure the desired element is located. 

2020-06-04 11:32:37 - [MESSAGE][FAILED] - Unable to click on object 'Object Repository/Christi/Page_Dashboard Admin/span_Manage Slider' (Root cause: com.kms.katalon.core.exception.StepFailedException: Unable to click on object 'Object Repository/Christi/Page_Dashboard Admin/span_Manage Slider'
	at com.kms.katalon.core.webui.keyword.internal.WebUIKeywordMain.stepFailed(WebUIKeywordMain.groovy:64)
	at com.kms.katalon.core.webui.keyword.internal.WebUIKeywordMain.runKeyword(WebUIKeywordMain.groovy:26)
	at com.kms.katalon.core.webui.keyword.builtin.ClickKeyword.click(ClickKeyword.groovy:99)
	at com.kms.katalon.core.webui.keyword.builtin.ClickKeyword.execute(ClickKeyword.groovy:43)
	at com.kms.katalon.core.keyword.internal.KeywordExecutor.executeKeywordForPlatform(KeywordExecutor.groovy:60)
	at com.kms.katalon.core.webui.keyword.WebUiBuiltInKeywords.click(WebUiBuiltInKeywords.groovy:616)
	at com.kms.katalon.core.webui.keyword.WebUiBuiltInKeywords$click$1.call(Unknown Source)
	at Manage Slider - Edit.run(Manage Slider - Edit:23)
	at com.kms.katalon.core.main.ScriptEngine.run(ScriptEngine.java:194)
	at com.kms.katalon.core.main.ScriptEngine.runScriptAsRawText(ScriptEngine.java:119)
	at com.kms.katalon.core.main.TestCaseExecutor.runScript(TestCaseExecutor.java:337)
	at com.kms.katalon.core.main.TestCaseExecutor.doExecute(TestCaseExecutor.java:328)
	at com.kms.katalon.core.main.TestCaseExecutor.processExecutionPhase(TestCaseExecutor.java:307)
	at com.kms.katalon.core.main.TestCaseExecutor.accessMainPhase(TestCaseExecutor.java:299)
	at com.kms.katalon.core.main.TestCaseExecutor.execute(TestCaseExecutor.java:233)
	at com.kms.katalon.core.main.TestSuiteExecutor.accessTestCaseMainPhase(TestSuiteExecutor.java:169)
	at com.kms.katalon.core.main.TestSuiteExecutor.accessTestSuiteMainPhase(TestSuiteExecutor.java:142)
	at com.kms.katalon.core.main.TestSuiteExecutor.execute(TestSuiteExecutor.java:91)
	at com.kms.katalon.core.main.TestCaseMain.startTestSuite(TestCaseMain.java:157)
	at com.kms.katalon.core.main.TestCaseMain$startTestSuite$0.call(Unknown Source)
	at TempTestSuite1591244210331.run(TempTestSuite1591244210331.groovy:36)
Caused by: com.kms.katalon.core.webui.exception.WebElementNotFoundException: Web element with id: 'Object Repository/Christi/Page_Dashboard Admin/span_Manage Slider' located by 'By.xpath: //*[(text() = 'Manage Slider' or . = 'Manage Slider')]' not found
	at com.kms.katalon.core.webui.common.WebUiCommonHelper.findWebElement(WebUiCommonHelper.java:1113)
	at com.kms.katalon.core.webui.keyword.internal.WebUIAbstractKeyword.findWebElement(WebUIAbstractKeyword.groovy:27)
	at com.kms.katalon.core.webui.keyword.internal.WebUIAbstractKeyword.findWebElement(WebUIAbstractKeyword.groovy:26)
	at com.kms.katalon.core.webui.keyword.builtin.ClickKeyword$_click_closure1.doCall(ClickKeyword.groovy:68)
	at com.kms.katalon.core.webui.keyword.builtin.ClickKeyword$_click_closure1.call(ClickKeyword.groovy)
	at com.kms.katalon.core.webui.keyword.internal.WebUIKeywordMain.runKeyword(WebUIKeywordMain.groovy:20)
	at com.kms.katalon.core.webui.keyword.builtin.ClickKeyword.click(ClickKeyword.groovy:99)
	at com.kms.katalon.core.webui.keyword.builtin.ClickKeyword.execute(ClickKeyword.groovy:43)
	at com.kms.katalon.core.keyword.internal.KeywordExecutor.executeKeywordForPlatform(KeywordExecutor.groovy:60)
	at com.kms.katalon.core.webui.keyword.WebUiBuiltInKeywords.click(WebUiBuiltInKeywords.groovy:616)
	at com.kms.katalon.core.webui.keyword.WebUiBuiltInKeywords$click$1.call(Unknown Source)
	at Script1589346166086.run(Script1589346166086.groovy:23)
	... 13 more
)
[[ATTACHMENT|C:\\Users\\ASUS\\git\\LearningManagementWeb\\Reports\\20200604_111650\\Christi\\Manage Slider\\20200604_111650\\1591245156668.png]]]]></system-out>
         <system-err><![CDATA[2020-06-04 11:30:48 - [TEST_CASE][FAILED] - Test Cases/Christi/Admin/Manage Slider - Edit: Test Cases/Christi/Admin/Manage Slider - Edit FAILED.
Reason:
com.kms.katalon.core.exception.StepFailedException: Unable to click on object 'Object Repository/Christi/Page_Dashboard Admin/span_Manage Slider'
	at com.kms.katalon.core.webui.keyword.internal.WebUIKeywordMain.stepFailed(WebUIKeywordMain.groovy:64)
	at com.kms.katalon.core.webui.keyword.internal.WebUIKeywordMain.runKeyword(WebUIKeywordMain.groovy:26)
	at com.kms.katalon.core.webui.keyword.builtin.ClickKeyword.click(ClickKeyword.groovy:99)
	at com.kms.katalon.core.webui.keyword.builtin.ClickKeyword.execute(ClickKeyword.groovy:43)
	at com.kms.katalon.core.keyword.internal.KeywordExecutor.executeKeywordForPlatform(KeywordExecutor.groovy:60)
	at com.kms.katalon.core.webui.keyword.WebUiBuiltInKeywords.click(WebUiBuiltInKeywords.groovy:616)
	at com.kms.katalon.core.webui.keyword.WebUiBuiltInKeywords$click$1.call(Unknown Source)
	at Manage Slider - Edit.run(Manage Slider - Edit:23)
	at com.kms.katalon.core.main.ScriptEngine.run(ScriptEngine.java:194)
	at com.kms.katalon.core.main.ScriptEngine.runScriptAsRawText(ScriptEngine.java:119)
	at com.kms.katalon.core.main.TestCaseExecutor.runScript(TestCaseExecutor.java:337)
	at com.kms.katalon.core.main.TestCaseExecutor.doExecute(TestCaseExecutor.java:328)
	at com.kms.katalon.core.main.TestCaseExecutor.processExecutionPhase(TestCaseExecutor.java:307)
	at com.kms.katalon.core.main.TestCaseExecutor.accessMainPhase(TestCaseExecutor.java:299)
	at com.kms.katalon.core.main.TestCaseExecutor.execute(TestCaseExecutor.java:233)
	at com.kms.katalon.core.main.TestSuiteExecutor.accessTestCaseMainPhase(TestSuiteExecutor.java:169)
	at com.kms.katalon.core.main.TestSuiteExecutor.accessTestSuiteMainPhase(TestSuiteExecutor.java:142)
	at com.kms.katalon.core.main.TestSuiteExecutor.execute(TestSuiteExecutor.java:91)
	at com.kms.katalon.core.main.TestCaseMain.startTestSuite(TestCaseMain.java:157)
	at com.kms.katalon.core.main.TestCaseMain$startTestSuite$0.call(Unknown Source)
	at TempTestSuite1591244210331.run(TempTestSuite1591244210331.groovy:36)
Caused by: com.kms.katalon.core.webui.exception.WebElementNotFoundException: Web element with id: 'Object Repository/Christi/Page_Dashboard Admin/span_Manage Slider' located by 'By.xpath: //*[(text() = 'Manage Slider' or . = 'Manage Slider')]' not found
	at com.kms.katalon.core.webui.common.WebUiCommonHelper.findWebElement(WebUiCommonHelper.java:1113)
	at com.kms.katalon.core.webui.keyword.internal.WebUIAbstractKeyword.findWebElement(WebUIAbstractKeyword.groovy:27)
	at com.kms.katalon.core.webui.keyword.internal.WebUIAbstractKeyword.findWebElement(WebUIAbstractKeyword.groovy:26)
	at com.kms.katalon.core.webui.keyword.builtin.ClickKeyword$_click_closure1.doCall(ClickKeyword.groovy:68)
	at com.kms.katalon.core.webui.keyword.builtin.ClickKeyword$_click_closure1.call(ClickKeyword.groovy)
	at com.kms.katalon.core.webui.keyword.internal.WebUIKeywordMain.runKeyword(WebUIKeywordMain.groovy:20)
	... 19 more]]></system-err>
      </testcase>
      <testcase name="Test Cases/Christi/Admin/Manage Slider - Edit" time="73.027" classname="Test Cases/Christi/Admin/Manage Slider - Edit" status="PASSED">
         <system-out><![CDATA[2020-06-04 11:32:37 - [TEST_CASE][PASSED] - Test Cases/Christi/Admin/Manage Slider - Edit: Test Cases/Christi/Admin/Manage Slider - Edit

2020-06-04 11:32:37 - [TEST_STEP][PASSED] - callTestCase(findTestCase("Christi/Admin/admin login"), ["username":"11666", "password":"Password3"], STOP_ON_FAILURE): Call Test Case 'Test Cases/Christi/Admin/admin login' successfully

2020-06-04 11:32:37 - [TEST_CASE][PASSED] - Test Cases/Christi/Admin/admin login: Test Cases/Christi/Admin/admin login

2020-06-04 11:32:37 - [TEST_STEP][PASSED] - openBrowser(""): Browser is opened with url: ''

2020-06-04 11:32:37 - [MESSAGE][WARNING] - A browser is already opened. Closing browser and opening a new one

2020-06-04 11:32:38 - [MESSAGE][INFO] - Starting 'Chrome' driver

2020-06-04 11:32:40 - [MESSAGE][PASSED] - Browser is opened with url: ''

2020-06-04 11:32:40 - [TEST_STEP][PASSED] - navigateToUrl("https://appsrv1.deltadatamandiri.com/ACC_LMS_WEB/#/admNLmn"): Navigate to 'https://appsrv1.deltadatamandiri.com/ACC_LMS_WEB/#/admNLmn' successfully

2020-06-04 11:33:08 - [MESSAGE][PASSED] - Navigate to 'https://appsrv1.deltadatamandiri.com/ACC_LMS_WEB/#/admNLmn' successfully

2020-06-04 11:33:08 - [TEST_STEP][PASSED] - click(findTestObject("Christi/Page_Main/button_login")): Object: 'Object Repository/Christi/Page_Main/button_login' is clicked on

2020-06-04 11:33:15 - [MESSAGE][ERROR] - javascript error: Failed to execute 'elementsFromPoint' on 'Document': The provided double value is non-finite.
  (Session info: chrome=83.0.4103.61)
Build info: version: '3.141.59', revision: 'e82be7d358', time: '2018-11-14T08:25:53'
System info: host: 'LAPTOP-D0TPACJ1', ip: '192.168.100.227', os.name: 'Windows 10', os.arch: 'amd64', os.version: '10.0', java.version: '1.8.0_181'
Driver info: com.kms.katalon.selenium.driver.CChromeDriver
Capabilities {acceptInsecureCerts: false, browserName: chrome, browserVersion: 83.0.4103.61, chrome: {chromedriverVersion: 83.0.4103.39 (ccbf011cb2d2b..., userDataDir: C:\Users\ASUS\AppData\Local...}, goog:chromeOptions: {debuggerAddress: localhost:54328}, javascriptEnabled: true, networkConnectionEnabled: false, pageLoadStrategy: normal, platform: WINDOWS, platformName: WINDOWS, proxy: Proxy(), setWindowRect: true, strictFileInteractability: false, timeouts: {implicit: 0, pageLoad: 300000, script: 30000}, unhandledPromptBehavior: dismiss and notify, webauthn:virtualAuthenticators: true}
Session ID: a37caeea92d6adf8157d76fa0d134b7c

2020-06-04 11:33:16 - [MESSAGE][PASSED] - Object: 'Object Repository/Christi/Page_Main/button_login' is clicked on

2020-06-04 11:33:16 - [TEST_STEP][PASSED] - delay(3): Delayed 3 second(s)

2020-06-04 11:33:19 - [MESSAGE][PASSED] - Delayed 3 second(s)

2020-06-04 11:33:19 - [TEST_STEP][PASSED] - setText(findTestObject("Object Repository/Christi/Page_Main/input_NPK_username"), username): Text '11666' is set on object 'Object Repository/Christi/Page_Main/input_NPK_username'

2020-06-04 11:33:19 - [MESSAGE][PASSED] - Text '11666' is set on object 'Object Repository/Christi/Page_Main/input_NPK_username'

2020-06-04 11:33:19 - [TEST_STEP][PASSED] - setText(findTestObject("Object Repository/Christi/Page_Main/input_Password_password"), password): Text 'Password3' is set on object 'Object Repository/Christi/Page_Main/input_Password_password'

2020-06-04 11:33:20 - [MESSAGE][PASSED] - Text 'Password3' is set on object 'Object Repository/Christi/Page_Main/input_Password_password'

2020-06-04 11:33:20 - [TEST_STEP][PASSED] - delay(5): Delayed 5 second(s)

2020-06-04 11:33:25 - [MESSAGE][PASSED] - Delayed 5 second(s)

2020-06-04 11:33:25 - [TEST_STEP][PASSED] - click(findTestObject("Rizka/Admin/Admin - Login/btnLogin2")): Object: 'Object Repository/Rizka/Admin/Admin - Login/btnLogin2' is clicked on

2020-06-04 11:33:25 - [MESSAGE][PASSED] - Object: 'Object Repository/Rizka/Admin/Admin - Login/btnLogin2' is clicked on

2020-06-04 11:33:25 - [TEST_STEP][PASSED] - delay(5): Delayed 5 second(s)

2020-06-04 11:33:30 - [MESSAGE][PASSED] - Delayed 5 second(s)

2020-06-04 11:33:30 - [MESSAGE][PASSED] - Call Test Case 'Test Cases/Christi/Admin/admin login' successfully

2020-06-04 11:33:30 - [TEST_STEP][PASSED] - delay(3): Delayed 3 second(s)

2020-06-04 11:33:33 - [MESSAGE][PASSED] - Delayed 3 second(s)

2020-06-04 11:33:33 - [TEST_STEP][PASSED] - click(findTestObject("Object Repository/Christi/Page_Dashboard Admin/span_Manage Slider")): Object: 'Object Repository/Christi/Page_Dashboard Admin/span_Manage Slider' is clicked on

2020-06-04 11:33:41 - [MESSAGE][PASSED] - Object: 'Object Repository/Christi/Page_Dashboard Admin/span_Manage Slider' is clicked on

2020-06-04 11:33:41 - [TEST_STEP][PASSED] - delay(3): Delayed 3 second(s)

2020-06-04 11:33:44 - [MESSAGE][PASSED] - Delayed 3 second(s)

2020-06-04 11:33:44 - [TEST_STEP][PASSED] - if (find_slider == "found"): null

2020-06-04 11:33:44 - [TEST_STEP][PASSED] - else if (find_slider == "not found"): Web element with id: 'Object Repository/Christi/Page_Manage Sliders/label_Slider' located by 'By.xpath: //label[(text() = 'xxxxx' or . = 'xxxxx')]' is not present after '3' second(s)

2020-06-04 11:33:44 - [TEST_STEP][PASSED] - verifyElementNotPresent(findTestObject("Christi/Page_Manage Sliders/label_Slider", ["text":nama_slider]), 3): Web element with id: 'Object Repository/Christi/Page_Manage Sliders/label_Slider' located by 'By.xpath: //label[(text() = 'xxxxx' or . = 'xxxxx')]' is not present after '3' second(s)

2020-06-04 11:33:46 - [MESSAGE][PASSED] - Web element with id: 'Object Repository/Christi/Page_Manage Sliders/label_Slider' located by 'By.xpath: //label[(text() = 'xxxxx' or . = 'xxxxx')]' is not present after '3' second(s)

2020-06-04 11:33:46 - [TEST_STEP][PASSED] - delay(3): Delayed 3 second(s)

2020-06-04 11:33:49 - [MESSAGE][PASSED] - Delayed 3 second(s)

2020-06-04 11:33:49 - [TEST_STEP][PASSED] - closeBrowser(STOP_ON_FAILURE): Browser is closed

2020-06-04 11:33:50 - [MESSAGE][PASSED] - Browser is closed]]></system-out>
         <system-err><![CDATA[]]></system-err>
      </testcase>
      <system-out><![CDATA[2020-06-04 11:17:01 - [TEST_SUITE][FAILED] - Manage Slider: Test Cases/Christi/Admin/Manage Slider - Edit FAILED.
Reason:
com.kms.katalon.core.exception.StepFailedException: Unable to verify if object 'Object Repository/Christi/Page_Manage Sliders/input_Slider name (edit)' has attribute 'text' with value 'Brand New Slider'
	at com.kms.katalon.core.webui.keyword.internal.WebUIKeywordMain.stepFailed(WebUIKeywordMain.groovy:64)
	at com.kms.katalon.core.webui.keyword.internal.WebUIKeywordMain.runKeyword(WebUIKeywordMain.groovy:26)
	at com.kms.katalon.core.webui.keyword.builtin.VerifyElementAttributeValueKeyword.verifyElementAttributeValue(VerifyElementAttributeValueKeyword.groovy:109)
	at com.kms.katalon.core.webui.keyword.builtin.VerifyElementAttributeValueKeyword.execute(VerifyElementAttributeValueKeyword.groovy:70)
	at com.kms.katalon.core.keyword.internal.KeywordExecutor.executeKeywordForPlatform(KeywordExecutor.groovy:60)
	at com.kms.katalon.core.webui.keyword.WebUiBuiltInKeywords.verifyElementAttributeValue(WebUiBuiltInKeywords.groovy:3252)
	at com.kms.katalon.core.webui.keyword.WebUiBuiltInKeywords$verifyElementAttributeValue$5.call(Unknown Source)
	at Manage Slider - Edit.run(Manage Slider - Edit:169)
	at com.kms.katalon.core.main.ScriptEngine.run(ScriptEngine.java:194)
	at com.kms.katalon.core.main.ScriptEngine.runScriptAsRawText(ScriptEngine.java:119)
	at com.kms.katalon.core.main.TestCaseExecutor.runScript(TestCaseExecutor.java:337)
	at com.kms.katalon.core.main.TestCaseExecutor.doExecute(TestCaseExecutor.java:328)
	at com.kms.katalon.core.main.TestCaseExecutor.processExecutionPhase(TestCaseExecutor.java:307)
	at com.kms.katalon.core.main.TestCaseExecutor.accessMainPhase(TestCaseExecutor.java:299)
	at com.kms.katalon.core.main.TestCaseExecutor.execute(TestCaseExecutor.java:233)
	at com.kms.katalon.core.main.TestSuiteExecutor.accessTestCaseMainPhase(TestSuiteExecutor.java:169)
	at com.kms.katalon.core.main.TestSuiteExecutor.accessTestSuiteMainPhase(TestSuiteExecutor.java:142)
	at com.kms.katalon.core.main.TestSuiteExecutor.execute(TestSuiteExecutor.java:91)
	at com.kms.katalon.core.main.TestCaseMain.startTestSuite(TestCaseMain.java:157)
	at com.kms.katalon.core.main.TestCaseMain$startTestSuite$0.call(Unknown Source)
	at TempTestSuite1591244210331.run(TempTestSuite1591244210331.groovy:36)
Caused by: com.kms.katalon.core.exception.StepFailedException: Object 'Object Repository/Christi/Page_Manage Sliders/input_Slider name (edit)' does not have attribute 'text'
	at com.kms.katalon.core.webui.keyword.internal.WebUIKeywordMain.stepFailed(WebUIKeywordMain.groovy:64)
	at com.kms.katalon.core.webui.keyword.builtin.VerifyElementAttributeValueKeyword$_verifyElementAttributeValue_closure1.doCall(VerifyElementAttributeValueKeyword.groovy:98)
	at com.kms.katalon.core.webui.keyword.builtin.VerifyElementAttributeValueKeyword$_verifyElementAttributeValue_closure1.call(VerifyElementAttributeValueKeyword.groovy)
	at com.kms.katalon.core.webui.keyword.internal.WebUIKeywordMain.runKeyword(WebUIKeywordMain.groovy:20)
	... 19 more]]></system-out>
      <system-err><![CDATA[2020-06-04 11:17:01 - [TEST_SUITE][FAILED] - Manage Slider: Test Cases/Christi/Admin/Manage Slider - Edit FAILED.
Reason:
com.kms.katalon.core.exception.StepFailedException: Unable to verify if object 'Object Repository/Christi/Page_Manage Sliders/input_Slider name (edit)' has attribute 'text' with value 'Brand New Slider'
	at com.kms.katalon.core.webui.keyword.internal.WebUIKeywordMain.stepFailed(WebUIKeywordMain.groovy:64)
	at com.kms.katalon.core.webui.keyword.internal.WebUIKeywordMain.runKeyword(WebUIKeywordMain.groovy:26)
	at com.kms.katalon.core.webui.keyword.builtin.VerifyElementAttributeValueKeyword.verifyElementAttributeValue(VerifyElementAttributeValueKeyword.groovy:109)
	at com.kms.katalon.core.webui.keyword.builtin.VerifyElementAttributeValueKeyword.execute(VerifyElementAttributeValueKeyword.groovy:70)
	at com.kms.katalon.core.keyword.internal.KeywordExecutor.executeKeywordForPlatform(KeywordExecutor.groovy:60)
	at com.kms.katalon.core.webui.keyword.WebUiBuiltInKeywords.verifyElementAttributeValue(WebUiBuiltInKeywords.groovy:3252)
	at com.kms.katalon.core.webui.keyword.WebUiBuiltInKeywords$verifyElementAttributeValue$5.call(Unknown Source)
	at Manage Slider - Edit.run(Manage Slider - Edit:169)
	at com.kms.katalon.core.main.ScriptEngine.run(ScriptEngine.java:194)
	at com.kms.katalon.core.main.ScriptEngine.runScriptAsRawText(ScriptEngine.java:119)
	at com.kms.katalon.core.main.TestCaseExecutor.runScript(TestCaseExecutor.java:337)
	at com.kms.katalon.core.main.TestCaseExecutor.doExecute(TestCaseExecutor.java:328)
	at com.kms.katalon.core.main.TestCaseExecutor.processExecutionPhase(TestCaseExecutor.java:307)
	at com.kms.katalon.core.main.TestCaseExecutor.accessMainPhase(TestCaseExecutor.java:299)
	at com.kms.katalon.core.main.TestCaseExecutor.execute(TestCaseExecutor.java:233)
	at com.kms.katalon.core.main.TestSuiteExecutor.accessTestCaseMainPhase(TestSuiteExecutor.java:169)
	at com.kms.katalon.core.main.TestSuiteExecutor.accessTestSuiteMainPhase(TestSuiteExecutor.java:142)
	at com.kms.katalon.core.main.TestSuiteExecutor.execute(TestSuiteExecutor.java:91)
	at com.kms.katalon.core.main.TestCaseMain.startTestSuite(TestCaseMain.java:157)
	at com.kms.katalon.core.main.TestCaseMain$startTestSuite$0.call(Unknown Source)
	at TempTestSuite1591244210331.run(TempTestSuite1591244210331.groovy:36)
Caused by: com.kms.katalon.core.exception.StepFailedException: Object 'Object Repository/Christi/Page_Manage Sliders/input_Slider name (edit)' does not have attribute 'text'
	at com.kms.katalon.core.webui.keyword.internal.WebUIKeywordMain.stepFailed(WebUIKeywordMain.groovy:64)
	at com.kms.katalon.core.webui.keyword.builtin.VerifyElementAttributeValueKeyword$_verifyElementAttributeValue_closure1.doCall(VerifyElementAttributeValueKeyword.groovy:98)
	at com.kms.katalon.core.webui.keyword.builtin.VerifyElementAttributeValueKeyword$_verifyElementAttributeValue_closure1.call(VerifyElementAttributeValueKeyword.groovy)
	at com.kms.katalon.core.webui.keyword.internal.WebUIKeywordMain.runKeyword(WebUIKeywordMain.groovy:20)
	... 19 more]]></system-err>
   </testsuite>
</testsuites>
