<?xml version="1.0" encoding="UTF-8"?>
<testsuites name="Admin_Pretest Postest - Search" time="902.014" tests="10" failures="1" errors="0">
   <testsuite name="Admin_Pretest Postest - Search" tests="10" failures="1" errors="0" time="902.014" timestamp="2020-06-17 13:52:57" hostname="ASUS - LAPTOP-D0TPACJ1" id="Test Suites/Alda/Admin_Pretest Postest - Search">
      <properties>
         <property name="deviceName" value=""/>
         <property name="devicePlatform" value=""/>
         <property name="logFolder" value="C:\\Users\\ASUS\\git\\LearningManagementWebs\\Reports\\20200617_135252\\Alda\\Admin_Pretest Postest - Search\\20200617_135252"/>
         <property name="logFiles" value="C:\\Users\\ASUS\\git\\LearningManagementWebs\\Reports\\20200617_135252\\Alda\\Admin_Pretest Postest - Search\\20200617_135252\\execution0.log"/>
         <property name="attachments" value="C:\\Users\\ASUS\\git\\LearningManagementWebs\\Reports\\20200617_135252\\Alda\\Admin_Pretest Postest - Search\\20200617_135252\\1592377501921.png"/>
         <property name="hostName" value="ASUS - LAPTOP-D0TPACJ1"/>
         <property name="os" value="Windows 10 64bit"/>
         <property name="katalonVersion" value="7.0.10.1"/>
         <property name="browser" value="Chrome 83.0.4103.106"/>
         <property name="hostAddress" value="192.168.100.227"/>
         <property name="sessionId" value="7b0abd2b00cff76f0a05d8bf068d18c4"/>
         <property name="seleniumVersion" value="3.141.59"/>
         <property name="proxyInformation" value="ProxyInformation{proxyOption=NO_PROXY, proxyServerType=HTTP, password=, proxyServerAddress=, proxyServerPort=0}"/>
         <property name="platform" value="Windows 10"/>
      </properties>
      <testcase name="Test Cases/Alda/Admin - Manage Test - Pretest Posttest/Search" time="103.005" classname="Test Cases/Alda/Admin - Manage Test - Pretest Posttest/Search" status="PASSED">
         <system-out><![CDATA[2020-06-17 13:52:57 - [TEST_CASE][PASSED] - Test Cases/Alda/Admin - Manage Test - Pretest Posttest/Search: Test Cases/Alda/Admin - Manage Test - Pretest Posttest/Search

2020-06-17 13:52:58 - [TEST_STEP][PASSED] - callTestCase(findTestCase("Christi/Admin/admin login"), ["username":"11666", "password":"Password3"], STOP_ON_FAILURE): Call Test Case 'Test Cases/Christi/Admin/admin login' successfully

2020-06-17 13:52:59 - [TEST_CASE][PASSED] - Test Cases/Christi/Admin/admin login: Test Cases/Christi/Admin/admin login

2020-06-17 13:53:00 - [TEST_STEP][PASSED] - openBrowser(""): Browser is opened with url: ''

2020-06-17 13:53:00 - [MESSAGE][INFO] - Starting 'Chrome' driver

2020-06-17 13:53:00 - [MESSAGE][INFO] - Action delay is set to 0 seconds

2020-06-17 13:53:05 - [MESSAGE][PASSED] - Browser is opened with url: ''

2020-06-17 13:53:05 - [TEST_STEP][PASSED] - navigateToUrl("https://appsrv1.deltadatamandiri.com/ACC_LMS_WEB/#/admNLmn"): Navigate to 'https://appsrv1.deltadatamandiri.com/ACC_LMS_WEB/#/admNLmn' successfully

2020-06-17 13:53:39 - [MESSAGE][PASSED] - Navigate to 'https://appsrv1.deltadatamandiri.com/ACC_LMS_WEB/#/admNLmn' successfully

2020-06-17 13:53:39 - [TEST_STEP][PASSED] - click(findTestObject("Christi/Page_Main/button_login")): Object: 'Object Repository/Christi/Page_Main/button_login' is clicked on

2020-06-17 13:53:49 - [MESSAGE][ERROR] - javascript error: Failed to execute 'elementsFromPoint' on 'Document': The provided double value is non-finite.
  (Session info: chrome=83.0.4103.106)
Build info: version: '3.141.59', revision: 'e82be7d358', time: '2018-11-14T08:25:53'
System info: host: 'LAPTOP-D0TPACJ1', ip: '192.168.100.227', os.name: 'Windows 10', os.arch: 'amd64', os.version: '10.0', java.version: '1.8.0_181'
Driver info: com.kms.katalon.selenium.driver.CChromeDriver
Capabilities {acceptInsecureCerts: false, browserName: chrome, browserVersion: 83.0.4103.106, chrome: {chromedriverVersion: 83.0.4103.39 (ccbf011cb2d2b..., userDataDir: C:\Users\ASUS\AppData\Local...}, goog:chromeOptions: {debuggerAddress: localhost:53466}, javascriptEnabled: true, networkConnectionEnabled: false, pageLoadStrategy: normal, platform: WINDOWS, platformName: WINDOWS, proxy: Proxy(), setWindowRect: true, strictFileInteractability: false, timeouts: {implicit: 0, pageLoad: 300000, script: 30000}, unhandledPromptBehavior: dismiss and notify, webauthn:virtualAuthenticators: true}
Session ID: 46a29f73c320705864e113bfafea29b4

2020-06-17 13:53:54 - [MESSAGE][PASSED] - Object: 'Object Repository/Christi/Page_Main/button_login' is clicked on

2020-06-17 13:53:54 - [TEST_STEP][PASSED] - delay(3): Delayed 3 second(s)

2020-06-17 13:53:57 - [MESSAGE][PASSED] - Delayed 3 second(s)

2020-06-17 13:53:57 - [TEST_STEP][PASSED] - setText(findTestObject("Object Repository/Christi/Page_Main/input_NPK_username"), username): Text '11666' is set on object 'Object Repository/Christi/Page_Main/input_NPK_username'

2020-06-17 13:53:57 - [MESSAGE][PASSED] - Text '11666' is set on object 'Object Repository/Christi/Page_Main/input_NPK_username'

2020-06-17 13:53:57 - [TEST_STEP][PASSED] - setText(findTestObject("Object Repository/Christi/Page_Main/input_Password_password"), password): Text 'Password3' is set on object 'Object Repository/Christi/Page_Main/input_Password_password'

2020-06-17 13:53:58 - [MESSAGE][PASSED] - Text 'Password3' is set on object 'Object Repository/Christi/Page_Main/input_Password_password'

2020-06-17 13:53:58 - [TEST_STEP][PASSED] - delay(5): Delayed 5 second(s)

2020-06-17 13:54:03 - [MESSAGE][PASSED] - Delayed 5 second(s)

2020-06-17 13:54:03 - [TEST_STEP][PASSED] - click(findTestObject("Rizka/Admin/Admin - Login/btnLogin2")): Object: 'Object Repository/Rizka/Admin/Admin - Login/btnLogin2' is clicked on

2020-06-17 13:54:04 - [MESSAGE][PASSED] - Object: 'Object Repository/Rizka/Admin/Admin - Login/btnLogin2' is clicked on

2020-06-17 13:54:04 - [TEST_STEP][PASSED] - delay(5): Delayed 5 second(s)

2020-06-17 13:54:09 - [MESSAGE][PASSED] - Delayed 5 second(s)

2020-06-17 13:54:09 - [MESSAGE][PASSED] - Call Test Case 'Test Cases/Christi/Admin/admin login' successfully

2020-06-17 13:54:09 - [TEST_STEP][PASSED] - delay(3): Delayed 3 second(s)

2020-06-17 13:54:12 - [MESSAGE][PASSED] - Delayed 3 second(s)

2020-06-17 13:54:12 - [TEST_STEP][PASSED] - click(findTestObject("Christi/Page_Dashboard Admin/span_Test Management")): Object: 'Object Repository/Christi/Page_Dashboard Admin/span_Test Management' is clicked on

2020-06-17 13:54:15 - [MESSAGE][PASSED] - Object: 'Object Repository/Christi/Page_Dashboard Admin/span_Test Management' is clicked on

2020-06-17 13:54:15 - [TEST_STEP][PASSED] - click(findTestObject("Christi/Page_Dashboard Admin/span_Pre-Test  Post-Test")): Object: 'Object Repository/Christi/Page_Dashboard Admin/span_Pre-Test  Post-Test' is clicked on

2020-06-17 13:54:15 - [MESSAGE][PASSED] - Object: 'Object Repository/Christi/Page_Dashboard Admin/span_Pre-Test  Post-Test' is clicked on

2020-06-17 13:54:15 - [TEST_STEP][PASSED] - delay(3): Delayed 3 second(s)

2020-06-17 13:54:18 - [MESSAGE][PASSED] - Delayed 3 second(s)

2020-06-17 13:54:18 - [TEST_STEP][PASSED] - click(findTestObject("Alda/Admin - Manage Test/Page_Manage Test/click_search")): Object: 'Object Repository/Alda/Admin - Manage Test/Page_Manage Test/click_search' is clicked on

2020-06-17 13:54:32 - [MESSAGE][PASSED] - Object: 'Object Repository/Alda/Admin - Manage Test/Page_Manage Test/click_search' is clicked on

2020-06-17 13:54:32 - [TEST_STEP][PASSED] - setText(findTestObject("Alda/Admin - Manage Test/Page_Manage Test/input_search"), var_search): Text '1686' is set on object 'Object Repository/Alda/Admin - Manage Test/Page_Manage Test/input_search'

2020-06-17 13:54:33 - [MESSAGE][PASSED] - Text '1686' is set on object 'Object Repository/Alda/Admin - Manage Test/Page_Manage Test/input_search'

2020-06-17 13:54:33 - [TEST_STEP][PASSED] - click(findTestObject("Christi/Page_Manage Test/button_Clear button_app-search-button wi wi-search"), STOP_ON_FAILURE): Object: 'Object Repository/Christi/Page_Manage Test/button_Clear button_app-search-button wi wi-search' is clicked on

2020-06-17 13:54:34 - [MESSAGE][PASSED] - Object: 'Object Repository/Christi/Page_Manage Test/button_Clear button_app-search-button wi wi-search' is clicked on

2020-06-17 13:54:34 - [TEST_STEP][PASSED] - delay(3): Delayed 3 second(s)

2020-06-17 13:54:37 - [MESSAGE][PASSED] - Delayed 3 second(s)

2020-06-17 13:54:37 - [TEST_STEP][PASSED] - if (expected_output == "found"): Object 'Object Repository/Alda/Admin - Manage Test/Page_Manage Test/tap_row' is visible

2020-06-17 13:54:37 - [TEST_STEP][PASSED] - verifyElementVisible(findTestObject("Alda/Admin - Manage Test/Page_Manage Test/tap_row", ["text":var_search])): Object 'Object Repository/Alda/Admin - Manage Test/Page_Manage Test/tap_row' is visible

2020-06-17 13:54:37 - [MESSAGE][PASSED] - Object 'Object Repository/Alda/Admin - Manage Test/Page_Manage Test/tap_row' is visible

2020-06-17 13:54:37 - [TEST_STEP][PASSED] - delay(3): Delayed 3 second(s)

2020-06-17 13:54:40 - [MESSAGE][PASSED] - Delayed 3 second(s)]]></system-out>
         <system-err><![CDATA[]]></system-err>
      </testcase>
      <testcase name="Test Cases/Alda/Admin - Manage Test - Pretest Posttest/Search" time="95.27" classname="Test Cases/Alda/Admin - Manage Test - Pretest Posttest/Search" status="PASSED">
         <system-out><![CDATA[2020-06-17 13:54:41 - [TEST_CASE][PASSED] - Test Cases/Alda/Admin - Manage Test - Pretest Posttest/Search: Test Cases/Alda/Admin - Manage Test - Pretest Posttest/Search

2020-06-17 13:54:41 - [TEST_STEP][PASSED] - callTestCase(findTestCase("Christi/Admin/admin login"), ["username":"11666", "password":"Password3"], STOP_ON_FAILURE): Call Test Case 'Test Cases/Christi/Admin/admin login' successfully

2020-06-17 13:54:41 - [TEST_CASE][PASSED] - Test Cases/Christi/Admin/admin login: Test Cases/Christi/Admin/admin login

2020-06-17 13:54:41 - [TEST_STEP][PASSED] - openBrowser(""): Browser is opened with url: ''

2020-06-17 13:54:41 - [MESSAGE][WARNING] - A browser is already opened. Closing browser and opening a new one

2020-06-17 13:54:41 - [MESSAGE][INFO] - Starting 'Chrome' driver

2020-06-17 13:54:44 - [MESSAGE][PASSED] - Browser is opened with url: ''

2020-06-17 13:54:44 - [TEST_STEP][PASSED] - navigateToUrl("https://appsrv1.deltadatamandiri.com/ACC_LMS_WEB/#/admNLmn"): Navigate to 'https://appsrv1.deltadatamandiri.com/ACC_LMS_WEB/#/admNLmn' successfully

2020-06-17 13:55:15 - [MESSAGE][PASSED] - Navigate to 'https://appsrv1.deltadatamandiri.com/ACC_LMS_WEB/#/admNLmn' successfully

2020-06-17 13:55:15 - [TEST_STEP][PASSED] - click(findTestObject("Christi/Page_Main/button_login")): Object: 'Object Repository/Christi/Page_Main/button_login' is clicked on

2020-06-17 13:55:22 - [MESSAGE][ERROR] - javascript error: Failed to execute 'elementsFromPoint' on 'Document': The provided double value is non-finite.
  (Session info: chrome=83.0.4103.106)
Build info: version: '3.141.59', revision: 'e82be7d358', time: '2018-11-14T08:25:53'
System info: host: 'LAPTOP-D0TPACJ1', ip: '192.168.100.227', os.name: 'Windows 10', os.arch: 'amd64', os.version: '10.0', java.version: '1.8.0_181'
Driver info: com.kms.katalon.selenium.driver.CChromeDriver
Capabilities {acceptInsecureCerts: false, browserName: chrome, browserVersion: 83.0.4103.106, chrome: {chromedriverVersion: 83.0.4103.39 (ccbf011cb2d2b..., userDataDir: C:\Users\ASUS\AppData\Local...}, goog:chromeOptions: {debuggerAddress: localhost:53577}, javascriptEnabled: true, networkConnectionEnabled: false, pageLoadStrategy: normal, platform: WINDOWS, platformName: WINDOWS, proxy: Proxy(), setWindowRect: true, strictFileInteractability: false, timeouts: {implicit: 0, pageLoad: 300000, script: 30000}, unhandledPromptBehavior: dismiss and notify, webauthn:virtualAuthenticators: true}
Session ID: 9cf2e4233b2023c153b0d1287df20659

2020-06-17 13:55:23 - [MESSAGE][PASSED] - Object: 'Object Repository/Christi/Page_Main/button_login' is clicked on

2020-06-17 13:55:23 - [TEST_STEP][PASSED] - delay(3): Delayed 3 second(s)

2020-06-17 13:55:26 - [MESSAGE][PASSED] - Delayed 3 second(s)

2020-06-17 13:55:26 - [TEST_STEP][PASSED] - setText(findTestObject("Object Repository/Christi/Page_Main/input_NPK_username"), username): Text '11666' is set on object 'Object Repository/Christi/Page_Main/input_NPK_username'

2020-06-17 13:55:27 - [MESSAGE][PASSED] - Text '11666' is set on object 'Object Repository/Christi/Page_Main/input_NPK_username'

2020-06-17 13:55:27 - [TEST_STEP][PASSED] - setText(findTestObject("Object Repository/Christi/Page_Main/input_Password_password"), password): Text 'Password3' is set on object 'Object Repository/Christi/Page_Main/input_Password_password'

2020-06-17 13:55:27 - [MESSAGE][PASSED] - Text 'Password3' is set on object 'Object Repository/Christi/Page_Main/input_Password_password'

2020-06-17 13:55:27 - [TEST_STEP][PASSED] - delay(5): Delayed 5 second(s)

2020-06-17 13:55:32 - [MESSAGE][PASSED] - Delayed 5 second(s)

2020-06-17 13:55:32 - [TEST_STEP][PASSED] - click(findTestObject("Rizka/Admin/Admin - Login/btnLogin2")): Object: 'Object Repository/Rizka/Admin/Admin - Login/btnLogin2' is clicked on

2020-06-17 13:55:33 - [MESSAGE][PASSED] - Object: 'Object Repository/Rizka/Admin/Admin - Login/btnLogin2' is clicked on

2020-06-17 13:55:33 - [TEST_STEP][PASSED] - delay(5): Delayed 5 second(s)

2020-06-17 13:55:38 - [MESSAGE][PASSED] - Delayed 5 second(s)

2020-06-17 13:55:38 - [MESSAGE][PASSED] - Call Test Case 'Test Cases/Christi/Admin/admin login' successfully

2020-06-17 13:55:38 - [TEST_STEP][PASSED] - delay(3): Delayed 3 second(s)

2020-06-17 13:55:41 - [MESSAGE][PASSED] - Delayed 3 second(s)

2020-06-17 13:55:41 - [TEST_STEP][PASSED] - click(findTestObject("Christi/Page_Dashboard Admin/span_Test Management")): Object: 'Object Repository/Christi/Page_Dashboard Admin/span_Test Management' is clicked on

2020-06-17 13:55:42 - [MESSAGE][PASSED] - Object: 'Object Repository/Christi/Page_Dashboard Admin/span_Test Management' is clicked on

2020-06-17 13:55:42 - [TEST_STEP][PASSED] - click(findTestObject("Christi/Page_Dashboard Admin/span_Pre-Test  Post-Test")): Object: 'Object Repository/Christi/Page_Dashboard Admin/span_Pre-Test  Post-Test' is clicked on

2020-06-17 13:55:42 - [MESSAGE][PASSED] - Object: 'Object Repository/Christi/Page_Dashboard Admin/span_Pre-Test  Post-Test' is clicked on

2020-06-17 13:55:42 - [TEST_STEP][PASSED] - delay(3): Delayed 3 second(s)

2020-06-17 13:55:45 - [MESSAGE][PASSED] - Delayed 3 second(s)

2020-06-17 13:55:45 - [TEST_STEP][PASSED] - click(findTestObject("Alda/Admin - Manage Test/Page_Manage Test/click_search")): Object: 'Object Repository/Alda/Admin - Manage Test/Page_Manage Test/click_search' is clicked on

2020-06-17 13:55:57 - [MESSAGE][PASSED] - Object: 'Object Repository/Alda/Admin - Manage Test/Page_Manage Test/click_search' is clicked on

2020-06-17 13:55:57 - [TEST_STEP][PASSED] - setText(findTestObject("Alda/Admin - Manage Test/Page_Manage Test/input_search"), var_search): Text 'pilihanganda' is set on object 'Object Repository/Alda/Admin - Manage Test/Page_Manage Test/input_search'

2020-06-17 13:55:58 - [MESSAGE][PASSED] - Text 'pilihanganda' is set on object 'Object Repository/Alda/Admin - Manage Test/Page_Manage Test/input_search'

2020-06-17 13:55:58 - [TEST_STEP][PASSED] - click(findTestObject("Christi/Page_Manage Test/button_Clear button_app-search-button wi wi-search"), STOP_ON_FAILURE): Object: 'Object Repository/Christi/Page_Manage Test/button_Clear button_app-search-button wi wi-search' is clicked on

2020-06-17 13:55:58 - [MESSAGE][PASSED] - Object: 'Object Repository/Christi/Page_Manage Test/button_Clear button_app-search-button wi wi-search' is clicked on

2020-06-17 13:55:58 - [TEST_STEP][PASSED] - delay(3): Delayed 3 second(s)

2020-06-17 13:56:01 - [MESSAGE][PASSED] - Delayed 3 second(s)

2020-06-17 13:56:01 - [TEST_STEP][PASSED] - if (expected_output == "found"): Object 'Object Repository/Alda/Admin - Manage Test/Page_Manage Test/tap_row' is visible

2020-06-17 13:56:01 - [TEST_STEP][PASSED] - verifyElementVisible(findTestObject("Alda/Admin - Manage Test/Page_Manage Test/tap_row", ["text":var_search])): Object 'Object Repository/Alda/Admin - Manage Test/Page_Manage Test/tap_row' is visible

2020-06-17 13:56:13 - [MESSAGE][PASSED] - Object 'Object Repository/Alda/Admin - Manage Test/Page_Manage Test/tap_row' is visible

2020-06-17 13:56:13 - [TEST_STEP][PASSED] - delay(3): Delayed 3 second(s)

2020-06-17 13:56:16 - [MESSAGE][PASSED] - Delayed 3 second(s)]]></system-out>
         <system-err><![CDATA[]]></system-err>
      </testcase>
      <testcase name="Test Cases/Alda/Admin - Manage Test - Pretest Posttest/Search" time="97.302" classname="Test Cases/Alda/Admin - Manage Test - Pretest Posttest/Search" status="PASSED">
         <system-out><![CDATA[2020-06-17 13:56:16 - [TEST_CASE][PASSED] - Test Cases/Alda/Admin - Manage Test - Pretest Posttest/Search: Test Cases/Alda/Admin - Manage Test - Pretest Posttest/Search

2020-06-17 13:56:16 - [TEST_STEP][PASSED] - callTestCase(findTestCase("Christi/Admin/admin login"), ["username":"11666", "password":"Password3"], STOP_ON_FAILURE): Call Test Case 'Test Cases/Christi/Admin/admin login' successfully

2020-06-17 13:56:16 - [TEST_CASE][PASSED] - Test Cases/Christi/Admin/admin login: Test Cases/Christi/Admin/admin login

2020-06-17 13:56:16 - [TEST_STEP][PASSED] - openBrowser(""): Browser is opened with url: ''

2020-06-17 13:56:16 - [MESSAGE][WARNING] - A browser is already opened. Closing browser and opening a new one

2020-06-17 13:56:17 - [MESSAGE][INFO] - Starting 'Chrome' driver

2020-06-17 13:56:19 - [MESSAGE][PASSED] - Browser is opened with url: ''

2020-06-17 13:56:19 - [TEST_STEP][PASSED] - navigateToUrl("https://appsrv1.deltadatamandiri.com/ACC_LMS_WEB/#/admNLmn"): Navigate to 'https://appsrv1.deltadatamandiri.com/ACC_LMS_WEB/#/admNLmn' successfully

2020-06-17 13:56:50 - [MESSAGE][PASSED] - Navigate to 'https://appsrv1.deltadatamandiri.com/ACC_LMS_WEB/#/admNLmn' successfully

2020-06-17 13:56:50 - [TEST_STEP][PASSED] - click(findTestObject("Christi/Page_Main/button_login")): Object: 'Object Repository/Christi/Page_Main/button_login' is clicked on

2020-06-17 13:56:59 - [MESSAGE][ERROR] - javascript error: Failed to execute 'elementsFromPoint' on 'Document': The provided double value is non-finite.
  (Session info: chrome=83.0.4103.106)
Build info: version: '3.141.59', revision: 'e82be7d358', time: '2018-11-14T08:25:53'
System info: host: 'LAPTOP-D0TPACJ1', ip: '192.168.100.227', os.name: 'Windows 10', os.arch: 'amd64', os.version: '10.0', java.version: '1.8.0_181'
Driver info: com.kms.katalon.selenium.driver.CChromeDriver
Capabilities {acceptInsecureCerts: false, browserName: chrome, browserVersion: 83.0.4103.106, chrome: {chromedriverVersion: 83.0.4103.39 (ccbf011cb2d2b..., userDataDir: C:\Users\ASUS\AppData\Local...}, goog:chromeOptions: {debuggerAddress: localhost:53651}, javascriptEnabled: true, networkConnectionEnabled: false, pageLoadStrategy: normal, platform: WINDOWS, platformName: WINDOWS, proxy: Proxy(), setWindowRect: true, strictFileInteractability: false, timeouts: {implicit: 0, pageLoad: 300000, script: 30000}, unhandledPromptBehavior: dismiss and notify, webauthn:virtualAuthenticators: true}
Session ID: a60268e84597db061995558983d3f2d9

2020-06-17 13:56:59 - [MESSAGE][PASSED] - Object: 'Object Repository/Christi/Page_Main/button_login' is clicked on

2020-06-17 13:56:59 - [TEST_STEP][PASSED] - delay(3): Delayed 3 second(s)

2020-06-17 13:57:02 - [MESSAGE][PASSED] - Delayed 3 second(s)

2020-06-17 13:57:02 - [TEST_STEP][PASSED] - setText(findTestObject("Object Repository/Christi/Page_Main/input_NPK_username"), username): Text '11666' is set on object 'Object Repository/Christi/Page_Main/input_NPK_username'

2020-06-17 13:57:03 - [MESSAGE][PASSED] - Text '11666' is set on object 'Object Repository/Christi/Page_Main/input_NPK_username'

2020-06-17 13:57:03 - [TEST_STEP][PASSED] - setText(findTestObject("Object Repository/Christi/Page_Main/input_Password_password"), password): Text 'Password3' is set on object 'Object Repository/Christi/Page_Main/input_Password_password'

2020-06-17 13:57:04 - [MESSAGE][PASSED] - Text 'Password3' is set on object 'Object Repository/Christi/Page_Main/input_Password_password'

2020-06-17 13:57:04 - [TEST_STEP][PASSED] - delay(5): Delayed 5 second(s)

2020-06-17 13:57:09 - [MESSAGE][PASSED] - Delayed 5 second(s)

2020-06-17 13:57:09 - [TEST_STEP][PASSED] - click(findTestObject("Rizka/Admin/Admin - Login/btnLogin2")): Object: 'Object Repository/Rizka/Admin/Admin - Login/btnLogin2' is clicked on

2020-06-17 13:57:09 - [MESSAGE][PASSED] - Object: 'Object Repository/Rizka/Admin/Admin - Login/btnLogin2' is clicked on

2020-06-17 13:57:09 - [TEST_STEP][PASSED] - delay(5): Delayed 5 second(s)

2020-06-17 13:57:14 - [MESSAGE][PASSED] - Delayed 5 second(s)

2020-06-17 13:57:14 - [MESSAGE][PASSED] - Call Test Case 'Test Cases/Christi/Admin/admin login' successfully

2020-06-17 13:57:14 - [TEST_STEP][PASSED] - delay(3): Delayed 3 second(s)

2020-06-17 13:57:17 - [MESSAGE][PASSED] - Delayed 3 second(s)

2020-06-17 13:57:17 - [TEST_STEP][PASSED] - click(findTestObject("Christi/Page_Dashboard Admin/span_Test Management")): Object: 'Object Repository/Christi/Page_Dashboard Admin/span_Test Management' is clicked on

2020-06-17 13:57:22 - [MESSAGE][PASSED] - Object: 'Object Repository/Christi/Page_Dashboard Admin/span_Test Management' is clicked on

2020-06-17 13:57:22 - [TEST_STEP][PASSED] - click(findTestObject("Christi/Page_Dashboard Admin/span_Pre-Test  Post-Test")): Object: 'Object Repository/Christi/Page_Dashboard Admin/span_Pre-Test  Post-Test' is clicked on

2020-06-17 13:57:23 - [MESSAGE][PASSED] - Object: 'Object Repository/Christi/Page_Dashboard Admin/span_Pre-Test  Post-Test' is clicked on

2020-06-17 13:57:23 - [TEST_STEP][PASSED] - delay(3): Delayed 3 second(s)

2020-06-17 13:57:27 - [MESSAGE][PASSED] - Delayed 3 second(s)

2020-06-17 13:57:27 - [TEST_STEP][PASSED] - click(findTestObject("Alda/Admin - Manage Test/Page_Manage Test/click_search")): Object: 'Object Repository/Alda/Admin - Manage Test/Page_Manage Test/click_search' is clicked on

2020-06-17 13:57:37 - [MESSAGE][PASSED] - Object: 'Object Repository/Alda/Admin - Manage Test/Page_Manage Test/click_search' is clicked on

2020-06-17 13:57:37 - [TEST_STEP][PASSED] - setText(findTestObject("Alda/Admin - Manage Test/Page_Manage Test/input_search"), var_search): Text 'pretest' is set on object 'Object Repository/Alda/Admin - Manage Test/Page_Manage Test/input_search'

2020-06-17 13:57:38 - [MESSAGE][PASSED] - Text 'pretest' is set on object 'Object Repository/Alda/Admin - Manage Test/Page_Manage Test/input_search'

2020-06-17 13:57:38 - [TEST_STEP][PASSED] - click(findTestObject("Christi/Page_Manage Test/button_Clear button_app-search-button wi wi-search"), STOP_ON_FAILURE): Object: 'Object Repository/Christi/Page_Manage Test/button_Clear button_app-search-button wi wi-search' is clicked on

2020-06-17 13:57:38 - [MESSAGE][PASSED] - Object: 'Object Repository/Christi/Page_Manage Test/button_Clear button_app-search-button wi wi-search' is clicked on

2020-06-17 13:57:38 - [TEST_STEP][PASSED] - delay(3): Delayed 3 second(s)

2020-06-17 13:57:41 - [MESSAGE][PASSED] - Delayed 3 second(s)

2020-06-17 13:57:41 - [TEST_STEP][PASSED] - if (expected_output == "found"): Object 'Object Repository/Alda/Admin - Manage Test/Page_Manage Test/tap_row' is visible

2020-06-17 13:57:41 - [TEST_STEP][PASSED] - verifyElementVisible(findTestObject("Alda/Admin - Manage Test/Page_Manage Test/tap_row", ["text":var_search])): Object 'Object Repository/Alda/Admin - Manage Test/Page_Manage Test/tap_row' is visible

2020-06-17 13:57:50 - [MESSAGE][PASSED] - Object 'Object Repository/Alda/Admin - Manage Test/Page_Manage Test/tap_row' is visible

2020-06-17 13:57:50 - [TEST_STEP][PASSED] - delay(3): Delayed 3 second(s)

2020-06-17 13:57:53 - [MESSAGE][PASSED] - Delayed 3 second(s)]]></system-out>
         <system-err><![CDATA[]]></system-err>
      </testcase>
      <testcase name="Test Cases/Alda/Admin - Manage Test - Pretest Posttest/Search" time="88.004" classname="Test Cases/Alda/Admin - Manage Test - Pretest Posttest/Search" status="PASSED">
         <system-out><![CDATA[2020-06-17 13:57:53 - [TEST_CASE][PASSED] - Test Cases/Alda/Admin - Manage Test - Pretest Posttest/Search: Test Cases/Alda/Admin - Manage Test - Pretest Posttest/Search

2020-06-17 13:57:53 - [TEST_STEP][PASSED] - callTestCase(findTestCase("Christi/Admin/admin login"), ["username":"11666", "password":"Password3"], STOP_ON_FAILURE): Call Test Case 'Test Cases/Christi/Admin/admin login' successfully

2020-06-17 13:57:54 - [TEST_CASE][PASSED] - Test Cases/Christi/Admin/admin login: Test Cases/Christi/Admin/admin login

2020-06-17 13:57:54 - [TEST_STEP][PASSED] - openBrowser(""): Browser is opened with url: ''

2020-06-17 13:57:54 - [MESSAGE][WARNING] - A browser is already opened. Closing browser and opening a new one

2020-06-17 13:57:55 - [MESSAGE][INFO] - Starting 'Chrome' driver

2020-06-17 13:57:58 - [MESSAGE][PASSED] - Browser is opened with url: ''

2020-06-17 13:57:58 - [TEST_STEP][PASSED] - navigateToUrl("https://appsrv1.deltadatamandiri.com/ACC_LMS_WEB/#/admNLmn"): Navigate to 'https://appsrv1.deltadatamandiri.com/ACC_LMS_WEB/#/admNLmn' successfully

2020-06-17 13:58:26 - [MESSAGE][PASSED] - Navigate to 'https://appsrv1.deltadatamandiri.com/ACC_LMS_WEB/#/admNLmn' successfully

2020-06-17 13:58:26 - [TEST_STEP][PASSED] - click(findTestObject("Christi/Page_Main/button_login")): Object: 'Object Repository/Christi/Page_Main/button_login' is clicked on

2020-06-17 13:58:31 - [MESSAGE][ERROR] - javascript error: Failed to execute 'elementsFromPoint' on 'Document': The provided double value is non-finite.
  (Session info: chrome=83.0.4103.106)
Build info: version: '3.141.59', revision: 'e82be7d358', time: '2018-11-14T08:25:53'
System info: host: 'LAPTOP-D0TPACJ1', ip: '192.168.100.227', os.name: 'Windows 10', os.arch: 'amd64', os.version: '10.0', java.version: '1.8.0_181'
Driver info: com.kms.katalon.selenium.driver.CChromeDriver
Capabilities {acceptInsecureCerts: false, browserName: chrome, browserVersion: 83.0.4103.106, chrome: {chromedriverVersion: 83.0.4103.39 (ccbf011cb2d2b..., userDataDir: C:\Users\ASUS\AppData\Local...}, goog:chromeOptions: {debuggerAddress: localhost:53741}, javascriptEnabled: true, networkConnectionEnabled: false, pageLoadStrategy: normal, platform: WINDOWS, platformName: WINDOWS, proxy: Proxy(), setWindowRect: true, strictFileInteractability: false, timeouts: {implicit: 0, pageLoad: 300000, script: 30000}, unhandledPromptBehavior: dismiss and notify, webauthn:virtualAuthenticators: true}
Session ID: 3e99dc80e0cb4bfd65e7bf83391dd03f

2020-06-17 13:58:32 - [MESSAGE][PASSED] - Object: 'Object Repository/Christi/Page_Main/button_login' is clicked on

2020-06-17 13:58:32 - [TEST_STEP][PASSED] - delay(3): Delayed 3 second(s)

2020-06-17 13:58:35 - [MESSAGE][PASSED] - Delayed 3 second(s)

2020-06-17 13:58:35 - [TEST_STEP][PASSED] - setText(findTestObject("Object Repository/Christi/Page_Main/input_NPK_username"), username): Text '11666' is set on object 'Object Repository/Christi/Page_Main/input_NPK_username'

2020-06-17 13:58:36 - [MESSAGE][PASSED] - Text '11666' is set on object 'Object Repository/Christi/Page_Main/input_NPK_username'

2020-06-17 13:58:36 - [TEST_STEP][PASSED] - setText(findTestObject("Object Repository/Christi/Page_Main/input_Password_password"), password): Text 'Password3' is set on object 'Object Repository/Christi/Page_Main/input_Password_password'

2020-06-17 13:58:36 - [MESSAGE][PASSED] - Text 'Password3' is set on object 'Object Repository/Christi/Page_Main/input_Password_password'

2020-06-17 13:58:36 - [TEST_STEP][PASSED] - delay(5): Delayed 5 second(s)

2020-06-17 13:58:41 - [MESSAGE][PASSED] - Delayed 5 second(s)

2020-06-17 13:58:41 - [TEST_STEP][PASSED] - click(findTestObject("Rizka/Admin/Admin - Login/btnLogin2")): Object: 'Object Repository/Rizka/Admin/Admin - Login/btnLogin2' is clicked on

2020-06-17 13:58:42 - [MESSAGE][PASSED] - Object: 'Object Repository/Rizka/Admin/Admin - Login/btnLogin2' is clicked on

2020-06-17 13:58:42 - [TEST_STEP][PASSED] - delay(5): Delayed 5 second(s)

2020-06-17 13:58:47 - [MESSAGE][PASSED] - Delayed 5 second(s)

2020-06-17 13:58:47 - [MESSAGE][PASSED] - Call Test Case 'Test Cases/Christi/Admin/admin login' successfully

2020-06-17 13:58:47 - [TEST_STEP][PASSED] - delay(3): Delayed 3 second(s)

2020-06-17 13:58:50 - [MESSAGE][PASSED] - Delayed 3 second(s)

2020-06-17 13:58:50 - [TEST_STEP][PASSED] - click(findTestObject("Christi/Page_Dashboard Admin/span_Test Management")): Object: 'Object Repository/Christi/Page_Dashboard Admin/span_Test Management' is clicked on

2020-06-17 13:58:50 - [MESSAGE][PASSED] - Object: 'Object Repository/Christi/Page_Dashboard Admin/span_Test Management' is clicked on

2020-06-17 13:58:50 - [TEST_STEP][PASSED] - click(findTestObject("Christi/Page_Dashboard Admin/span_Pre-Test  Post-Test")): Object: 'Object Repository/Christi/Page_Dashboard Admin/span_Pre-Test  Post-Test' is clicked on

2020-06-17 13:58:51 - [MESSAGE][PASSED] - Object: 'Object Repository/Christi/Page_Dashboard Admin/span_Pre-Test  Post-Test' is clicked on

2020-06-17 13:58:51 - [TEST_STEP][PASSED] - delay(3): Delayed 3 second(s)

2020-06-17 13:58:54 - [MESSAGE][PASSED] - Delayed 3 second(s)

2020-06-17 13:58:54 - [TEST_STEP][PASSED] - click(findTestObject("Alda/Admin - Manage Test/Page_Manage Test/click_search")): Object: 'Object Repository/Alda/Admin - Manage Test/Page_Manage Test/click_search' is clicked on

2020-06-17 13:59:06 - [MESSAGE][PASSED] - Object: 'Object Repository/Alda/Admin - Manage Test/Page_Manage Test/click_search' is clicked on

2020-06-17 13:59:06 - [TEST_STEP][PASSED] - setText(findTestObject("Alda/Admin - Manage Test/Page_Manage Test/input_search"), var_search): Text 'posttest' is set on object 'Object Repository/Alda/Admin - Manage Test/Page_Manage Test/input_search'

2020-06-17 13:59:07 - [MESSAGE][PASSED] - Text 'posttest' is set on object 'Object Repository/Alda/Admin - Manage Test/Page_Manage Test/input_search'

2020-06-17 13:59:07 - [TEST_STEP][PASSED] - click(findTestObject("Christi/Page_Manage Test/button_Clear button_app-search-button wi wi-search"), STOP_ON_FAILURE): Object: 'Object Repository/Christi/Page_Manage Test/button_Clear button_app-search-button wi wi-search' is clicked on

2020-06-17 13:59:08 - [MESSAGE][PASSED] - Object: 'Object Repository/Christi/Page_Manage Test/button_Clear button_app-search-button wi wi-search' is clicked on

2020-06-17 13:59:08 - [TEST_STEP][PASSED] - delay(3): Delayed 3 second(s)

2020-06-17 13:59:11 - [MESSAGE][PASSED] - Delayed 3 second(s)

2020-06-17 13:59:11 - [TEST_STEP][PASSED] - if (expected_output == "found"): Object 'Object Repository/Alda/Admin - Manage Test/Page_Manage Test/tap_row' is visible

2020-06-17 13:59:11 - [TEST_STEP][PASSED] - verifyElementVisible(findTestObject("Alda/Admin - Manage Test/Page_Manage Test/tap_row", ["text":var_search])): Object 'Object Repository/Alda/Admin - Manage Test/Page_Manage Test/tap_row' is visible

2020-06-17 13:59:18 - [MESSAGE][PASSED] - Object 'Object Repository/Alda/Admin - Manage Test/Page_Manage Test/tap_row' is visible

2020-06-17 13:59:18 - [TEST_STEP][PASSED] - delay(3): Delayed 3 second(s)

2020-06-17 13:59:21 - [MESSAGE][PASSED] - Delayed 3 second(s)]]></system-out>
         <system-err><![CDATA[]]></system-err>
      </testcase>
      <testcase name="Test Cases/Alda/Admin - Manage Test - Pretest Posttest/Search" time="94.227" classname="Test Cases/Alda/Admin - Manage Test - Pretest Posttest/Search" status="PASSED">
         <system-out><![CDATA[2020-06-17 13:59:21 - [TEST_CASE][PASSED] - Test Cases/Alda/Admin - Manage Test - Pretest Posttest/Search: Test Cases/Alda/Admin - Manage Test - Pretest Posttest/Search

2020-06-17 13:59:21 - [TEST_STEP][PASSED] - callTestCase(findTestCase("Christi/Admin/admin login"), ["username":"11666", "password":"Password3"], STOP_ON_FAILURE): Call Test Case 'Test Cases/Christi/Admin/admin login' successfully

2020-06-17 13:59:21 - [TEST_CASE][PASSED] - Test Cases/Christi/Admin/admin login: Test Cases/Christi/Admin/admin login

2020-06-17 13:59:21 - [TEST_STEP][PASSED] - openBrowser(""): Browser is opened with url: ''

2020-06-17 13:59:21 - [MESSAGE][WARNING] - A browser is already opened. Closing browser and opening a new one

2020-06-17 13:59:22 - [MESSAGE][INFO] - Starting 'Chrome' driver

2020-06-17 13:59:25 - [MESSAGE][PASSED] - Browser is opened with url: ''

2020-06-17 13:59:25 - [TEST_STEP][PASSED] - navigateToUrl("https://appsrv1.deltadatamandiri.com/ACC_LMS_WEB/#/admNLmn"): Navigate to 'https://appsrv1.deltadatamandiri.com/ACC_LMS_WEB/#/admNLmn' successfully

2020-06-17 14:00:01 - [MESSAGE][PASSED] - Navigate to 'https://appsrv1.deltadatamandiri.com/ACC_LMS_WEB/#/admNLmn' successfully

2020-06-17 14:00:01 - [TEST_STEP][PASSED] - click(findTestObject("Christi/Page_Main/button_login")): Object: 'Object Repository/Christi/Page_Main/button_login' is clicked on

2020-06-17 14:00:06 - [MESSAGE][ERROR] - javascript error: Failed to execute 'elementsFromPoint' on 'Document': The provided double value is non-finite.
  (Session info: chrome=83.0.4103.106)
Build info: version: '3.141.59', revision: 'e82be7d358', time: '2018-11-14T08:25:53'
System info: host: 'LAPTOP-D0TPACJ1', ip: '192.168.100.227', os.name: 'Windows 10', os.arch: 'amd64', os.version: '10.0', java.version: '1.8.0_181'
Driver info: com.kms.katalon.selenium.driver.CChromeDriver
Capabilities {acceptInsecureCerts: false, browserName: chrome, browserVersion: 83.0.4103.106, chrome: {chromedriverVersion: 83.0.4103.39 (ccbf011cb2d2b..., userDataDir: C:\Users\ASUS\AppData\Local...}, goog:chromeOptions: {debuggerAddress: localhost:53807}, javascriptEnabled: true, networkConnectionEnabled: false, pageLoadStrategy: normal, platform: WINDOWS, platformName: WINDOWS, proxy: Proxy(), setWindowRect: true, strictFileInteractability: false, timeouts: {implicit: 0, pageLoad: 300000, script: 30000}, unhandledPromptBehavior: dismiss and notify, webauthn:virtualAuthenticators: true}
Session ID: 55a7729955db46b4b44ff4bb21254e27

2020-06-17 14:00:07 - [MESSAGE][PASSED] - Object: 'Object Repository/Christi/Page_Main/button_login' is clicked on

2020-06-17 14:00:07 - [TEST_STEP][PASSED] - delay(3): Delayed 3 second(s)

2020-06-17 14:00:10 - [MESSAGE][PASSED] - Delayed 3 second(s)

2020-06-17 14:00:10 - [TEST_STEP][PASSED] - setText(findTestObject("Object Repository/Christi/Page_Main/input_NPK_username"), username): Text '11666' is set on object 'Object Repository/Christi/Page_Main/input_NPK_username'

2020-06-17 14:00:11 - [MESSAGE][PASSED] - Text '11666' is set on object 'Object Repository/Christi/Page_Main/input_NPK_username'

2020-06-17 14:00:11 - [TEST_STEP][PASSED] - setText(findTestObject("Object Repository/Christi/Page_Main/input_Password_password"), password): Text 'Password3' is set on object 'Object Repository/Christi/Page_Main/input_Password_password'

2020-06-17 14:00:12 - [MESSAGE][PASSED] - Text 'Password3' is set on object 'Object Repository/Christi/Page_Main/input_Password_password'

2020-06-17 14:00:12 - [TEST_STEP][PASSED] - delay(5): Delayed 5 second(s)

2020-06-17 14:00:17 - [MESSAGE][PASSED] - Delayed 5 second(s)

2020-06-17 14:00:17 - [TEST_STEP][PASSED] - click(findTestObject("Rizka/Admin/Admin - Login/btnLogin2")): Object: 'Object Repository/Rizka/Admin/Admin - Login/btnLogin2' is clicked on

2020-06-17 14:00:17 - [MESSAGE][PASSED] - Object: 'Object Repository/Rizka/Admin/Admin - Login/btnLogin2' is clicked on

2020-06-17 14:00:17 - [TEST_STEP][PASSED] - delay(5): Delayed 5 second(s)

2020-06-17 14:00:22 - [MESSAGE][PASSED] - Delayed 5 second(s)

2020-06-17 14:00:22 - [MESSAGE][PASSED] - Call Test Case 'Test Cases/Christi/Admin/admin login' successfully

2020-06-17 14:00:22 - [TEST_STEP][PASSED] - delay(3): Delayed 3 second(s)

2020-06-17 14:00:25 - [MESSAGE][PASSED] - Delayed 3 second(s)

2020-06-17 14:00:25 - [TEST_STEP][PASSED] - click(findTestObject("Christi/Page_Dashboard Admin/span_Test Management")): Object: 'Object Repository/Christi/Page_Dashboard Admin/span_Test Management' is clicked on

2020-06-17 14:00:25 - [MESSAGE][PASSED] - Object: 'Object Repository/Christi/Page_Dashboard Admin/span_Test Management' is clicked on

2020-06-17 14:00:25 - [TEST_STEP][PASSED] - click(findTestObject("Christi/Page_Dashboard Admin/span_Pre-Test  Post-Test")): Object: 'Object Repository/Christi/Page_Dashboard Admin/span_Pre-Test  Post-Test' is clicked on

2020-06-17 14:00:26 - [MESSAGE][PASSED] - Object: 'Object Repository/Christi/Page_Dashboard Admin/span_Pre-Test  Post-Test' is clicked on

2020-06-17 14:00:26 - [TEST_STEP][PASSED] - delay(3): Delayed 3 second(s)

2020-06-17 14:00:29 - [MESSAGE][PASSED] - Delayed 3 second(s)

2020-06-17 14:00:29 - [TEST_STEP][PASSED] - click(findTestObject("Alda/Admin - Manage Test/Page_Manage Test/click_search")): Object: 'Object Repository/Alda/Admin - Manage Test/Page_Manage Test/click_search' is clicked on

2020-06-17 14:00:38 - [MESSAGE][PASSED] - Object: 'Object Repository/Alda/Admin - Manage Test/Page_Manage Test/click_search' is clicked on

2020-06-17 14:00:38 - [TEST_STEP][PASSED] - setText(findTestObject("Alda/Admin - Manage Test/Page_Manage Test/input_search"), var_search): Text 'SALES' is set on object 'Object Repository/Alda/Admin - Manage Test/Page_Manage Test/input_search'

2020-06-17 14:00:39 - [MESSAGE][PASSED] - Text 'SALES' is set on object 'Object Repository/Alda/Admin - Manage Test/Page_Manage Test/input_search'

2020-06-17 14:00:39 - [TEST_STEP][PASSED] - click(findTestObject("Christi/Page_Manage Test/button_Clear button_app-search-button wi wi-search"), STOP_ON_FAILURE): Object: 'Object Repository/Christi/Page_Manage Test/button_Clear button_app-search-button wi wi-search' is clicked on

2020-06-17 14:00:40 - [MESSAGE][PASSED] - Object: 'Object Repository/Christi/Page_Manage Test/button_Clear button_app-search-button wi wi-search' is clicked on

2020-06-17 14:00:40 - [TEST_STEP][PASSED] - delay(3): Delayed 3 second(s)

2020-06-17 14:00:43 - [MESSAGE][PASSED] - Delayed 3 second(s)

2020-06-17 14:00:43 - [TEST_STEP][PASSED] - if (expected_output == "found"): Object 'Object Repository/Alda/Admin - Manage Test/Page_Manage Test/tap_row' is visible

2020-06-17 14:00:43 - [TEST_STEP][PASSED] - verifyElementVisible(findTestObject("Alda/Admin - Manage Test/Page_Manage Test/tap_row", ["text":var_search])): Object 'Object Repository/Alda/Admin - Manage Test/Page_Manage Test/tap_row' is visible

2020-06-17 14:00:53 - [MESSAGE][PASSED] - Object 'Object Repository/Alda/Admin - Manage Test/Page_Manage Test/tap_row' is visible

2020-06-17 14:00:53 - [TEST_STEP][PASSED] - delay(3): Delayed 3 second(s)

2020-06-17 14:00:56 - [MESSAGE][PASSED] - Delayed 3 second(s)]]></system-out>
         <system-err><![CDATA[]]></system-err>
      </testcase>
      <testcase name="Test Cases/Alda/Admin - Manage Test - Pretest Posttest/Search" time="88.033" classname="Test Cases/Alda/Admin - Manage Test - Pretest Posttest/Search" status="PASSED">
         <system-out><![CDATA[2020-06-17 14:00:56 - [TEST_CASE][PASSED] - Test Cases/Alda/Admin - Manage Test - Pretest Posttest/Search: Test Cases/Alda/Admin - Manage Test - Pretest Posttest/Search

2020-06-17 14:00:56 - [TEST_STEP][PASSED] - callTestCase(findTestCase("Christi/Admin/admin login"), ["username":"11666", "password":"Password3"], STOP_ON_FAILURE): Call Test Case 'Test Cases/Christi/Admin/admin login' successfully

2020-06-17 14:00:56 - [TEST_CASE][PASSED] - Test Cases/Christi/Admin/admin login: Test Cases/Christi/Admin/admin login

2020-06-17 14:00:56 - [TEST_STEP][PASSED] - openBrowser(""): Browser is opened with url: ''

2020-06-17 14:00:56 - [MESSAGE][WARNING] - A browser is already opened. Closing browser and opening a new one

2020-06-17 14:00:57 - [MESSAGE][INFO] - Starting 'Chrome' driver

2020-06-17 14:00:59 - [MESSAGE][PASSED] - Browser is opened with url: ''

2020-06-17 14:00:59 - [TEST_STEP][PASSED] - navigateToUrl("https://appsrv1.deltadatamandiri.com/ACC_LMS_WEB/#/admNLmn"): Navigate to 'https://appsrv1.deltadatamandiri.com/ACC_LMS_WEB/#/admNLmn' successfully

2020-06-17 14:01:31 - [MESSAGE][PASSED] - Navigate to 'https://appsrv1.deltadatamandiri.com/ACC_LMS_WEB/#/admNLmn' successfully

2020-06-17 14:01:31 - [TEST_STEP][PASSED] - click(findTestObject("Christi/Page_Main/button_login")): Object: 'Object Repository/Christi/Page_Main/button_login' is clicked on

2020-06-17 14:01:37 - [MESSAGE][ERROR] - javascript error: Failed to execute 'elementsFromPoint' on 'Document': The provided double value is non-finite.
  (Session info: chrome=83.0.4103.106)
Build info: version: '3.141.59', revision: 'e82be7d358', time: '2018-11-14T08:25:53'
System info: host: 'LAPTOP-D0TPACJ1', ip: '192.168.100.227', os.name: 'Windows 10', os.arch: 'amd64', os.version: '10.0', java.version: '1.8.0_181'
Driver info: com.kms.katalon.selenium.driver.CChromeDriver
Capabilities {acceptInsecureCerts: false, browserName: chrome, browserVersion: 83.0.4103.106, chrome: {chromedriverVersion: 83.0.4103.39 (ccbf011cb2d2b..., userDataDir: C:\Users\ASUS\AppData\Local...}, goog:chromeOptions: {debuggerAddress: localhost:53880}, javascriptEnabled: true, networkConnectionEnabled: false, pageLoadStrategy: normal, platform: WINDOWS, platformName: WINDOWS, proxy: Proxy(), setWindowRect: true, strictFileInteractability: false, timeouts: {implicit: 0, pageLoad: 300000, script: 30000}, unhandledPromptBehavior: dismiss and notify, webauthn:virtualAuthenticators: true}
Session ID: 2ad07a202126c3d5f3b60953ea542113

2020-06-17 14:01:38 - [MESSAGE][PASSED] - Object: 'Object Repository/Christi/Page_Main/button_login' is clicked on

2020-06-17 14:01:38 - [TEST_STEP][PASSED] - delay(3): Delayed 3 second(s)

2020-06-17 14:01:41 - [MESSAGE][PASSED] - Delayed 3 second(s)

2020-06-17 14:01:41 - [TEST_STEP][PASSED] - setText(findTestObject("Object Repository/Christi/Page_Main/input_NPK_username"), username): Text '11666' is set on object 'Object Repository/Christi/Page_Main/input_NPK_username'

2020-06-17 14:01:41 - [MESSAGE][PASSED] - Text '11666' is set on object 'Object Repository/Christi/Page_Main/input_NPK_username'

2020-06-17 14:01:41 - [TEST_STEP][PASSED] - setText(findTestObject("Object Repository/Christi/Page_Main/input_Password_password"), password): Text 'Password3' is set on object 'Object Repository/Christi/Page_Main/input_Password_password'

2020-06-17 14:01:42 - [MESSAGE][PASSED] - Text 'Password3' is set on object 'Object Repository/Christi/Page_Main/input_Password_password'

2020-06-17 14:01:42 - [TEST_STEP][PASSED] - delay(5): Delayed 5 second(s)

2020-06-17 14:01:47 - [MESSAGE][PASSED] - Delayed 5 second(s)

2020-06-17 14:01:47 - [TEST_STEP][PASSED] - click(findTestObject("Rizka/Admin/Admin - Login/btnLogin2")): Object: 'Object Repository/Rizka/Admin/Admin - Login/btnLogin2' is clicked on

2020-06-17 14:01:47 - [MESSAGE][PASSED] - Object: 'Object Repository/Rizka/Admin/Admin - Login/btnLogin2' is clicked on

2020-06-17 14:01:47 - [TEST_STEP][PASSED] - delay(5): Delayed 5 second(s)

2020-06-17 14:01:52 - [MESSAGE][PASSED] - Delayed 5 second(s)

2020-06-17 14:01:52 - [MESSAGE][PASSED] - Call Test Case 'Test Cases/Christi/Admin/admin login' successfully

2020-06-17 14:01:52 - [TEST_STEP][PASSED] - delay(3): Delayed 3 second(s)

2020-06-17 14:01:55 - [MESSAGE][PASSED] - Delayed 3 second(s)

2020-06-17 14:01:55 - [TEST_STEP][PASSED] - click(findTestObject("Christi/Page_Dashboard Admin/span_Test Management")): Object: 'Object Repository/Christi/Page_Dashboard Admin/span_Test Management' is clicked on

2020-06-17 14:01:57 - [MESSAGE][PASSED] - Object: 'Object Repository/Christi/Page_Dashboard Admin/span_Test Management' is clicked on

2020-06-17 14:01:57 - [TEST_STEP][PASSED] - click(findTestObject("Christi/Page_Dashboard Admin/span_Pre-Test  Post-Test")): Object: 'Object Repository/Christi/Page_Dashboard Admin/span_Pre-Test  Post-Test' is clicked on

2020-06-17 14:01:58 - [MESSAGE][PASSED] - Object: 'Object Repository/Christi/Page_Dashboard Admin/span_Pre-Test  Post-Test' is clicked on

2020-06-17 14:01:58 - [TEST_STEP][PASSED] - delay(3): Delayed 3 second(s)

2020-06-17 14:02:01 - [MESSAGE][PASSED] - Delayed 3 second(s)

2020-06-17 14:02:01 - [TEST_STEP][PASSED] - click(findTestObject("Alda/Admin - Manage Test/Page_Manage Test/click_search")): Object: 'Object Repository/Alda/Admin - Manage Test/Page_Manage Test/click_search' is clicked on

2020-06-17 14:02:12 - [MESSAGE][PASSED] - Object: 'Object Repository/Alda/Admin - Manage Test/Page_Manage Test/click_search' is clicked on

2020-06-17 14:02:12 - [TEST_STEP][PASSED] - setText(findTestObject("Alda/Admin - Manage Test/Page_Manage Test/input_search"), var_search): Text 'GENERAL' is set on object 'Object Repository/Alda/Admin - Manage Test/Page_Manage Test/input_search'

2020-06-17 14:02:13 - [MESSAGE][PASSED] - Text 'GENERAL' is set on object 'Object Repository/Alda/Admin - Manage Test/Page_Manage Test/input_search'

2020-06-17 14:02:13 - [TEST_STEP][PASSED] - click(findTestObject("Christi/Page_Manage Test/button_Clear button_app-search-button wi wi-search"), STOP_ON_FAILURE): Object: 'Object Repository/Christi/Page_Manage Test/button_Clear button_app-search-button wi wi-search' is clicked on

2020-06-17 14:02:14 - [MESSAGE][PASSED] - Object: 'Object Repository/Christi/Page_Manage Test/button_Clear button_app-search-button wi wi-search' is clicked on

2020-06-17 14:02:14 - [TEST_STEP][PASSED] - delay(3): Delayed 3 second(s)

2020-06-17 14:02:17 - [MESSAGE][PASSED] - Delayed 3 second(s)

2020-06-17 14:02:17 - [TEST_STEP][PASSED] - if (expected_output == "found"): Object 'Object Repository/Alda/Admin - Manage Test/Page_Manage Test/tap_row' is visible

2020-06-17 14:02:17 - [TEST_STEP][PASSED] - verifyElementVisible(findTestObject("Alda/Admin - Manage Test/Page_Manage Test/tap_row", ["text":var_search])): Object 'Object Repository/Alda/Admin - Manage Test/Page_Manage Test/tap_row' is visible

2020-06-17 14:02:21 - [MESSAGE][PASSED] - Object 'Object Repository/Alda/Admin - Manage Test/Page_Manage Test/tap_row' is visible

2020-06-17 14:02:21 - [TEST_STEP][PASSED] - delay(3): Delayed 3 second(s)

2020-06-17 14:02:24 - [MESSAGE][PASSED] - Delayed 3 second(s)]]></system-out>
         <system-err><![CDATA[]]></system-err>
      </testcase>
      <testcase name="Test Cases/Alda/Admin - Manage Test - Pretest Posttest/Search" time="79.57" classname="Test Cases/Alda/Admin - Manage Test - Pretest Posttest/Search" status="PASSED">
         <system-out><![CDATA[2020-06-17 14:02:24 - [TEST_CASE][PASSED] - Test Cases/Alda/Admin - Manage Test - Pretest Posttest/Search: Test Cases/Alda/Admin - Manage Test - Pretest Posttest/Search

2020-06-17 14:02:24 - [TEST_STEP][PASSED] - callTestCase(findTestCase("Christi/Admin/admin login"), ["username":"11666", "password":"Password3"], STOP_ON_FAILURE): Call Test Case 'Test Cases/Christi/Admin/admin login' successfully

2020-06-17 14:02:24 - [TEST_CASE][PASSED] - Test Cases/Christi/Admin/admin login: Test Cases/Christi/Admin/admin login

2020-06-17 14:02:24 - [TEST_STEP][PASSED] - openBrowser(""): Browser is opened with url: ''

2020-06-17 14:02:24 - [MESSAGE][WARNING] - A browser is already opened. Closing browser and opening a new one

2020-06-17 14:02:25 - [MESSAGE][INFO] - Starting 'Chrome' driver

2020-06-17 14:02:28 - [MESSAGE][PASSED] - Browser is opened with url: ''

2020-06-17 14:02:28 - [TEST_STEP][PASSED] - navigateToUrl("https://appsrv1.deltadatamandiri.com/ACC_LMS_WEB/#/admNLmn"): Navigate to 'https://appsrv1.deltadatamandiri.com/ACC_LMS_WEB/#/admNLmn' successfully

2020-06-17 14:02:54 - [MESSAGE][PASSED] - Navigate to 'https://appsrv1.deltadatamandiri.com/ACC_LMS_WEB/#/admNLmn' successfully

2020-06-17 14:02:54 - [TEST_STEP][PASSED] - click(findTestObject("Christi/Page_Main/button_login")): Object: 'Object Repository/Christi/Page_Main/button_login' is clicked on

2020-06-17 14:02:59 - [MESSAGE][ERROR] - javascript error: Failed to execute 'elementsFromPoint' on 'Document': The provided double value is non-finite.
  (Session info: chrome=83.0.4103.106)
Build info: version: '3.141.59', revision: 'e82be7d358', time: '2018-11-14T08:25:53'
System info: host: 'LAPTOP-D0TPACJ1', ip: '192.168.100.227', os.name: 'Windows 10', os.arch: 'amd64', os.version: '10.0', java.version: '1.8.0_181'
Driver info: com.kms.katalon.selenium.driver.CChromeDriver
Capabilities {acceptInsecureCerts: false, browserName: chrome, browserVersion: 83.0.4103.106, chrome: {chromedriverVersion: 83.0.4103.39 (ccbf011cb2d2b..., userDataDir: C:\Users\ASUS\AppData\Local...}, goog:chromeOptions: {debuggerAddress: localhost:53949}, javascriptEnabled: true, networkConnectionEnabled: false, pageLoadStrategy: normal, platform: WINDOWS, platformName: WINDOWS, proxy: Proxy(), setWindowRect: true, strictFileInteractability: false, timeouts: {implicit: 0, pageLoad: 300000, script: 30000}, unhandledPromptBehavior: dismiss and notify, webauthn:virtualAuthenticators: true}
Session ID: ef4a4e758f6430289b0a4f74e2b7a874

2020-06-17 14:03:00 - [MESSAGE][PASSED] - Object: 'Object Repository/Christi/Page_Main/button_login' is clicked on

2020-06-17 14:03:00 - [TEST_STEP][PASSED] - delay(3): Delayed 3 second(s)

2020-06-17 14:03:03 - [MESSAGE][PASSED] - Delayed 3 second(s)

2020-06-17 14:03:03 - [TEST_STEP][PASSED] - setText(findTestObject("Object Repository/Christi/Page_Main/input_NPK_username"), username): Text '11666' is set on object 'Object Repository/Christi/Page_Main/input_NPK_username'

2020-06-17 14:03:04 - [MESSAGE][PASSED] - Text '11666' is set on object 'Object Repository/Christi/Page_Main/input_NPK_username'

2020-06-17 14:03:04 - [TEST_STEP][PASSED] - setText(findTestObject("Object Repository/Christi/Page_Main/input_Password_password"), password): Text 'Password3' is set on object 'Object Repository/Christi/Page_Main/input_Password_password'

2020-06-17 14:03:04 - [MESSAGE][PASSED] - Text 'Password3' is set on object 'Object Repository/Christi/Page_Main/input_Password_password'

2020-06-17 14:03:04 - [TEST_STEP][PASSED] - delay(5): Delayed 5 second(s)

2020-06-17 14:03:09 - [MESSAGE][PASSED] - Delayed 5 second(s)

2020-06-17 14:03:09 - [TEST_STEP][PASSED] - click(findTestObject("Rizka/Admin/Admin - Login/btnLogin2")): Object: 'Object Repository/Rizka/Admin/Admin - Login/btnLogin2' is clicked on

2020-06-17 14:03:10 - [MESSAGE][PASSED] - Object: 'Object Repository/Rizka/Admin/Admin - Login/btnLogin2' is clicked on

2020-06-17 14:03:10 - [TEST_STEP][PASSED] - delay(5): Delayed 5 second(s)

2020-06-17 14:03:15 - [MESSAGE][PASSED] - Delayed 5 second(s)

2020-06-17 14:03:15 - [MESSAGE][PASSED] - Call Test Case 'Test Cases/Christi/Admin/admin login' successfully

2020-06-17 14:03:15 - [TEST_STEP][PASSED] - delay(3): Delayed 3 second(s)

2020-06-17 14:03:18 - [MESSAGE][PASSED] - Delayed 3 second(s)

2020-06-17 14:03:18 - [TEST_STEP][PASSED] - click(findTestObject("Christi/Page_Dashboard Admin/span_Test Management")): Object: 'Object Repository/Christi/Page_Dashboard Admin/span_Test Management' is clicked on

2020-06-17 14:03:19 - [MESSAGE][PASSED] - Object: 'Object Repository/Christi/Page_Dashboard Admin/span_Test Management' is clicked on

2020-06-17 14:03:19 - [TEST_STEP][PASSED] - click(findTestObject("Christi/Page_Dashboard Admin/span_Pre-Test  Post-Test")): Object: 'Object Repository/Christi/Page_Dashboard Admin/span_Pre-Test  Post-Test' is clicked on

2020-06-17 14:03:19 - [MESSAGE][PASSED] - Object: 'Object Repository/Christi/Page_Dashboard Admin/span_Pre-Test  Post-Test' is clicked on

2020-06-17 14:03:19 - [TEST_STEP][PASSED] - delay(3): Delayed 3 second(s)

2020-06-17 14:03:22 - [MESSAGE][PASSED] - Delayed 3 second(s)

2020-06-17 14:03:22 - [TEST_STEP][PASSED] - click(findTestObject("Alda/Admin - Manage Test/Page_Manage Test/click_search")): Object: 'Object Repository/Alda/Admin - Manage Test/Page_Manage Test/click_search' is clicked on

2020-06-17 14:03:32 - [MESSAGE][PASSED] - Object: 'Object Repository/Alda/Admin - Manage Test/Page_Manage Test/click_search' is clicked on

2020-06-17 14:03:32 - [TEST_STEP][PASSED] - setText(findTestObject("Alda/Admin - Manage Test/Page_Manage Test/input_search"), var_search): Text 'NEOP CSO' is set on object 'Object Repository/Alda/Admin - Manage Test/Page_Manage Test/input_search'

2020-06-17 14:03:33 - [MESSAGE][PASSED] - Text 'NEOP CSO' is set on object 'Object Repository/Alda/Admin - Manage Test/Page_Manage Test/input_search'

2020-06-17 14:03:33 - [TEST_STEP][PASSED] - click(findTestObject("Christi/Page_Manage Test/button_Clear button_app-search-button wi wi-search"), STOP_ON_FAILURE): Object: 'Object Repository/Christi/Page_Manage Test/button_Clear button_app-search-button wi wi-search' is clicked on

2020-06-17 14:03:34 - [MESSAGE][PASSED] - Object: 'Object Repository/Christi/Page_Manage Test/button_Clear button_app-search-button wi wi-search' is clicked on

2020-06-17 14:03:34 - [TEST_STEP][PASSED] - delay(3): Delayed 3 second(s)

2020-06-17 14:03:37 - [MESSAGE][PASSED] - Delayed 3 second(s)

2020-06-17 14:03:37 - [TEST_STEP][PASSED] - if (expected_output == "found"): Object 'Object Repository/Alda/Admin - Manage Test/Page_Manage Test/tap_row' is visible

2020-06-17 14:03:37 - [TEST_STEP][PASSED] - verifyElementVisible(findTestObject("Alda/Admin - Manage Test/Page_Manage Test/tap_row", ["text":var_search])): Object 'Object Repository/Alda/Admin - Manage Test/Page_Manage Test/tap_row' is visible

2020-06-17 14:03:40 - [MESSAGE][PASSED] - Object 'Object Repository/Alda/Admin - Manage Test/Page_Manage Test/tap_row' is visible

2020-06-17 14:03:40 - [TEST_STEP][PASSED] - delay(3): Delayed 3 second(s)

2020-06-17 14:03:43 - [MESSAGE][PASSED] - Delayed 3 second(s)]]></system-out>
         <system-err><![CDATA[]]></system-err>
      </testcase>
      <testcase name="Test Cases/Alda/Admin - Manage Test - Pretest Posttest/Search" time="80.134" classname="Test Cases/Alda/Admin - Manage Test - Pretest Posttest/Search" status="FAILED">
         <failure type="FAILED" message="Test Cases/Alda/Admin - Manage Test - Pretest Posttest/Search FAILED.
Reason:
com.kms.katalon.core.exception.StepFailedException: Call Test Case 'Test Cases/Christi/Admin/admin login' failed
	at com.kms.katalon.core.keyword.builtin.CallTestCaseKeyword$_callTestCase_closure1.doCall(CallTestCaseKeyword.groovy:63)
	at com.kms.katalon.core.keyword.builtin.CallTestCaseKeyword$_callTestCase_closure1.call(CallTestCaseKeyword.groovy)
	at com.kms.katalon.core.keyword.internal.KeywordMain.runKeyword(KeywordMain.groovy:68)
	at com.kms.katalon.core.keyword.builtin.CallTestCaseKeyword.callTestCase(CallTestCaseKeyword.groovy:81)
	at com.kms.katalon.core.keyword.builtin.CallTestCaseKeyword.execute(CallTestCaseKeyword.groovy:44)
	at com.kms.katalon.core.keyword.internal.KeywordExecutor.executeKeywordForPlatform(KeywordExecutor.groovy:60)
	at com.kms.katalon.core.keyword.BuiltinKeywords.callTestCase(BuiltinKeywords.groovy:334)
	at Search.run(Search:19)
	at com.kms.katalon.core.main.ScriptEngine.run(ScriptEngine.java:194)
	at com.kms.katalon.core.main.ScriptEngine.runScriptAsRawText(ScriptEngine.java:119)
	at com.kms.katalon.core.main.TestCaseExecutor.runScript(TestCaseExecutor.java:337)
	at com.kms.katalon.core.main.TestCaseExecutor.doExecute(TestCaseExecutor.java:328)
	at com.kms.katalon.core.main.TestCaseExecutor.processExecutionPhase(TestCaseExecutor.java:307)
	at com.kms.katalon.core.main.TestCaseExecutor.accessMainPhase(TestCaseExecutor.java:299)
	at com.kms.katalon.core.main.TestCaseExecutor.execute(TestCaseExecutor.java:233)
	at com.kms.katalon.core.main.TestSuiteExecutor.accessTestCaseMainPhase(TestSuiteExecutor.java:169)
	at com.kms.katalon.core.main.TestSuiteExecutor.accessTestSuiteMainPhase(TestSuiteExecutor.java:142)
	at com.kms.katalon.core.main.TestSuiteExecutor.execute(TestSuiteExecutor.java:91)
	at com.kms.katalon.core.main.TestCaseMain.startTestSuite(TestCaseMain.java:157)
	at com.kms.katalon.core.main.TestCaseMain$startTestSuite$0.call(Unknown Source)
	at TempTestSuite1592376772176.run(TempTestSuite1592376772176.groovy:36)
Caused by: com.kms.katalon.core.exception.StepFailedException: Unable to set text '11666' of object 'Object Repository/Christi/Page_Main/input_NPK_username'
	at com.kms.katalon.core.webui.keyword.internal.WebUIKeywordMain.stepFailed(WebUIKeywordMain.groovy:64)
	at com.kms.katalon.core.webui.keyword.internal.WebUIKeywordMain.runKeyword(WebUIKeywordMain.groovy:26)
	at com.kms.katalon.core.webui.keyword.builtin.SetTextKeyword.setText(SetTextKeyword.groovy:66)
	at com.kms.katalon.core.webui.keyword.builtin.SetTextKeyword.execute(SetTextKeyword.groovy:37)
	at com.kms.katalon.core.keyword.internal.KeywordExecutor.executeKeywordForPlatform(KeywordExecutor.groovy:60)
	at com.kms.katalon.core.webui.keyword.WebUiBuiltInKeywords.setText(WebUiBuiltInKeywords.groovy:950)
	at com.kms.katalon.core.webui.keyword.WebUiBuiltInKeywords$setText$2.call(Unknown Source)
	at admin login.run(admin login:26)
	at com.kms.katalon.core.main.ScriptEngine.run(ScriptEngine.java:194)
	at com.kms.katalon.core.main.ScriptEngine.runScriptAsRawText(ScriptEngine.java:119)
	at com.kms.katalon.core.main.TestCaseExecutor.runScript(TestCaseExecutor.java:337)
	at com.kms.katalon.core.main.TestCaseExecutor.doExecute(TestCaseExecutor.java:328)
	at com.kms.katalon.core.main.TestCaseExecutor.processExecutionPhase(TestCaseExecutor.java:307)
	at com.kms.katalon.core.main.TestCaseExecutor.accessMainPhase(TestCaseExecutor.java:299)
	at com.kms.katalon.core.main.TestCaseExecutor.execute(TestCaseExecutor.java:233)
	at com.kms.katalon.core.main.TestCaseMain.runTestCase(TestCaseMain.java:114)
	at com.kms.katalon.core.keyword.builtin.CallTestCaseKeyword$_callTestCase_closure1.doCall(CallTestCaseKeyword.groovy:59)
	... 20 more
Caused by: org.openqa.selenium.ElementNotInteractableException: element not interactable
  (Session info: chrome=83.0.4103.106)
Build info: version: '3.141.59', revision: 'e82be7d358', time: '2018-11-14T08:25:53'
System info: host: 'LAPTOP-D0TPACJ1', ip: '192.168.100.227', os.name: 'Windows 10', os.arch: 'amd64', os.version: '10.0', java.version: '1.8.0_181'
Driver info: com.kms.katalon.selenium.driver.CChromeDriver
Capabilities {acceptInsecureCerts: false, browserName: chrome, browserVersion: 83.0.4103.106, chrome: {chromedriverVersion: 83.0.4103.39 (ccbf011cb2d2b..., userDataDir: C:\Users\ASUS\AppData\Local...}, goog:chromeOptions: {debuggerAddress: localhost:54018}, javascriptEnabled: true, networkConnectionEnabled: false, pageLoadStrategy: normal, platform: WINDOWS, platformName: WINDOWS, proxy: Proxy(), setWindowRect: true, strictFileInteractability: false, timeouts: {implicit: 0, pageLoad: 300000, script: 30000}, unhandledPromptBehavior: dismiss and notify, webauthn:virtualAuthenticators: true}
Session ID: 55410b9293263f01ec731f540844b14f
	at org.openqa.selenium.remote.http.W3CHttpResponseCodec.createException(W3CHttpResponseCodec.java:187)
	at org.openqa.selenium.remote.http.W3CHttpResponseCodec.decode(W3CHttpResponseCodec.java:122)
	at org.openqa.selenium.remote.http.W3CHttpResponseCodec.decode(W3CHttpResponseCodec.java:49)
	at org.openqa.selenium.remote.HttpCommandExecutor.execute(HttpCommandExecutor.java:158)
	at org.openqa.selenium.remote.service.DriverCommandExecutor.execute(DriverCommandExecutor.java:83)
	at org.openqa.selenium.remote.RemoteWebDriver.execute(RemoteWebDriver.java:552)
	at com.kms.katalon.selenium.driver.CChromeDriver.execute(CChromeDriver.java:19)
	at org.openqa.selenium.remote.RemoteWebElement.execute(RemoteWebElement.java:285)
	at org.openqa.selenium.remote.RemoteWebElement.clear(RemoteWebElement.java:124)
	at org.openqa.selenium.support.events.EventFiringWebDriver$EventFiringWebElement.lambda$new$0(EventFiringWebDriver.java:404)
	at com.sun.proxy.$Proxy9.clear(Unknown Source)
	at org.openqa.selenium.support.events.EventFiringWebDriver$EventFiringWebElement.clear(EventFiringWebDriver.java:436)
	at com.kms.katalon.core.webui.keyword.builtin.SetTextKeyword$_setText_closure1.doCall(SetTextKeyword.groovy:53)
	at com.kms.katalon.core.webui.keyword.builtin.SetTextKeyword$_setText_closure1.call(SetTextKeyword.groovy)
	at com.kms.katalon.core.webui.keyword.internal.WebUIKeywordMain.runKeyword(WebUIKeywordMain.groovy:20)
	... 35 more
"/>
         <system-out><![CDATA[2020-06-17 14:03:43 - [TEST_CASE][FAILED] - Test Cases/Alda/Admin - Manage Test - Pretest Posttest/Search: Test Cases/Alda/Admin - Manage Test - Pretest Posttest/Search FAILED.
Reason:
com.kms.katalon.core.exception.StepFailedException: Call Test Case 'Test Cases/Christi/Admin/admin login' failed
	at com.kms.katalon.core.keyword.builtin.CallTestCaseKeyword$_callTestCase_closure1.doCall(CallTestCaseKeyword.groovy:63)
	at com.kms.katalon.core.keyword.builtin.CallTestCaseKeyword$_callTestCase_closure1.call(CallTestCaseKeyword.groovy)
	at com.kms.katalon.core.keyword.internal.KeywordMain.runKeyword(KeywordMain.groovy:68)
	at com.kms.katalon.core.keyword.builtin.CallTestCaseKeyword.callTestCase(CallTestCaseKeyword.groovy:81)
	at com.kms.katalon.core.keyword.builtin.CallTestCaseKeyword.execute(CallTestCaseKeyword.groovy:44)
	at com.kms.katalon.core.keyword.internal.KeywordExecutor.executeKeywordForPlatform(KeywordExecutor.groovy:60)
	at com.kms.katalon.core.keyword.BuiltinKeywords.callTestCase(BuiltinKeywords.groovy:334)
	at Search.run(Search:19)
	at com.kms.katalon.core.main.ScriptEngine.run(ScriptEngine.java:194)
	at com.kms.katalon.core.main.ScriptEngine.runScriptAsRawText(ScriptEngine.java:119)
	at com.kms.katalon.core.main.TestCaseExecutor.runScript(TestCaseExecutor.java:337)
	at com.kms.katalon.core.main.TestCaseExecutor.doExecute(TestCaseExecutor.java:328)
	at com.kms.katalon.core.main.TestCaseExecutor.processExecutionPhase(TestCaseExecutor.java:307)
	at com.kms.katalon.core.main.TestCaseExecutor.accessMainPhase(TestCaseExecutor.java:299)
	at com.kms.katalon.core.main.TestCaseExecutor.execute(TestCaseExecutor.java:233)
	at com.kms.katalon.core.main.TestSuiteExecutor.accessTestCaseMainPhase(TestSuiteExecutor.java:169)
	at com.kms.katalon.core.main.TestSuiteExecutor.accessTestSuiteMainPhase(TestSuiteExecutor.java:142)
	at com.kms.katalon.core.main.TestSuiteExecutor.execute(TestSuiteExecutor.java:91)
	at com.kms.katalon.core.main.TestCaseMain.startTestSuite(TestCaseMain.java:157)
	at com.kms.katalon.core.main.TestCaseMain$startTestSuite$0.call(Unknown Source)
	at TempTestSuite1592376772176.run(TempTestSuite1592376772176.groovy:36)
Caused by: com.kms.katalon.core.exception.StepFailedException: Unable to set text '11666' of object 'Object Repository/Christi/Page_Main/input_NPK_username'
	at com.kms.katalon.core.webui.keyword.internal.WebUIKeywordMain.stepFailed(WebUIKeywordMain.groovy:64)
	at com.kms.katalon.core.webui.keyword.internal.WebUIKeywordMain.runKeyword(WebUIKeywordMain.groovy:26)
	at com.kms.katalon.core.webui.keyword.builtin.SetTextKeyword.setText(SetTextKeyword.groovy:66)
	at com.kms.katalon.core.webui.keyword.builtin.SetTextKeyword.execute(SetTextKeyword.groovy:37)
	at com.kms.katalon.core.keyword.internal.KeywordExecutor.executeKeywordForPlatform(KeywordExecutor.groovy:60)
	at com.kms.katalon.core.webui.keyword.WebUiBuiltInKeywords.setText(WebUiBuiltInKeywords.groovy:950)
	at com.kms.katalon.core.webui.keyword.WebUiBuiltInKeywords$setText$2.call(Unknown Source)
	at admin login.run(admin login:26)
	at com.kms.katalon.core.main.ScriptEngine.run(ScriptEngine.java:194)
	at com.kms.katalon.core.main.ScriptEngine.runScriptAsRawText(ScriptEngine.java:119)
	at com.kms.katalon.core.main.TestCaseExecutor.runScript(TestCaseExecutor.java:337)
	at com.kms.katalon.core.main.TestCaseExecutor.doExecute(TestCaseExecutor.java:328)
	at com.kms.katalon.core.main.TestCaseExecutor.processExecutionPhase(TestCaseExecutor.java:307)
	at com.kms.katalon.core.main.TestCaseExecutor.accessMainPhase(TestCaseExecutor.java:299)
	at com.kms.katalon.core.main.TestCaseExecutor.execute(TestCaseExecutor.java:233)
	at com.kms.katalon.core.main.TestCaseMain.runTestCase(TestCaseMain.java:114)
	at com.kms.katalon.core.keyword.builtin.CallTestCaseKeyword$_callTestCase_closure1.doCall(CallTestCaseKeyword.groovy:59)
	... 20 more
Caused by: org.openqa.selenium.ElementNotInteractableException: element not interactable
  (Session info: chrome=83.0.4103.106)
Build info: version: '3.141.59', revision: 'e82be7d358', time: '2018-11-14T08:25:53'
System info: host: 'LAPTOP-D0TPACJ1', ip: '192.168.100.227', os.name: 'Windows 10', os.arch: 'amd64', os.version: '10.0', java.version: '1.8.0_181'
Driver info: com.kms.katalon.selenium.driver.CChromeDriver
Capabilities {acceptInsecureCerts: false, browserName: chrome, browserVersion: 83.0.4103.106, chrome: {chromedriverVersion: 83.0.4103.39 (ccbf011cb2d2b..., userDataDir: C:\Users\ASUS\AppData\Local...}, goog:chromeOptions: {debuggerAddress: localhost:54018}, javascriptEnabled: true, networkConnectionEnabled: false, pageLoadStrategy: normal, platform: WINDOWS, platformName: WINDOWS, proxy: Proxy(), setWindowRect: true, strictFileInteractability: false, timeouts: {implicit: 0, pageLoad: 300000, script: 30000}, unhandledPromptBehavior: dismiss and notify, webauthn:virtualAuthenticators: true}
Session ID: 55410b9293263f01ec731f540844b14f
	at org.openqa.selenium.remote.http.W3CHttpResponseCodec.createException(W3CHttpResponseCodec.java:187)
	at org.openqa.selenium.remote.http.W3CHttpResponseCodec.decode(W3CHttpResponseCodec.java:122)
	at org.openqa.selenium.remote.http.W3CHttpResponseCodec.decode(W3CHttpResponseCodec.java:49)
	at org.openqa.selenium.remote.HttpCommandExecutor.execute(HttpCommandExecutor.java:158)
	at org.openqa.selenium.remote.service.DriverCommandExecutor.execute(DriverCommandExecutor.java:83)
	at org.openqa.selenium.remote.RemoteWebDriver.execute(RemoteWebDriver.java:552)
	at com.kms.katalon.selenium.driver.CChromeDriver.execute(CChromeDriver.java:19)
	at org.openqa.selenium.remote.RemoteWebElement.execute(RemoteWebElement.java:285)
	at org.openqa.selenium.remote.RemoteWebElement.clear(RemoteWebElement.java:124)
	at org.openqa.selenium.support.events.EventFiringWebDriver$EventFiringWebElement.lambda$new$0(EventFiringWebDriver.java:404)
	at com.sun.proxy.$Proxy9.clear(Unknown Source)
	at org.openqa.selenium.support.events.EventFiringWebDriver$EventFiringWebElement.clear(EventFiringWebDriver.java:436)
	at com.kms.katalon.core.webui.keyword.builtin.SetTextKeyword$_setText_closure1.doCall(SetTextKeyword.groovy:53)
	at com.kms.katalon.core.webui.keyword.builtin.SetTextKeyword$_setText_closure1.call(SetTextKeyword.groovy)
	at com.kms.katalon.core.webui.keyword.internal.WebUIKeywordMain.runKeyword(WebUIKeywordMain.groovy:20)
	... 35 more


2020-06-17 14:03:43 - [TEST_STEP][FAILED] - callTestCase(findTestCase("Christi/Admin/admin login"), ["username":"11666", "password":"Password3"], STOP_ON_FAILURE): Unable to call Test Case 'Test Cases/Christi/Admin/admin login' (Root cause: com.kms.katalon.core.exception.StepFailedException: Call Test Case 'Test Cases/Christi/Admin/admin login' failed
	at com.kms.katalon.core.keyword.builtin.CallTestCaseKeyword$_callTestCase_closure1.doCall(CallTestCaseKeyword.groovy:63)
	at com.kms.katalon.core.keyword.builtin.CallTestCaseKeyword$_callTestCase_closure1.call(CallTestCaseKeyword.groovy)
	at com.kms.katalon.core.keyword.internal.KeywordMain.runKeyword(KeywordMain.groovy:68)
	at com.kms.katalon.core.keyword.builtin.CallTestCaseKeyword.callTestCase(CallTestCaseKeyword.groovy:81)
	at com.kms.katalon.core.keyword.builtin.CallTestCaseKeyword.execute(CallTestCaseKeyword.groovy:44)
	at com.kms.katalon.core.keyword.internal.KeywordExecutor.executeKeywordForPlatform(KeywordExecutor.groovy:60)
	at com.kms.katalon.core.keyword.BuiltinKeywords.callTestCase(BuiltinKeywords.groovy:334)
	at Search.run(Search:19)
	at com.kms.katalon.core.main.ScriptEngine.run(ScriptEngine.java:194)
	at com.kms.katalon.core.main.ScriptEngine.runScriptAsRawText(ScriptEngine.java:119)
	at com.kms.katalon.core.main.TestCaseExecutor.runScript(TestCaseExecutor.java:337)
	at com.kms.katalon.core.main.TestCaseExecutor.doExecute(TestCaseExecutor.java:328)
	at com.kms.katalon.core.main.TestCaseExecutor.processExecutionPhase(TestCaseExecutor.java:307)
	at com.kms.katalon.core.main.TestCaseExecutor.accessMainPhase(TestCaseExecutor.java:299)
	at com.kms.katalon.core.main.TestCaseExecutor.execute(TestCaseExecutor.java:233)
	at com.kms.katalon.core.main.TestSuiteExecutor.accessTestCaseMainPhase(TestSuiteExecutor.java:169)
	at com.kms.katalon.core.main.TestSuiteExecutor.accessTestSuiteMainPhase(TestSuiteExecutor.java:142)
	at com.kms.katalon.core.main.TestSuiteExecutor.execute(TestSuiteExecutor.java:91)
	at com.kms.katalon.core.main.TestCaseMain.startTestSuite(TestCaseMain.java:157)
	at com.kms.katalon.core.main.TestCaseMain$startTestSuite$0.call(Unknown Source)
	at TempTestSuite1592376772176.run(TempTestSuite1592376772176.groovy:36)
Caused by: com.kms.katalon.core.exception.StepFailedException: Unable to set text '11666' of object 'Object Repository/Christi/Page_Main/input_NPK_username'
	at com.kms.katalon.core.webui.keyword.internal.WebUIKeywordMain.stepFailed(WebUIKeywordMain.groovy:64)
	at com.kms.katalon.core.webui.keyword.internal.WebUIKeywordMain.runKeyword(WebUIKeywordMain.groovy:26)
	at com.kms.katalon.core.webui.keyword.builtin.SetTextKeyword.setText(SetTextKeyword.groovy:66)
	at com.kms.katalon.core.webui.keyword.builtin.SetTextKeyword.execute(SetTextKeyword.groovy:37)
	at com.kms.katalon.core.keyword.internal.KeywordExecutor.executeKeywordForPlatform(KeywordExecutor.groovy:60)
	at com.kms.katalon.core.webui.keyword.WebUiBuiltInKeywords.setText(WebUiBuiltInKeywords.groovy:950)
	at com.kms.katalon.core.webui.keyword.WebUiBuiltInKeywords$setText$2.call(Unknown Source)
	at admin login.run(admin login:26)
	at com.kms.katalon.core.main.ScriptEngine.run(ScriptEngine.java:194)
	at com.kms.katalon.core.main.ScriptEngine.runScriptAsRawText(ScriptEngine.java:119)
	at com.kms.katalon.core.main.TestCaseExecutor.runScript(TestCaseExecutor.java:337)
	at com.kms.katalon.core.main.TestCaseExecutor.doExecute(TestCaseExecutor.java:328)
	at com.kms.katalon.core.main.TestCaseExecutor.processExecutionPhase(TestCaseExecutor.java:307)
	at com.kms.katalon.core.main.TestCaseExecutor.accessMainPhase(TestCaseExecutor.java:299)
	at com.kms.katalon.core.main.TestCaseExecutor.execute(TestCaseExecutor.java:233)
	at com.kms.katalon.core.main.TestCaseMain.runTestCase(TestCaseMain.java:114)
	at com.kms.katalon.core.keyword.builtin.CallTestCaseKeyword$_callTestCase_closure1.doCall(CallTestCaseKeyword.groovy:59)
	... 20 more
Caused by: org.openqa.selenium.ElementNotInteractableException: element not interactable
  (Session info: chrome=83.0.4103.106)
Build info: version: '3.141.59', revision: 'e82be7d358', time: '2018-11-14T08:25:53'
System info: host: 'LAPTOP-D0TPACJ1', ip: '192.168.100.227', os.name: 'Windows 10', os.arch: 'amd64', os.version: '10.0', java.version: '1.8.0_181'
Driver info: com.kms.katalon.selenium.driver.CChromeDriver
Capabilities {acceptInsecureCerts: false, browserName: chrome, browserVersion: 83.0.4103.106, chrome: {chromedriverVersion: 83.0.4103.39 (ccbf011cb2d2b..., userDataDir: C:\Users\ASUS\AppData\Local...}, goog:chromeOptions: {debuggerAddress: localhost:54018}, javascriptEnabled: true, networkConnectionEnabled: false, pageLoadStrategy: normal, platform: WINDOWS, platformName: WINDOWS, proxy: Proxy(), setWindowRect: true, strictFileInteractability: false, timeouts: {implicit: 0, pageLoad: 300000, script: 30000}, unhandledPromptBehavior: dismiss and notify, webauthn:virtualAuthenticators: true}
Session ID: 55410b9293263f01ec731f540844b14f
	at org.openqa.selenium.remote.http.W3CHttpResponseCodec.createException(W3CHttpResponseCodec.java:187)
	at org.openqa.selenium.remote.http.W3CHttpResponseCodec.decode(W3CHttpResponseCodec.java:122)
	at org.openqa.selenium.remote.http.W3CHttpResponseCodec.decode(W3CHttpResponseCodec.java:49)
	at org.openqa.selenium.remote.HttpCommandExecutor.execute(HttpCommandExecutor.java:158)
	at org.openqa.selenium.remote.service.DriverCommandExecutor.execute(DriverCommandExecutor.java:83)
	at org.openqa.selenium.remote.RemoteWebDriver.execute(RemoteWebDriver.java:552)
	at com.kms.katalon.selenium.driver.CChromeDriver.execute(CChromeDriver.java:19)
	at org.openqa.selenium.remote.RemoteWebElement.execute(RemoteWebElement.java:285)
	at org.openqa.selenium.remote.RemoteWebElement.clear(RemoteWebElement.java:124)
	at org.openqa.selenium.support.events.EventFiringWebDriver$EventFiringWebElement.lambda$new$0(EventFiringWebDriver.java:404)
	at com.sun.proxy.$Proxy9.clear(Unknown Source)
	at org.openqa.selenium.support.events.EventFiringWebDriver$EventFiringWebElement.clear(EventFiringWebDriver.java:436)
	at com.kms.katalon.core.webui.keyword.builtin.SetTextKeyword$_setText_closure1.doCall(SetTextKeyword.groovy:53)
	at com.kms.katalon.core.webui.keyword.builtin.SetTextKeyword$_setText_closure1.call(SetTextKeyword.groovy)
	at com.kms.katalon.core.webui.keyword.internal.WebUIKeywordMain.runKeyword(WebUIKeywordMain.groovy:20)
	... 35 more
)

2020-06-17 14:03:43 - [TEST_CASE][FAILED] - Test Cases/Christi/Admin/admin login: Test Cases/Christi/Admin/admin login FAILED.
Reason:
com.kms.katalon.core.exception.StepFailedException: Unable to set text '11666' of object 'Object Repository/Christi/Page_Main/input_NPK_username'
	at com.kms.katalon.core.webui.keyword.internal.WebUIKeywordMain.stepFailed(WebUIKeywordMain.groovy:64)
	at com.kms.katalon.core.webui.keyword.internal.WebUIKeywordMain.runKeyword(WebUIKeywordMain.groovy:26)
	at com.kms.katalon.core.webui.keyword.builtin.SetTextKeyword.setText(SetTextKeyword.groovy:66)
	at com.kms.katalon.core.webui.keyword.builtin.SetTextKeyword.execute(SetTextKeyword.groovy:37)
	at com.kms.katalon.core.keyword.internal.KeywordExecutor.executeKeywordForPlatform(KeywordExecutor.groovy:60)
	at com.kms.katalon.core.webui.keyword.WebUiBuiltInKeywords.setText(WebUiBuiltInKeywords.groovy:950)
	at com.kms.katalon.core.webui.keyword.WebUiBuiltInKeywords$setText$2.call(Unknown Source)
	at admin login.run(admin login:26)
	at com.kms.katalon.core.main.ScriptEngine.run(ScriptEngine.java:194)
	at com.kms.katalon.core.main.ScriptEngine.runScriptAsRawText(ScriptEngine.java:119)
	at com.kms.katalon.core.main.TestCaseExecutor.runScript(TestCaseExecutor.java:337)
	at com.kms.katalon.core.main.TestCaseExecutor.doExecute(TestCaseExecutor.java:328)
	at com.kms.katalon.core.main.TestCaseExecutor.processExecutionPhase(TestCaseExecutor.java:307)
	at com.kms.katalon.core.main.TestCaseExecutor.accessMainPhase(TestCaseExecutor.java:299)
	at com.kms.katalon.core.main.TestCaseExecutor.execute(TestCaseExecutor.java:233)
	at com.kms.katalon.core.main.TestCaseMain.runTestCase(TestCaseMain.java:114)
	at com.kms.katalon.core.keyword.builtin.CallTestCaseKeyword$_callTestCase_closure1.doCall(CallTestCaseKeyword.groovy:59)
	at com.kms.katalon.core.keyword.builtin.CallTestCaseKeyword$_callTestCase_closure1.call(CallTestCaseKeyword.groovy)
	at com.kms.katalon.core.keyword.internal.KeywordMain.runKeyword(KeywordMain.groovy:68)
	at com.kms.katalon.core.keyword.builtin.CallTestCaseKeyword.callTestCase(CallTestCaseKeyword.groovy:81)
	at com.kms.katalon.core.keyword.builtin.CallTestCaseKeyword.execute(CallTestCaseKeyword.groovy:44)
	at com.kms.katalon.core.keyword.internal.KeywordExecutor.executeKeywordForPlatform(KeywordExecutor.groovy:60)
	at com.kms.katalon.core.keyword.BuiltinKeywords.callTestCase(BuiltinKeywords.groovy:334)
	at Search.run(Search:19)
	at com.kms.katalon.core.main.ScriptEngine.run(ScriptEngine.java:194)
	at com.kms.katalon.core.main.ScriptEngine.runScriptAsRawText(ScriptEngine.java:119)
	at com.kms.katalon.core.main.TestCaseExecutor.runScript(TestCaseExecutor.java:337)
	at com.kms.katalon.core.main.TestCaseExecutor.doExecute(TestCaseExecutor.java:328)
	at com.kms.katalon.core.main.TestCaseExecutor.processExecutionPhase(TestCaseExecutor.java:307)
	at com.kms.katalon.core.main.TestCaseExecutor.accessMainPhase(TestCaseExecutor.java:299)
	at com.kms.katalon.core.main.TestCaseExecutor.execute(TestCaseExecutor.java:233)
	at com.kms.katalon.core.main.TestSuiteExecutor.accessTestCaseMainPhase(TestSuiteExecutor.java:169)
	at com.kms.katalon.core.main.TestSuiteExecutor.accessTestSuiteMainPhase(TestSuiteExecutor.java:142)
	at com.kms.katalon.core.main.TestSuiteExecutor.execute(TestSuiteExecutor.java:91)
	at com.kms.katalon.core.main.TestCaseMain.startTestSuite(TestCaseMain.java:157)
	at com.kms.katalon.core.main.TestCaseMain$startTestSuite$0.call(Unknown Source)
	at TempTestSuite1592376772176.run(TempTestSuite1592376772176.groovy:36)
Caused by: org.openqa.selenium.ElementNotInteractableException: element not interactable
  (Session info: chrome=83.0.4103.106)
Build info: version: '3.141.59', revision: 'e82be7d358', time: '2018-11-14T08:25:53'
System info: host: 'LAPTOP-D0TPACJ1', ip: '192.168.100.227', os.name: 'Windows 10', os.arch: 'amd64', os.version: '10.0', java.version: '1.8.0_181'
Driver info: com.kms.katalon.selenium.driver.CChromeDriver
Capabilities {acceptInsecureCerts: false, browserName: chrome, browserVersion: 83.0.4103.106, chrome: {chromedriverVersion: 83.0.4103.39 (ccbf011cb2d2b..., userDataDir: C:\Users\ASUS\AppData\Local...}, goog:chromeOptions: {debuggerAddress: localhost:54018}, javascriptEnabled: true, networkConnectionEnabled: false, pageLoadStrategy: normal, platform: WINDOWS, platformName: WINDOWS, proxy: Proxy(), setWindowRect: true, strictFileInteractability: false, timeouts: {implicit: 0, pageLoad: 300000, script: 30000}, unhandledPromptBehavior: dismiss and notify, webauthn:virtualAuthenticators: true}
Session ID: 55410b9293263f01ec731f540844b14f
	at org.openqa.selenium.remote.http.W3CHttpResponseCodec.createException(W3CHttpResponseCodec.java:187)
	at org.openqa.selenium.remote.http.W3CHttpResponseCodec.decode(W3CHttpResponseCodec.java:122)
	at org.openqa.selenium.remote.http.W3CHttpResponseCodec.decode(W3CHttpResponseCodec.java:49)
	at org.openqa.selenium.remote.HttpCommandExecutor.execute(HttpCommandExecutor.java:158)
	at org.openqa.selenium.remote.service.DriverCommandExecutor.execute(DriverCommandExecutor.java:83)
	at org.openqa.selenium.remote.RemoteWebDriver.execute(RemoteWebDriver.java:552)
	at com.kms.katalon.selenium.driver.CChromeDriver.execute(CChromeDriver.java:19)
	at org.openqa.selenium.remote.RemoteWebElement.execute(RemoteWebElement.java:285)
	at org.openqa.selenium.remote.RemoteWebElement.clear(RemoteWebElement.java:124)
	at org.openqa.selenium.support.events.EventFiringWebDriver$EventFiringWebElement.lambda$new$0(EventFiringWebDriver.java:404)
	at com.sun.proxy.$Proxy9.clear(Unknown Source)
[...]

2020-06-17 14:06:33 - [TEST_CASE][PASSED] - Test Cases/Christi/Admin/admin login: Test Cases/Christi/Admin/admin login

2020-06-17 14:06:33 - [TEST_STEP][PASSED] - openBrowser(""): Browser is opened with url: ''

2020-06-17 14:06:33 - [MESSAGE][WARNING] - A browser is already opened. Closing browser and opening a new one

2020-06-17 14:06:34 - [MESSAGE][INFO] - Starting 'Chrome' driver

2020-06-17 14:06:37 - [MESSAGE][PASSED] - Browser is opened with url: ''

2020-06-17 14:06:37 - [TEST_STEP][PASSED] - navigateToUrl("https://appsrv1.deltadatamandiri.com/ACC_LMS_WEB/#/admNLmn"): Navigate to 'https://appsrv1.deltadatamandiri.com/ACC_LMS_WEB/#/admNLmn' successfully

2020-06-17 14:07:09 - [MESSAGE][PASSED] - Navigate to 'https://appsrv1.deltadatamandiri.com/ACC_LMS_WEB/#/admNLmn' successfully

2020-06-17 14:07:09 - [TEST_STEP][PASSED] - click(findTestObject("Christi/Page_Main/button_login")): Object: 'Object Repository/Christi/Page_Main/button_login' is clicked on

2020-06-17 14:07:16 - [MESSAGE][ERROR] - javascript error: Failed to execute 'elementsFromPoint' on 'Document': The provided double value is non-finite.
  (Session info: chrome=83.0.4103.106)
Build info: version: '3.141.59', revision: 'e82be7d358', time: '2018-11-14T08:25:53'
System info: host: 'LAPTOP-D0TPACJ1', ip: '192.168.100.227', os.name: 'Windows 10', os.arch: 'amd64', os.version: '10.0', java.version: '1.8.0_181'
Driver info: com.kms.katalon.selenium.driver.CChromeDriver
Capabilities {acceptInsecureCerts: false, browserName: chrome, browserVersion: 83.0.4103.106, chrome: {chromedriverVersion: 83.0.4103.39 (ccbf011cb2d2b..., userDataDir: C:\Users\ASUS\AppData\Local...}, goog:chromeOptions: {debuggerAddress: localhost:54217}, javascriptEnabled: true, networkConnectionEnabled: false, pageLoadStrategy: normal, platform: WINDOWS, platformName: WINDOWS, proxy: Proxy(), setWindowRect: true, strictFileInteractability: false, timeouts: {implicit: 0, pageLoad: 300000, script: 30000}, unhandledPromptBehavior: dismiss and notify, webauthn:virtualAuthenticators: true}
Session ID: 7b0abd2b00cff76f0a05d8bf068d18c4

2020-06-17 14:07:17 - [MESSAGE][PASSED] - Object: 'Object Repository/Christi/Page_Main/button_login' is clicked on

2020-06-17 14:07:17 - [TEST_STEP][PASSED] - delay(3): Delayed 3 second(s)

2020-06-17 14:07:20 - [MESSAGE][PASSED] - Delayed 3 second(s)

2020-06-17 14:07:20 - [TEST_STEP][PASSED] - setText(findTestObject("Object Repository/Christi/Page_Main/input_NPK_username"), username): Text '11666' is set on object 'Object Repository/Christi/Page_Main/input_NPK_username'

2020-06-17 14:07:20 - [MESSAGE][PASSED] - Text '11666' is set on object 'Object Repository/Christi/Page_Main/input_NPK_username'

2020-06-17 14:07:20 - [TEST_STEP][PASSED] - setText(findTestObject("Object Repository/Christi/Page_Main/input_Password_password"), password): Text 'Password3' is set on object 'Object Repository/Christi/Page_Main/input_Password_password'

2020-06-17 14:07:21 - [MESSAGE][PASSED] - Text 'Password3' is set on object 'Object Repository/Christi/Page_Main/input_Password_password'

2020-06-17 14:07:21 - [TEST_STEP][PASSED] - delay(5): Delayed 5 second(s)

2020-06-17 14:07:26 - [MESSAGE][PASSED] - Delayed 5 second(s)

2020-06-17 14:07:26 - [TEST_STEP][PASSED] - click(findTestObject("Rizka/Admin/Admin - Login/btnLogin2")): Object: 'Object Repository/Rizka/Admin/Admin - Login/btnLogin2' is clicked on

2020-06-17 14:07:27 - [MESSAGE][PASSED] - Object: 'Object Repository/Rizka/Admin/Admin - Login/btnLogin2' is clicked on

2020-06-17 14:07:27 - [TEST_STEP][PASSED] - delay(5): Delayed 5 second(s)

2020-06-17 14:07:32 - [MESSAGE][PASSED] - Delayed 5 second(s)

2020-06-17 14:07:32 - [MESSAGE][PASSED] - Call Test Case 'Test Cases/Christi/Admin/admin login' successfully

2020-06-17 14:07:32 - [TEST_STEP][PASSED] - delay(3): Delayed 3 second(s)

2020-06-17 14:07:35 - [MESSAGE][PASSED] - Delayed 3 second(s)

2020-06-17 14:07:35 - [TEST_STEP][PASSED] - click(findTestObject("Christi/Page_Dashboard Admin/span_Test Management")): Object: 'Object Repository/Christi/Page_Dashboard Admin/span_Test Management' is clicked on

2020-06-17 14:07:35 - [MESSAGE][PASSED] - Object: 'Object Repository/Christi/Page_Dashboard Admin/span_Test Management' is clicked on

2020-06-17 14:07:35 - [TEST_STEP][PASSED] - click(findTestObject("Christi/Page_Dashboard Admin/span_Pre-Test  Post-Test")): Object: 'Object Repository/Christi/Page_Dashboard Admin/span_Pre-Test  Post-Test' is clicked on

2020-06-17 14:07:36 - [MESSAGE][PASSED] - Object: 'Object Repository/Christi/Page_Dashboard Admin/span_Pre-Test  Post-Test' is clicked on

2020-06-17 14:07:36 - [TEST_STEP][PASSED] - delay(3): Delayed 3 second(s)

2020-06-17 14:07:39 - [MESSAGE][PASSED] - Delayed 3 second(s)

2020-06-17 14:07:39 - [TEST_STEP][PASSED] - click(findTestObject("Alda/Admin - Manage Test/Page_Manage Test/click_search")): Object: 'Object Repository/Alda/Admin - Manage Test/Page_Manage Test/click_search' is clicked on

2020-06-17 14:07:49 - [MESSAGE][PASSED] - Object: 'Object Repository/Alda/Admin - Manage Test/Page_Manage Test/click_search' is clicked on

2020-06-17 14:07:49 - [TEST_STEP][PASSED] - setText(findTestObject("Alda/Admin - Manage Test/Page_Manage Test/input_search"), var_search): Text 'vasdgasdtqweh' is set on object 'Object Repository/Alda/Admin - Manage Test/Page_Manage Test/input_search'

2020-06-17 14:07:50 - [MESSAGE][PASSED] - Text 'vasdgasdtqweh' is set on object 'Object Repository/Alda/Admin - Manage Test/Page_Manage Test/input_search'

2020-06-17 14:07:50 - [TEST_STEP][PASSED] - click(findTestObject("Christi/Page_Manage Test/button_Clear button_app-search-button wi wi-search"), STOP_ON_FAILURE): Object: 'Object Repository/Christi/Page_Manage Test/button_Clear button_app-search-button wi wi-search' is clicked on

2020-06-17 14:07:51 - [MESSAGE][PASSED] - Object: 'Object Repository/Christi/Page_Manage Test/button_Clear button_app-search-button wi wi-search' is clicked on

2020-06-17 14:07:51 - [TEST_STEP][PASSED] - delay(3): Delayed 3 second(s)

2020-06-17 14:07:54 - [MESSAGE][PASSED] - Delayed 3 second(s)

2020-06-17 14:07:54 - [TEST_STEP][PASSED] - if (expected_output == "found"): null

2020-06-17 14:07:54 - [TEST_STEP][PASSED] - else if (expected_output == "not found"): Object: 'Object Repository/Alda/Admin - Manage Test/Page_Manage Test/alert_no_data_found' is clicked on

2020-06-17 14:07:54 - [TEST_STEP][PASSED] - click(findTestObject("Alda/Admin - Manage Test/Page_Manage Test/alert_no_data_found")): Object: 'Object Repository/Alda/Admin - Manage Test/Page_Manage Test/alert_no_data_found' is clicked on

2020-06-17 14:07:54 - [MESSAGE][PASSED] - Object: 'Object Repository/Alda/Admin - Manage Test/Page_Manage Test/alert_no_data_found' is clicked on

2020-06-17 14:07:54 - [TEST_STEP][PASSED] - delay(3): Delayed 3 second(s)

2020-06-17 14:07:57 - [MESSAGE][PASSED] - Delayed 3 second(s)]]></system-out>
         <system-err><![CDATA[]]></system-err>
      </testcase>
      <system-out><![CDATA[2020-06-17 13:52:57 - [TEST_SUITE][FAILED] - Admin_Pretest Postest - Search: Test Cases/Alda/Admin - Manage Test - Pretest Posttest/Search FAILED.
Reason:
com.kms.katalon.core.exception.StepFailedException: Call Test Case 'Test Cases/Christi/Admin/admin login' failed
	at com.kms.katalon.core.keyword.builtin.CallTestCaseKeyword$_callTestCase_closure1.doCall(CallTestCaseKeyword.groovy:63)
	at com.kms.katalon.core.keyword.builtin.CallTestCaseKeyword$_callTestCase_closure1.call(CallTestCaseKeyword.groovy)
	at com.kms.katalon.core.keyword.internal.KeywordMain.runKeyword(KeywordMain.groovy:68)
	at com.kms.katalon.core.keyword.builtin.CallTestCaseKeyword.callTestCase(CallTestCaseKeyword.groovy:81)
	at com.kms.katalon.core.keyword.builtin.CallTestCaseKeyword.execute(CallTestCaseKeyword.groovy:44)
	at com.kms.katalon.core.keyword.internal.KeywordExecutor.executeKeywordForPlatform(KeywordExecutor.groovy:60)
	at com.kms.katalon.core.keyword.BuiltinKeywords.callTestCase(BuiltinKeywords.groovy:334)
	at Search.run(Search:19)
	at com.kms.katalon.core.main.ScriptEngine.run(ScriptEngine.java:194)
	at com.kms.katalon.core.main.ScriptEngine.runScriptAsRawText(ScriptEngine.java:119)
	at com.kms.katalon.core.main.TestCaseExecutor.runScript(TestCaseExecutor.java:337)
	at com.kms.katalon.core.main.TestCaseExecutor.doExecute(TestCaseExecutor.java:328)
	at com.kms.katalon.core.main.TestCaseExecutor.processExecutionPhase(TestCaseExecutor.java:307)
	at com.kms.katalon.core.main.TestCaseExecutor.accessMainPhase(TestCaseExecutor.java:299)
	at com.kms.katalon.core.main.TestCaseExecutor.execute(TestCaseExecutor.java:233)
	at com.kms.katalon.core.main.TestSuiteExecutor.accessTestCaseMainPhase(TestSuiteExecutor.java:169)
	at com.kms.katalon.core.main.TestSuiteExecutor.accessTestSuiteMainPhase(TestSuiteExecutor.java:142)
	at com.kms.katalon.core.main.TestSuiteExecutor.execute(TestSuiteExecutor.java:91)
	at com.kms.katalon.core.main.TestCaseMain.startTestSuite(TestCaseMain.java:157)
	at com.kms.katalon.core.main.TestCaseMain$startTestSuite$0.call(Unknown Source)
	at TempTestSuite1592376772176.run(TempTestSuite1592376772176.groovy:36)
Caused by: com.kms.katalon.core.exception.StepFailedException: Unable to set text '11666' of object 'Object Repository/Christi/Page_Main/input_NPK_username'
	at com.kms.katalon.core.webui.keyword.internal.WebUIKeywordMain.stepFailed(WebUIKeywordMain.groovy:64)
	at com.kms.katalon.core.webui.keyword.internal.WebUIKeywordMain.runKeyword(WebUIKeywordMain.groovy:26)
	at com.kms.katalon.core.webui.keyword.builtin.SetTextKeyword.setText(SetTextKeyword.groovy:66)
	at com.kms.katalon.core.webui.keyword.builtin.SetTextKeyword.execute(SetTextKeyword.groovy:37)
	at com.kms.katalon.core.keyword.internal.KeywordExecutor.executeKeywordForPlatform(KeywordExecutor.groovy:60)
	at com.kms.katalon.core.webui.keyword.WebUiBuiltInKeywords.setText(WebUiBuiltInKeywords.groovy:950)
	at com.kms.katalon.core.webui.keyword.WebUiBuiltInKeywords$setText$2.call(Unknown Source)
	at admin login.run(admin login:26)
	at com.kms.katalon.core.main.ScriptEngine.run(ScriptEngine.java:194)
	at com.kms.katalon.core.main.ScriptEngine.runScriptAsRawText(ScriptEngine.java:119)
	at com.kms.katalon.core.main.TestCaseExecutor.runScript(TestCaseExecutor.java:337)
	at com.kms.katalon.core.main.TestCaseExecutor.doExecute(TestCaseExecutor.java:328)
	at com.kms.katalon.core.main.TestCaseExecutor.processExecutionPhase(TestCaseExecutor.java:307)
	at com.kms.katalon.core.main.TestCaseExecutor.accessMainPhase(TestCaseExecutor.java:299)
	at com.kms.katalon.core.main.TestCaseExecutor.execute(TestCaseExecutor.java:233)
	at com.kms.katalon.core.main.TestCaseMain.runTestCase(TestCaseMain.java:114)
	at com.kms.katalon.core.keyword.builtin.CallTestCaseKeyword$_callTestCase_closure1.doCall(CallTestCaseKeyword.groovy:59)
	... 20 more
Caused by: org.openqa.selenium.ElementNotInteractableException: element not interactable
  (Session info: chrome=83.0.4103.106)
Build info: version: '3.141.59', revision: 'e82be7d358', time: '2018-11-14T08:25:53'
System info: host: 'LAPTOP-D0TPACJ1', ip: '192.168.100.227', os.name: 'Windows 10', os.arch: 'amd64', os.version: '10.0', java.version: '1.8.0_181'
Driver info: com.kms.katalon.selenium.driver.CChromeDriver
Capabilities {acceptInsecureCerts: false, browserName: chrome, browserVersion: 83.0.4103.106, chrome: {chromedriverVersion: 83.0.4103.39 (ccbf011cb2d2b..., userDataDir: C:\Users\ASUS\AppData\Local...}, goog:chromeOptions: {debuggerAddress: localhost:54018}, javascriptEnabled: true, networkConnectionEnabled: false, pageLoadStrategy: normal, platform: WINDOWS, platformName: WINDOWS, proxy: Proxy(), setWindowRect: true, strictFileInteractability: false, timeouts: {implicit: 0, pageLoad: 300000, script: 30000}, unhandledPromptBehavior: dismiss and notify, webauthn:virtualAuthenticators: true}
Session ID: 55410b9293263f01ec731f540844b14f
	at org.openqa.selenium.remote.http.W3CHttpResponseCodec.createException(W3CHttpResponseCodec.java:187)
	at org.openqa.selenium.remote.http.W3CHttpResponseCodec.decode(W3CHttpResponseCodec.java:122)
	at org.openqa.selenium.remote.http.W3CHttpResponseCodec.decode(W3CHttpResponseCodec.java:49)
	at org.openqa.selenium.remote.HttpCommandExecutor.execute(HttpCommandExecutor.java:158)
	at org.openqa.selenium.remote.service.DriverCommandExecutor.execute(DriverCommandExecutor.java:83)
	at org.openqa.selenium.remote.RemoteWebDriver.execute(RemoteWebDriver.java:552)
	at com.kms.katalon.selenium.driver.CChromeDriver.execute(CChromeDriver.java:19)
	at org.openqa.selenium.remote.RemoteWebElement.execute(RemoteWebElement.java:285)
	at org.openqa.selenium.remote.RemoteWebElement.clear(RemoteWebElement.java:124)
	at org.openqa.selenium.support.events.EventFiringWebDriver$EventFiringWebElement.lambda$new$0(EventFiringWebDriver.java:404)
	at com.sun.proxy.$Proxy9.clear(Unknown Source)
	at org.openqa.selenium.support.events.EventFiringWebDriver$EventFiringWebElement.clear(EventFiringWebDriver.java:436)
	at com.kms.katalon.core.webui.keyword.builtin.SetTextKeyword$_setText_closure1.doCall(SetTextKeyword.groovy:53)
	at com.kms.katalon.core.webui.keyword.builtin.SetTextKeyword$_setText_closure1.call(SetTextKeyword.groovy)
	at com.kms.katalon.core.webui.keyword.internal.WebUIKeywordMain.runKeyword(WebUIKeywordMain.groovy:20)
	... 35 more]]></system-out>
      <system-err><![CDATA[2020-06-17 13:52:57 - [TEST_SUITE][FAILED] - Admin_Pretest Postest - Search: Test Cases/Alda/Admin - Manage Test - Pretest Posttest/Search FAILED.
Reason:
com.kms.katalon.core.exception.StepFailedException: Call Test Case 'Test Cases/Christi/Admin/admin login' failed
	at com.kms.katalon.core.keyword.builtin.CallTestCaseKeyword$_callTestCase_closure1.doCall(CallTestCaseKeyword.groovy:63)
	at com.kms.katalon.core.keyword.builtin.CallTestCaseKeyword$_callTestCase_closure1.call(CallTestCaseKeyword.groovy)
	at com.kms.katalon.core.keyword.internal.KeywordMain.runKeyword(KeywordMain.groovy:68)
	at com.kms.katalon.core.keyword.builtin.CallTestCaseKeyword.callTestCase(CallTestCaseKeyword.groovy:81)
	at com.kms.katalon.core.keyword.builtin.CallTestCaseKeyword.execute(CallTestCaseKeyword.groovy:44)
	at com.kms.katalon.core.keyword.internal.KeywordExecutor.executeKeywordForPlatform(KeywordExecutor.groovy:60)
	at com.kms.katalon.core.keyword.BuiltinKeywords.callTestCase(BuiltinKeywords.groovy:334)
	at Search.run(Search:19)
	at com.kms.katalon.core.main.ScriptEngine.run(ScriptEngine.java:194)
	at com.kms.katalon.core.main.ScriptEngine.runScriptAsRawText(ScriptEngine.java:119)
	at com.kms.katalon.core.main.TestCaseExecutor.runScript(TestCaseExecutor.java:337)
	at com.kms.katalon.core.main.TestCaseExecutor.doExecute(TestCaseExecutor.java:328)
	at com.kms.katalon.core.main.TestCaseExecutor.processExecutionPhase(TestCaseExecutor.java:307)
	at com.kms.katalon.core.main.TestCaseExecutor.accessMainPhase(TestCaseExecutor.java:299)
	at com.kms.katalon.core.main.TestCaseExecutor.execute(TestCaseExecutor.java:233)
	at com.kms.katalon.core.main.TestSuiteExecutor.accessTestCaseMainPhase(TestSuiteExecutor.java:169)
	at com.kms.katalon.core.main.TestSuiteExecutor.accessTestSuiteMainPhase(TestSuiteExecutor.java:142)
	at com.kms.katalon.core.main.TestSuiteExecutor.execute(TestSuiteExecutor.java:91)
	at com.kms.katalon.core.main.TestCaseMain.startTestSuite(TestCaseMain.java:157)
	at com.kms.katalon.core.main.TestCaseMain$startTestSuite$0.call(Unknown Source)
	at TempTestSuite1592376772176.run(TempTestSuite1592376772176.groovy:36)
Caused by: com.kms.katalon.core.exception.StepFailedException: Unable to set text '11666' of object 'Object Repository/Christi/Page_Main/input_NPK_username'
	at com.kms.katalon.core.webui.keyword.internal.WebUIKeywordMain.stepFailed(WebUIKeywordMain.groovy:64)
	at com.kms.katalon.core.webui.keyword.internal.WebUIKeywordMain.runKeyword(WebUIKeywordMain.groovy:26)
	at com.kms.katalon.core.webui.keyword.builtin.SetTextKeyword.setText(SetTextKeyword.groovy:66)
	at com.kms.katalon.core.webui.keyword.builtin.SetTextKeyword.execute(SetTextKeyword.groovy:37)
	at com.kms.katalon.core.keyword.internal.KeywordExecutor.executeKeywordForPlatform(KeywordExecutor.groovy:60)
	at com.kms.katalon.core.webui.keyword.WebUiBuiltInKeywords.setText(WebUiBuiltInKeywords.groovy:950)
	at com.kms.katalon.core.webui.keyword.WebUiBuiltInKeywords$setText$2.call(Unknown Source)
	at admin login.run(admin login:26)
	at com.kms.katalon.core.main.ScriptEngine.run(ScriptEngine.java:194)
	at com.kms.katalon.core.main.ScriptEngine.runScriptAsRawText(ScriptEngine.java:119)
	at com.kms.katalon.core.main.TestCaseExecutor.runScript(TestCaseExecutor.java:337)
	at com.kms.katalon.core.main.TestCaseExecutor.doExecute(TestCaseExecutor.java:328)
	at com.kms.katalon.core.main.TestCaseExecutor.processExecutionPhase(TestCaseExecutor.java:307)
	at com.kms.katalon.core.main.TestCaseExecutor.accessMainPhase(TestCaseExecutor.java:299)
	at com.kms.katalon.core.main.TestCaseExecutor.execute(TestCaseExecutor.java:233)
	at com.kms.katalon.core.main.TestCaseMain.runTestCase(TestCaseMain.java:114)
	at com.kms.katalon.core.keyword.builtin.CallTestCaseKeyword$_callTestCase_closure1.doCall(CallTestCaseKeyword.groovy:59)
	... 20 more
Caused by: org.openqa.selenium.ElementNotInteractableException: element not interactable
  (Session info: chrome=83.0.4103.106)
Build info: version: '3.141.59', revision: 'e82be7d358', time: '2018-11-14T08:25:53'
System info: host: 'LAPTOP-D0TPACJ1', ip: '192.168.100.227', os.name: 'Windows 10', os.arch: 'amd64', os.version: '10.0', java.version: '1.8.0_181'
Driver info: com.kms.katalon.selenium.driver.CChromeDriver
Capabilities {acceptInsecureCerts: false, browserName: chrome, browserVersion: 83.0.4103.106, chrome: {chromedriverVersion: 83.0.4103.39 (ccbf011cb2d2b..., userDataDir: C:\Users\ASUS\AppData\Local...}, goog:chromeOptions: {debuggerAddress: localhost:54018}, javascriptEnabled: true, networkConnectionEnabled: false, pageLoadStrategy: normal, platform: WINDOWS, platformName: WINDOWS, proxy: Proxy(), setWindowRect: true, strictFileInteractability: false, timeouts: {implicit: 0, pageLoad: 300000, script: 30000}, unhandledPromptBehavior: dismiss and notify, webauthn:virtualAuthenticators: true}
Session ID: 55410b9293263f01ec731f540844b14f
	at org.openqa.selenium.remote.http.W3CHttpResponseCodec.createException(W3CHttpResponseCodec.java:187)
	at org.openqa.selenium.remote.http.W3CHttpResponseCodec.decode(W3CHttpResponseCodec.java:122)
	at org.openqa.selenium.remote.http.W3CHttpResponseCodec.decode(W3CHttpResponseCodec.java:49)
	at org.openqa.selenium.remote.HttpCommandExecutor.execute(HttpCommandExecutor.java:158)
	at org.openqa.selenium.remote.service.DriverCommandExecutor.execute(DriverCommandExecutor.java:83)
	at org.openqa.selenium.remote.RemoteWebDriver.execute(RemoteWebDriver.java:552)
	at com.kms.katalon.selenium.driver.CChromeDriver.execute(CChromeDriver.java:19)
	at org.openqa.selenium.remote.RemoteWebElement.execute(RemoteWebElement.java:285)
	at org.openqa.selenium.remote.RemoteWebElement.clear(RemoteWebElement.java:124)
	at org.openqa.selenium.support.events.EventFiringWebDriver$EventFiringWebElement.lambda$new$0(EventFiringWebDriver.java:404)
	at com.sun.proxy.$Proxy9.clear(Unknown Source)
	at org.openqa.selenium.support.events.EventFiringWebDriver$EventFiringWebElement.clear(EventFiringWebDriver.java:436)
	at com.kms.katalon.core.webui.keyword.builtin.SetTextKeyword$_setText_closure1.doCall(SetTextKeyword.groovy:53)
	at com.kms.katalon.core.webui.keyword.builtin.SetTextKeyword$_setText_closure1.call(SetTextKeyword.groovy)
	at com.kms.katalon.core.webui.keyword.internal.WebUIKeywordMain.runKeyword(WebUIKeywordMain.groovy:20)
	... 35 more]]></system-err>
   </testsuite>
</testsuites>
